[0.433s] Invoking command in '/home/filip/ad_ws/src/signal_operations': AMENT_PREFIX_PATH=/home/filip/ad_ws/install/ad_ws_interfaces:${AMENT_PREFIX_PATH} CMAKE_PREFIX_PATH=/home/filip/ad_ws/install/ad_ws_interfaces LD_LIBRARY_PATH=/home/filip/ad_ws/install/ad_ws_interfaces/lib:${LD_LIBRARY_PATH} PYTHONPATH=/home/filip/ad_ws/build/signal_operations/prefix_override:/usr/lib/python3/dist-packages/colcon_core/task/python/colcon_distutils_commands:/home/filip/ad_ws/install/signal_operations/lib/python3.10/site-packages:/home/filip/ad_ws/install/ad_ws_interfaces/local/lib/python3.10/dist-packages:${PYTHONPATH} /usr/bin/python3 -W ignore:setup.py install is deprecated setup.py egg_info --egg-base ../../build/signal_operations build --build-base /home/filip/ad_ws/build/signal_operations/build install --record /home/filip/ad_ws/build/signal_operations/install.log --single-version-externally-managed install_data
[0.614s] running egg_info
[0.614s] writing ../../build/signal_operations/signal_operations.egg-info/PKG-INFO
[0.614s] writing dependency_links to ../../build/signal_operations/signal_operations.egg-info/dependency_links.txt
[0.614s] writing entry points to ../../build/signal_operations/signal_operations.egg-info/entry_points.txt
[0.614s] writing requirements to ../../build/signal_operations/signal_operations.egg-info/requires.txt
[0.614s] writing top-level names to ../../build/signal_operations/signal_operations.egg-info/top_level.txt
[0.615s] reading manifest file '../../build/signal_operations/signal_operations.egg-info/SOURCES.txt'
[0.615s] adding license file 'LICENSE'
[0.615s] writing manifest file '../../build/signal_operations/signal_operations.egg-info/SOURCES.txt'
[0.615s] running build
[0.615s] running build_py
[0.615s] running install
[0.615s] running install_lib
[0.616s] running install_data
[0.616s] running install_egg_info
[0.617s] removing '/home/filip/ad_ws/install/signal_operations/lib/python3.10/site-packages/signal_operations-0.0.0-py3.10.egg-info' (and everything under it)
[0.617s] Copying ../../build/signal_operations/signal_operations.egg-info to /home/filip/ad_ws/install/signal_operations/lib/python3.10/site-packages/signal_operations-0.0.0-py3.10.egg-info
[0.617s] running install_scripts
[0.629s] Installing publisher script to /home/filip/ad_ws/install/signal_operations/lib/signal_operations
[0.629s] Installing subsriber script to /home/filip/ad_ws/install/signal_operations/lib/signal_operations
[0.629s] writing list of installed files to '/home/filip/ad_ws/build/signal_operations/install.log'
[0.642s] Invoked command in '/home/filip/ad_ws/src/signal_operations' returned '0': AMENT_PREFIX_PATH=/home/filip/ad_ws/install/ad_ws_interfaces:${AMENT_PREFIX_PATH} CMAKE_PREFIX_PATH=/home/filip/ad_ws/install/ad_ws_interfaces LD_LIBRARY_PATH=/home/filip/ad_ws/install/ad_ws_interfaces/lib:${LD_LIBRARY_PATH} PYTHONPATH=/home/filip/ad_ws/build/signal_operations/prefix_override:/usr/lib/python3/dist-packages/colcon_core/task/python/colcon_distutils_commands:/home/filip/ad_ws/install/signal_operations/lib/python3.10/site-packages:/home/filip/ad_ws/install/ad_ws_interfaces/local/lib/python3.10/dist-packages:${PYTHONPATH} /usr/bin/python3 -W ignore:setup.py install is deprecated setup.py egg_info --egg-base ../../build/signal_operations build --build-base /home/filip/ad_ws/build/signal_operations/build install --record /home/filip/ad_ws/build/signal_operations/install.log --single-version-externally-managed install_data
