[0.465s] Invoking command in '/home/filip/ad_ws/src/signal_operations': CMAKE_PREFIX_PATH=/home/filip/ad_ws/install/ad_ws_interfaces:/home/filip/ad_ws/install/bluespace_ai_xsens_mti_driver PYTHONPATH=/home/filip/ad_ws/build/signal_operations/prefix_override:/usr/lib/python3/dist-packages/colcon_core/task/python/colcon_distutils_commands:/home/filip/ad_ws/install/signal_operations/lib/python3.10/site-packages:${PYTHONPATH} /usr/bin/python3 -W ignore:setup.py install is deprecated setup.py egg_info --egg-base ../../build/signal_operations build --build-base /home/filip/ad_ws/build/signal_operations/build install --record /home/filip/ad_ws/build/signal_operations/install.log --single-version-externally-managed install_data
[0.583s] running egg_info
[0.583s] writing ../../build/signal_operations/signal_operations.egg-info/PKG-INFO
[0.583s] writing dependency_links to ../../build/signal_operations/signal_operations.egg-info/dependency_links.txt
[0.583s] writing entry points to ../../build/signal_operations/signal_operations.egg-info/entry_points.txt
[0.583s] writing requirements to ../../build/signal_operations/signal_operations.egg-info/requires.txt
[0.583s] writing top-level names to ../../build/signal_operations/signal_operations.egg-info/top_level.txt
[0.585s] reading manifest file '../../build/signal_operations/signal_operations.egg-info/SOURCES.txt'
[0.585s] adding license file 'LICENSE'
[0.585s] writing manifest file '../../build/signal_operations/signal_operations.egg-info/SOURCES.txt'
[0.585s] running build
[0.585s] running build_py
[0.585s] copying signal_operations/subscriber_function.py -> /home/filip/ad_ws/build/signal_operations/build/lib/signal_operations
[0.585s] running install
[0.585s] running install_lib
[0.586s] copying /home/filip/ad_ws/build/signal_operations/build/lib/signal_operations/subscriber_function.py -> /home/filip/ad_ws/install/signal_operations/lib/python3.10/site-packages/signal_operations
[0.586s] byte-compiling /home/filip/ad_ws/install/signal_operations/lib/python3.10/site-packages/signal_operations/subscriber_function.py to subscriber_function.cpython-310.pyc
[0.586s] running install_data
[0.587s] running install_egg_info
[0.587s] removing '/home/filip/ad_ws/install/signal_operations/lib/python3.10/site-packages/signal_operations-0.0.0-py3.10.egg-info' (and everything under it)
[0.588s] Copying ../../build/signal_operations/signal_operations.egg-info to /home/filip/ad_ws/install/signal_operations/lib/python3.10/site-packages/signal_operations-0.0.0-py3.10.egg-info
[0.588s] running install_scripts
[0.603s] Installing publisher script to /home/filip/ad_ws/install/signal_operations/lib/signal_operations
[0.604s] Installing subsriber script to /home/filip/ad_ws/install/signal_operations/lib/signal_operations
[0.604s] writing list of installed files to '/home/filip/ad_ws/build/signal_operations/install.log'
[0.630s] Invoked command in '/home/filip/ad_ws/src/signal_operations' returned '0': CMAKE_PREFIX_PATH=/home/filip/ad_ws/install/ad_ws_interfaces:/home/filip/ad_ws/install/bluespace_ai_xsens_mti_driver PYTHONPATH=/home/filip/ad_ws/build/signal_operations/prefix_override:/usr/lib/python3/dist-packages/colcon_core/task/python/colcon_distutils_commands:/home/filip/ad_ws/install/signal_operations/lib/python3.10/site-packages:${PYTHONPATH} /usr/bin/python3 -W ignore:setup.py install is deprecated setup.py egg_info --egg-base ../../build/signal_operations build --build-base /home/filip/ad_ws/build/signal_operations/build install --record /home/filip/ad_ws/build/signal_operations/install.log --single-version-externally-managed install_data
