[0.019s] Invoking command in '/home/filip/ad_ws/build/ad_ws_interfaces': CMAKE_PREFIX_PATH=${CMAKE_PREFIX_PATH}:/home/filip/ad_ws/install/signal_operations:/opt/ros/humble /usr/bin/cmake --build /home/filip/ad_ws/build/ad_ws_interfaces -- -j16 -l16
[0.053s] -- Found ament_cmake: 1.3.10 (/opt/ros/humble/share/ament_cmake/cmake)
[0.253s] -- Found rosidl_default_generators: 1.2.0 (/opt/ros/humble/share/rosidl_default_generators/cmake)
[0.259s] -- Using all available rosidl_typesupport_c: rosidl_typesupport_fastrtps_c;rosidl_typesupport_introspection_c
[0.269s] -- Found rosidl_adapter: 3.1.5 (/opt/ros/humble/share/rosidl_adapter/cmake)
[0.339s] -- Using all available rosidl_typesupport_cpp: rosidl_typesupport_fastrtps_cpp;rosidl_typesupport_introspection_cpp
[0.751s] -- Found ament_cmake_ros: 0.10.0 (/opt/ros/humble/share/ament_cmake_ros/cmake)
[1.037s] -- Using all available rosidl_typesupport_c: rosidl_typesupport_fastrtps_c;rosidl_typesupport_introspection_c
[1.342s] -- Using all available rosidl_typesupport_cpp: rosidl_typesupport_fastrtps_cpp;rosidl_typesupport_introspection_cpp
[1.369s] -- Found PythonInterp: /usr/bin/python3 (found suitable version "3.10.12", minimum required is "3.6") 
[1.371s] -- Found python_cmake_module: 0.10.0 (/opt/ros/humble/share/python_cmake_module/cmake)
[1.403s] -- Found PythonLibs: /usr/lib/x86_64-linux-gnu/libpython3.10.so (found suitable version "3.10.12", minimum required is "3.5") 
[1.403s] -- Using PYTHON_EXECUTABLE: /usr/bin/python3
[1.403s] -- Using PYTHON_INCLUDE_DIRS: /usr/include/python3.10
[1.403s] -- Using PYTHON_LIBRARIES: /usr/lib/x86_64-linux-gnu/libpython3.10.so
[1.427s] -- Found PythonExtra: .so  
[1.476s] -- Configuring done
[1.507s] -- Generating done
[1.509s] -- Build files have been written to: /home/filip/ad_ws/build/ad_ws_interfaces
[1.536s] [  2%] [34m[1mGenerating C code for ROS interfaces[0m
[1.550s] [  5%] [34m[1mGenerating C++ code for ROS interfaces[0m
[1.563s] [  5%] Built target ament_cmake_python_copy_ad_ws_interfaces
[1.933s] [  5%] Built target ad_ws_interfaces__cpp
[1.937s] running egg_info
[1.938s] creating ad_ws_interfaces.egg-info
[1.939s] writing ad_ws_interfaces.egg-info/PKG-INFO
[1.939s] writing dependency_links to ad_ws_interfaces.egg-info/dependency_links.txt
[1.939s] writing top-level names to ad_ws_interfaces.egg-info/top_level.txt
[1.939s] writing manifest file 'ad_ws_interfaces.egg-info/SOURCES.txt'
[1.942s] reading manifest file 'ad_ws_interfaces.egg-info/SOURCES.txt'
[1.943s] writing manifest file 'ad_ws_interfaces.egg-info/SOURCES.txt'
[1.949s] [ 10%] [34m[1mGenerating C++ type support for eProsima Fast-RTPS[0m
[1.949s] [ 10%] [34m[1mGenerating C++ type support dispatch for ROS interfaces[0m
[1.951s] [ 12%] [34m[1mGenerating C++ introspection for ROS interfaces[0m
[1.964s] [ 15%] [32mBuilding C object CMakeFiles/ad_ws_interfaces__rosidl_generator_c.dir/rosidl_generator_c/ad_ws_interfaces/msg/detail/signal__functions.c.o[0m
[1.964s] [ 17%] [32mBuilding C object CMakeFiles/ad_ws_interfaces__rosidl_generator_c.dir/rosidl_generator_c/ad_ws_interfaces/msg/detail/xsens__functions.c.o[0m
[1.987s] [ 17%] Built target ament_cmake_python_build_ad_ws_interfaces_egg
[2.046s] [ 20%] [32m[1mLinking C shared library libad_ws_interfaces__rosidl_generator_c.so[0m
[2.107s] [ 20%] Built target ad_ws_interfaces__rosidl_generator_c
[2.121s] [ 23%] [34m[1mGenerating C type support dispatch for ROS interfaces[0m
[2.122s] [ 25%] [34m[1mGenerating C introspection for ROS interfaces[0m
[2.124s] [ 28%] [34m[1mGenerating C type support for eProsima Fast-RTPS[0m
[2.364s] [ 30%] [32mBuilding CXX object CMakeFiles/ad_ws_interfaces__rosidl_typesupport_fastrtps_cpp.dir/rosidl_typesupport_fastrtps_cpp/ad_ws_interfaces/msg/detail/dds_fastrtps/xsens__type_support.cpp.o[0m
[2.368s] [ 33%] [32mBuilding CXX object CMakeFiles/ad_ws_interfaces__rosidl_typesupport_fastrtps_cpp.dir/rosidl_typesupport_fastrtps_cpp/ad_ws_interfaces/msg/detail/dds_fastrtps/signal__type_support.cpp.o[0m
[2.399s] [ 38%] [32mBuilding CXX object CMakeFiles/ad_ws_interfaces__rosidl_typesupport_cpp.dir/rosidl_typesupport_cpp/ad_ws_interfaces/msg/signal__type_support.cpp.o[0m
[2.400s] [ 38%] [32mBuilding CXX object CMakeFiles/ad_ws_interfaces__rosidl_typesupport_cpp.dir/rosidl_typesupport_cpp/ad_ws_interfaces/msg/xsens__type_support.cpp.o[0m
[2.427s] [ 41%] [32mBuilding CXX object CMakeFiles/ad_ws_interfaces__rosidl_typesupport_introspection_cpp.dir/rosidl_typesupport_introspection_cpp/ad_ws_interfaces/msg/detail/signal__type_support.cpp.o[0m
[2.430s] [ 43%] [32mBuilding CXX object CMakeFiles/ad_ws_interfaces__rosidl_typesupport_introspection_cpp.dir/rosidl_typesupport_introspection_cpp/ad_ws_interfaces/msg/detail/xsens__type_support.cpp.o[0m
[2.502s] [ 46%] [32mBuilding CXX object CMakeFiles/ad_ws_interfaces__rosidl_typesupport_c.dir/rosidl_typesupport_c/ad_ws_interfaces/msg/xsens__type_support.cpp.o[0m
[2.502s] [ 48%] [32mBuilding CXX object CMakeFiles/ad_ws_interfaces__rosidl_typesupport_c.dir/rosidl_typesupport_c/ad_ws_interfaces/msg/signal__type_support.cpp.o[0m
[2.549s] [ 51%] [32mBuilding CXX object CMakeFiles/ad_ws_interfaces__rosidl_typesupport_fastrtps_c.dir/rosidl_typesupport_fastrtps_c/ad_ws_interfaces/msg/detail/xsens__type_support_c.cpp.o[0m
[2.555s] [ 53%] [32mBuilding CXX object CMakeFiles/ad_ws_interfaces__rosidl_typesupport_fastrtps_c.dir/rosidl_typesupport_fastrtps_c/ad_ws_interfaces/msg/detail/signal__type_support_c.cpp.o[0m
[2.558s] [ 56%] [32mBuilding C object CMakeFiles/ad_ws_interfaces__rosidl_typesupport_introspection_c.dir/rosidl_typesupport_introspection_c/ad_ws_interfaces/msg/detail/xsens__type_support.c.o[0m
[2.560s] [ 58%] [32m[1mLinking CXX shared library libad_ws_interfaces__rosidl_typesupport_c.so[0m
[2.563s] [ 61%] [32mBuilding C object CMakeFiles/ad_ws_interfaces__rosidl_typesupport_introspection_c.dir/rosidl_typesupport_introspection_c/ad_ws_interfaces/msg/detail/signal__type_support.c.o[0m
[2.625s] [ 64%] [32m[1mLinking C shared library libad_ws_interfaces__rosidl_typesupport_introspection_c.so[0m
[2.653s] [ 64%] Built target ad_ws_interfaces__rosidl_typesupport_c
[2.671s] [ 64%] Built target ad_ws_interfaces__rosidl_typesupport_introspection_c
[2.978s] [ 66%] [32m[1mLinking CXX shared library libad_ws_interfaces__rosidl_typesupport_cpp.so[0m
[3.054s] [ 66%] Built target ad_ws_interfaces__rosidl_typesupport_cpp
[3.085s] [ 69%] [32m[1mLinking CXX shared library libad_ws_interfaces__rosidl_typesupport_fastrtps_c.so[0m
[3.138s] [ 71%] [32m[1mLinking CXX shared library libad_ws_interfaces__rosidl_typesupport_introspection_cpp.so[0m
[3.139s] [ 74%] [32m[1mLinking CXX shared library libad_ws_interfaces__rosidl_typesupport_fastrtps_cpp.so[0m
[3.198s] [ 74%] Built target ad_ws_interfaces__rosidl_typesupport_fastrtps_c
[3.202s] [ 74%] Built target ad_ws_interfaces__rosidl_typesupport_introspection_cpp
[3.247s] [ 74%] Built target ad_ws_interfaces__rosidl_typesupport_fastrtps_cpp
[3.273s] [ 74%] Built target ad_ws_interfaces
[3.296s] [ 76%] [34m[1mGenerating Python code for ROS interfaces[0m
[3.636s] [ 76%] Built target ad_ws_interfaces__py
[3.663s] [ 79%] [32mBuilding C object CMakeFiles/ad_ws_interfaces__rosidl_generator_py.dir/rosidl_generator_py/ad_ws_interfaces/msg/_xsens_s.c.o[0m
[3.665s] [ 82%] [32mBuilding C object CMakeFiles/ad_ws_interfaces__rosidl_generator_py.dir/rosidl_generator_py/ad_ws_interfaces/msg/_signal_s.c.o[0m
[3.817s] [ 84%] [32m[1mLinking C shared library rosidl_generator_py/ad_ws_interfaces/libad_ws_interfaces__rosidl_generator_py.so[0m
[3.864s] [ 84%] Built target ad_ws_interfaces__rosidl_generator_py
[3.891s] [ 87%] [32mBuilding C object CMakeFiles/ad_ws_interfaces__rosidl_typesupport_introspection_c__pyext.dir/rosidl_generator_py/ad_ws_interfaces/_ad_ws_interfaces_s.ep.rosidl_typesupport_introspection_c.c.o[0m
[3.891s] [ 89%] [32mBuilding C object CMakeFiles/ad_ws_interfaces__rosidl_typesupport_c__pyext.dir/rosidl_generator_py/ad_ws_interfaces/_ad_ws_interfaces_s.ep.rosidl_typesupport_c.c.o[0m
[3.892s] [ 92%] [32mBuilding C object CMakeFiles/ad_ws_interfaces__rosidl_typesupport_fastrtps_c__pyext.dir/rosidl_generator_py/ad_ws_interfaces/_ad_ws_interfaces_s.ep.rosidl_typesupport_fastrtps_c.c.o[0m
[4.021s] [ 97%] [32m[1mLinking C shared library rosidl_generator_py/ad_ws_interfaces/ad_ws_interfaces_s__rosidl_typesupport_c.cpython-310-x86_64-linux-gnu.so[0m
[4.021s] [ 97%] [32m[1mLinking C shared library rosidl_generator_py/ad_ws_interfaces/ad_ws_interfaces_s__rosidl_typesupport_fastrtps_c.cpython-310-x86_64-linux-gnu.so[0m
[4.024s] [100%] [32m[1mLinking C shared library rosidl_generator_py/ad_ws_interfaces/ad_ws_interfaces_s__rosidl_typesupport_introspection_c.cpython-310-x86_64-linux-gnu.so[0m
[4.069s] [100%] Built target ad_ws_interfaces__rosidl_typesupport_c__pyext
[4.070s] [100%] Built target ad_ws_interfaces__rosidl_typesupport_fastrtps_c__pyext
[4.071s] [100%] Built target ad_ws_interfaces__rosidl_typesupport_introspection_c__pyext
[4.087s] Invoked command in '/home/filip/ad_ws/build/ad_ws_interfaces' returned '0': CMAKE_PREFIX_PATH=${CMAKE_PREFIX_PATH}:/home/filip/ad_ws/install/signal_operations:/opt/ros/humble /usr/bin/cmake --build /home/filip/ad_ws/build/ad_ws_interfaces -- -j16 -l16
[4.187s] Invoking command in '/home/filip/ad_ws/build/ad_ws_interfaces': CMAKE_PREFIX_PATH=${CMAKE_PREFIX_PATH}:/home/filip/ad_ws/install/signal_operations:/opt/ros/humble /usr/bin/cmake --install /home/filip/ad_ws/build/ad_ws_interfaces
[4.195s] -- Install configuration: ""
[4.195s] -- Installing: /home/filip/ad_ws/install/ad_ws_interfaces/share/ament_index/resource_index/rosidl_interfaces/ad_ws_interfaces
[4.195s] -- Installing: /home/filip/ad_ws/install/ad_ws_interfaces/include/ad_ws_interfaces/ad_ws_interfaces
[4.195s] -- Installing: /home/filip/ad_ws/install/ad_ws_interfaces/include/ad_ws_interfaces/ad_ws_interfaces/msg
[4.195s] -- Installing: /home/filip/ad_ws/install/ad_ws_interfaces/include/ad_ws_interfaces/ad_ws_interfaces/msg/signal.h
[4.195s] -- Installing: /home/filip/ad_ws/install/ad_ws_interfaces/include/ad_ws_interfaces/ad_ws_interfaces/msg/detail
[4.195s] -- Installing: /home/filip/ad_ws/install/ad_ws_interfaces/include/ad_ws_interfaces/ad_ws_interfaces/msg/detail/xsens__struct.h
[4.196s] -- Installing: /home/filip/ad_ws/install/ad_ws_interfaces/include/ad_ws_interfaces/ad_ws_interfaces/msg/detail/xsens__type_support.h
[4.196s] -- Installing: /home/filip/ad_ws/install/ad_ws_interfaces/include/ad_ws_interfaces/ad_ws_interfaces/msg/detail/signal__functions.c
[4.196s] -- Installing: /home/filip/ad_ws/install/ad_ws_interfaces/include/ad_ws_interfaces/ad_ws_interfaces/msg/detail/signal__functions.h
[4.196s] -- Installing: /home/filip/ad_ws/install/ad_ws_interfaces/include/ad_ws_interfaces/ad_ws_interfaces/msg/detail/xsens__functions.h
[4.196s] -- Installing: /home/filip/ad_ws/install/ad_ws_interfaces/include/ad_ws_interfaces/ad_ws_interfaces/msg/detail/signal__type_support.h
[4.196s] -- Installing: /home/filip/ad_ws/install/ad_ws_interfaces/include/ad_ws_interfaces/ad_ws_interfaces/msg/detail/signal__struct.h
[4.196s] -- Installing: /home/filip/ad_ws/install/ad_ws_interfaces/include/ad_ws_interfaces/ad_ws_interfaces/msg/detail/xsens__functions.c
[4.196s] -- Installing: /home/filip/ad_ws/install/ad_ws_interfaces/include/ad_ws_interfaces/ad_ws_interfaces/msg/rosidl_generator_c__visibility_control.h
[4.196s] -- Installing: /home/filip/ad_ws/install/ad_ws_interfaces/include/ad_ws_interfaces/ad_ws_interfaces/msg/xsens.h
[4.196s] -- Installing: /home/filip/ad_ws/install/ad_ws_interfaces/share/ad_ws_interfaces/environment/library_path.sh
[4.196s] -- Installing: /home/filip/ad_ws/install/ad_ws_interfaces/share/ad_ws_interfaces/environment/library_path.dsv
[4.196s] -- Installing: /home/filip/ad_ws/install/ad_ws_interfaces/lib/libad_ws_interfaces__rosidl_generator_c.so
[4.196s] -- Set runtime path of "/home/filip/ad_ws/install/ad_ws_interfaces/lib/libad_ws_interfaces__rosidl_generator_c.so" to ""
[4.196s] -- Up-to-date: /home/filip/ad_ws/install/ad_ws_interfaces/include/ad_ws_interfaces/ad_ws_interfaces
[4.196s] -- Up-to-date: /home/filip/ad_ws/install/ad_ws_interfaces/include/ad_ws_interfaces/ad_ws_interfaces/msg
[4.197s] -- Up-to-date: /home/filip/ad_ws/install/ad_ws_interfaces/include/ad_ws_interfaces/ad_ws_interfaces/msg/detail
[4.197s] -- Installing: /home/filip/ad_ws/install/ad_ws_interfaces/include/ad_ws_interfaces/ad_ws_interfaces/msg/detail/xsens__rosidl_typesupport_fastrtps_c.h
[4.197s] -- Installing: /home/filip/ad_ws/install/ad_ws_interfaces/include/ad_ws_interfaces/ad_ws_interfaces/msg/detail/signal__rosidl_typesupport_fastrtps_c.h
[4.197s] -- Installing: /home/filip/ad_ws/install/ad_ws_interfaces/include/ad_ws_interfaces/ad_ws_interfaces/msg/rosidl_typesupport_fastrtps_c__visibility_control.h
[4.197s] -- Installing: /home/filip/ad_ws/install/ad_ws_interfaces/lib/libad_ws_interfaces__rosidl_typesupport_fastrtps_c.so
[4.197s] -- Set runtime path of "/home/filip/ad_ws/install/ad_ws_interfaces/lib/libad_ws_interfaces__rosidl_typesupport_fastrtps_c.so" to ""
[4.197s] -- Up-to-date: /home/filip/ad_ws/install/ad_ws_interfaces/include/ad_ws_interfaces/ad_ws_interfaces
[4.197s] -- Up-to-date: /home/filip/ad_ws/install/ad_ws_interfaces/include/ad_ws_interfaces/ad_ws_interfaces/msg
[4.197s] -- Installing: /home/filip/ad_ws/install/ad_ws_interfaces/include/ad_ws_interfaces/ad_ws_interfaces/msg/rosidl_typesupport_introspection_c__visibility_control.h
[4.197s] -- Up-to-date: /home/filip/ad_ws/install/ad_ws_interfaces/include/ad_ws_interfaces/ad_ws_interfaces/msg/detail
[4.197s] -- Installing: /home/filip/ad_ws/install/ad_ws_interfaces/include/ad_ws_interfaces/ad_ws_interfaces/msg/detail/signal__type_support.c
[4.197s] -- Installing: /home/filip/ad_ws/install/ad_ws_interfaces/include/ad_ws_interfaces/ad_ws_interfaces/msg/detail/xsens__rosidl_typesupport_introspection_c.h
[4.197s] -- Installing: /home/filip/ad_ws/install/ad_ws_interfaces/include/ad_ws_interfaces/ad_ws_interfaces/msg/detail/xsens__type_support.c
[4.198s] -- Installing: /home/filip/ad_ws/install/ad_ws_interfaces/include/ad_ws_interfaces/ad_ws_interfaces/msg/detail/signal__rosidl_typesupport_introspection_c.h
[4.198s] -- Installing: /home/filip/ad_ws/install/ad_ws_interfaces/lib/libad_ws_interfaces__rosidl_typesupport_introspection_c.so
[4.198s] -- Set runtime path of "/home/filip/ad_ws/install/ad_ws_interfaces/lib/libad_ws_interfaces__rosidl_typesupport_introspection_c.so" to ""
[4.198s] -- Installing: /home/filip/ad_ws/install/ad_ws_interfaces/lib/libad_ws_interfaces__rosidl_typesupport_c.so
[4.198s] -- Set runtime path of "/home/filip/ad_ws/install/ad_ws_interfaces/lib/libad_ws_interfaces__rosidl_typesupport_c.so" to ""
[4.198s] -- Up-to-date: /home/filip/ad_ws/install/ad_ws_interfaces/include/ad_ws_interfaces/ad_ws_interfaces
[4.198s] -- Up-to-date: /home/filip/ad_ws/install/ad_ws_interfaces/include/ad_ws_interfaces/ad_ws_interfaces/msg
[4.198s] -- Up-to-date: /home/filip/ad_ws/install/ad_ws_interfaces/include/ad_ws_interfaces/ad_ws_interfaces/msg/detail
[4.198s] -- Installing: /home/filip/ad_ws/install/ad_ws_interfaces/include/ad_ws_interfaces/ad_ws_interfaces/msg/detail/xsens__traits.hpp
[4.198s] -- Installing: /home/filip/ad_ws/install/ad_ws_interfaces/include/ad_ws_interfaces/ad_ws_interfaces/msg/detail/xsens__builder.hpp
[4.198s] -- Installing: /home/filip/ad_ws/install/ad_ws_interfaces/include/ad_ws_interfaces/ad_ws_interfaces/msg/detail/xsens__struct.hpp
[4.198s] -- Installing: /home/filip/ad_ws/install/ad_ws_interfaces/include/ad_ws_interfaces/ad_ws_interfaces/msg/detail/signal__traits.hpp
[4.198s] -- Installing: /home/filip/ad_ws/install/ad_ws_interfaces/include/ad_ws_interfaces/ad_ws_interfaces/msg/detail/signal__builder.hpp
[4.199s] -- Installing: /home/filip/ad_ws/install/ad_ws_interfaces/include/ad_ws_interfaces/ad_ws_interfaces/msg/detail/signal__struct.hpp
[4.199s] -- Installing: /home/filip/ad_ws/install/ad_ws_interfaces/include/ad_ws_interfaces/ad_ws_interfaces/msg/xsens.hpp
[4.199s] -- Installing: /home/filip/ad_ws/install/ad_ws_interfaces/include/ad_ws_interfaces/ad_ws_interfaces/msg/signal.hpp
[4.199s] -- Up-to-date: /home/filip/ad_ws/install/ad_ws_interfaces/include/ad_ws_interfaces/ad_ws_interfaces
[4.199s] -- Up-to-date: /home/filip/ad_ws/install/ad_ws_interfaces/include/ad_ws_interfaces/ad_ws_interfaces/msg
[4.199s] -- Up-to-date: /home/filip/ad_ws/install/ad_ws_interfaces/include/ad_ws_interfaces/ad_ws_interfaces/msg/detail
[4.199s] -- Installing: /home/filip/ad_ws/install/ad_ws_interfaces/include/ad_ws_interfaces/ad_ws_interfaces/msg/detail/signal__rosidl_typesupport_fastrtps_cpp.hpp
[4.199s] -- Installing: /home/filip/ad_ws/install/ad_ws_interfaces/include/ad_ws_interfaces/ad_ws_interfaces/msg/detail/xsens__rosidl_typesupport_fastrtps_cpp.hpp
[4.199s] -- Installing: /home/filip/ad_ws/install/ad_ws_interfaces/include/ad_ws_interfaces/ad_ws_interfaces/msg/detail/dds_fastrtps
[4.199s] -- Installing: /home/filip/ad_ws/install/ad_ws_interfaces/include/ad_ws_interfaces/ad_ws_interfaces/msg/rosidl_typesupport_fastrtps_cpp__visibility_control.h
[4.199s] -- Installing: /home/filip/ad_ws/install/ad_ws_interfaces/lib/libad_ws_interfaces__rosidl_typesupport_fastrtps_cpp.so
[4.199s] -- Set runtime path of "/home/filip/ad_ws/install/ad_ws_interfaces/lib/libad_ws_interfaces__rosidl_typesupport_fastrtps_cpp.so" to ""
[4.199s] -- Up-to-date: /home/filip/ad_ws/install/ad_ws_interfaces/include/ad_ws_interfaces/ad_ws_interfaces
[4.199s] -- Up-to-date: /home/filip/ad_ws/install/ad_ws_interfaces/include/ad_ws_interfaces/ad_ws_interfaces/msg
[4.199s] -- Up-to-date: /home/filip/ad_ws/install/ad_ws_interfaces/include/ad_ws_interfaces/ad_ws_interfaces/msg/detail
[4.200s] -- Installing: /home/filip/ad_ws/install/ad_ws_interfaces/include/ad_ws_interfaces/ad_ws_interfaces/msg/detail/xsens__rosidl_typesupport_introspection_cpp.hpp
[4.200s] -- Installing: /home/filip/ad_ws/install/ad_ws_interfaces/include/ad_ws_interfaces/ad_ws_interfaces/msg/detail/signal__rosidl_typesupport_introspection_cpp.hpp
[4.200s] -- Installing: /home/filip/ad_ws/install/ad_ws_interfaces/include/ad_ws_interfaces/ad_ws_interfaces/msg/detail/signal__type_support.cpp
[4.200s] -- Installing: /home/filip/ad_ws/install/ad_ws_interfaces/include/ad_ws_interfaces/ad_ws_interfaces/msg/detail/xsens__type_support.cpp
[4.200s] -- Installing: /home/filip/ad_ws/install/ad_ws_interfaces/lib/libad_ws_interfaces__rosidl_typesupport_introspection_cpp.so
[4.200s] -- Set runtime path of "/home/filip/ad_ws/install/ad_ws_interfaces/lib/libad_ws_interfaces__rosidl_typesupport_introspection_cpp.so" to ""
[4.200s] -- Installing: /home/filip/ad_ws/install/ad_ws_interfaces/lib/libad_ws_interfaces__rosidl_typesupport_cpp.so
[4.200s] -- Set runtime path of "/home/filip/ad_ws/install/ad_ws_interfaces/lib/libad_ws_interfaces__rosidl_typesupport_cpp.so" to ""
[4.200s] -- Installing: /home/filip/ad_ws/install/ad_ws_interfaces/share/ad_ws_interfaces/environment/pythonpath.sh
[4.200s] -- Installing: /home/filip/ad_ws/install/ad_ws_interfaces/share/ad_ws_interfaces/environment/pythonpath.dsv
[4.200s] -- Installing: /home/filip/ad_ws/install/ad_ws_interfaces/local/lib/python3.10/dist-packages/ad_ws_interfaces-0.0.0-py3.10.egg-info
[4.200s] -- Installing: /home/filip/ad_ws/install/ad_ws_interfaces/local/lib/python3.10/dist-packages/ad_ws_interfaces-0.0.0-py3.10.egg-info/PKG-INFO
[4.200s] -- Installing: /home/filip/ad_ws/install/ad_ws_interfaces/local/lib/python3.10/dist-packages/ad_ws_interfaces-0.0.0-py3.10.egg-info/SOURCES.txt
[4.201s] -- Installing: /home/filip/ad_ws/install/ad_ws_interfaces/local/lib/python3.10/dist-packages/ad_ws_interfaces-0.0.0-py3.10.egg-info/top_level.txt
[4.201s] -- Installing: /home/filip/ad_ws/install/ad_ws_interfaces/local/lib/python3.10/dist-packages/ad_ws_interfaces-0.0.0-py3.10.egg-info/dependency_links.txt
[4.201s] -- Installing: /home/filip/ad_ws/install/ad_ws_interfaces/local/lib/python3.10/dist-packages/ad_ws_interfaces
[4.201s] -- Installing: /home/filip/ad_ws/install/ad_ws_interfaces/local/lib/python3.10/dist-packages/ad_ws_interfaces/ad_ws_interfaces_s__rosidl_typesupport_introspection_c.cpython-310-x86_64-linux-gnu.so
[4.201s] -- Installing: /home/filip/ad_ws/install/ad_ws_interfaces/local/lib/python3.10/dist-packages/ad_ws_interfaces/__init__.py
[4.201s] -- Installing: /home/filip/ad_ws/install/ad_ws_interfaces/local/lib/python3.10/dist-packages/ad_ws_interfaces/ad_ws_interfaces_s__rosidl_typesupport_c.cpython-310-x86_64-linux-gnu.so
[4.201s] -- Installing: /home/filip/ad_ws/install/ad_ws_interfaces/local/lib/python3.10/dist-packages/ad_ws_interfaces/libad_ws_interfaces__rosidl_generator_py.so
[4.201s] -- Installing: /home/filip/ad_ws/install/ad_ws_interfaces/local/lib/python3.10/dist-packages/ad_ws_interfaces/_ad_ws_interfaces_s.ep.rosidl_typesupport_c.c
[4.201s] -- Installing: /home/filip/ad_ws/install/ad_ws_interfaces/local/lib/python3.10/dist-packages/ad_ws_interfaces/msg
[4.201s] -- Installing: /home/filip/ad_ws/install/ad_ws_interfaces/local/lib/python3.10/dist-packages/ad_ws_interfaces/msg/_xsens_s.c
[4.201s] -- Installing: /home/filip/ad_ws/install/ad_ws_interfaces/local/lib/python3.10/dist-packages/ad_ws_interfaces/msg/__init__.py
[4.201s] -- Installing: /home/filip/ad_ws/install/ad_ws_interfaces/local/lib/python3.10/dist-packages/ad_ws_interfaces/msg/_signal.py
[4.201s] -- Installing: /home/filip/ad_ws/install/ad_ws_interfaces/local/lib/python3.10/dist-packages/ad_ws_interfaces/msg/_signal_s.c
[4.202s] -- Installing: /home/filip/ad_ws/install/ad_ws_interfaces/local/lib/python3.10/dist-packages/ad_ws_interfaces/msg/_xsens.py
[4.202s] -- Installing: /home/filip/ad_ws/install/ad_ws_interfaces/local/lib/python3.10/dist-packages/ad_ws_interfaces/_ad_ws_interfaces_s.ep.rosidl_typesupport_introspection_c.c
[4.202s] -- Installing: /home/filip/ad_ws/install/ad_ws_interfaces/local/lib/python3.10/dist-packages/ad_ws_interfaces/_ad_ws_interfaces_s.ep.rosidl_typesupport_fastrtps_c.c
[4.202s] -- Installing: /home/filip/ad_ws/install/ad_ws_interfaces/local/lib/python3.10/dist-packages/ad_ws_interfaces/ad_ws_interfaces_s__rosidl_typesupport_fastrtps_c.cpython-310-x86_64-linux-gnu.so
[4.239s] Listing '/home/filip/ad_ws/install/ad_ws_interfaces/local/lib/python3.10/dist-packages/ad_ws_interfaces'...
[4.239s] Compiling '/home/filip/ad_ws/install/ad_ws_interfaces/local/lib/python3.10/dist-packages/ad_ws_interfaces/__init__.py'...
[4.239s] Listing '/home/filip/ad_ws/install/ad_ws_interfaces/local/lib/python3.10/dist-packages/ad_ws_interfaces/msg'...
[4.239s] Compiling '/home/filip/ad_ws/install/ad_ws_interfaces/local/lib/python3.10/dist-packages/ad_ws_interfaces/msg/__init__.py'...
[4.239s] Compiling '/home/filip/ad_ws/install/ad_ws_interfaces/local/lib/python3.10/dist-packages/ad_ws_interfaces/msg/_signal.py'...
[4.239s] Compiling '/home/filip/ad_ws/install/ad_ws_interfaces/local/lib/python3.10/dist-packages/ad_ws_interfaces/msg/_xsens.py'...
[4.244s] -- Installing: /home/filip/ad_ws/install/ad_ws_interfaces/local/lib/python3.10/dist-packages/ad_ws_interfaces/ad_ws_interfaces_s__rosidl_typesupport_fastrtps_c.cpython-310-x86_64-linux-gnu.so
[4.244s] -- Set runtime path of "/home/filip/ad_ws/install/ad_ws_interfaces/local/lib/python3.10/dist-packages/ad_ws_interfaces/ad_ws_interfaces_s__rosidl_typesupport_fastrtps_c.cpython-310-x86_64-linux-gnu.so" to ""
[4.244s] -- Installing: /home/filip/ad_ws/install/ad_ws_interfaces/local/lib/python3.10/dist-packages/ad_ws_interfaces/ad_ws_interfaces_s__rosidl_typesupport_introspection_c.cpython-310-x86_64-linux-gnu.so
[4.244s] -- Set runtime path of "/home/filip/ad_ws/install/ad_ws_interfaces/local/lib/python3.10/dist-packages/ad_ws_interfaces/ad_ws_interfaces_s__rosidl_typesupport_introspection_c.cpython-310-x86_64-linux-gnu.so" to ""
[4.245s] -- Installing: /home/filip/ad_ws/install/ad_ws_interfaces/local/lib/python3.10/dist-packages/ad_ws_interfaces/ad_ws_interfaces_s__rosidl_typesupport_c.cpython-310-x86_64-linux-gnu.so
[4.245s] -- Set runtime path of "/home/filip/ad_ws/install/ad_ws_interfaces/local/lib/python3.10/dist-packages/ad_ws_interfaces/ad_ws_interfaces_s__rosidl_typesupport_c.cpython-310-x86_64-linux-gnu.so" to ""
[4.245s] -- Installing: /home/filip/ad_ws/install/ad_ws_interfaces/lib/libad_ws_interfaces__rosidl_generator_py.so
[4.245s] -- Set runtime path of "/home/filip/ad_ws/install/ad_ws_interfaces/lib/libad_ws_interfaces__rosidl_generator_py.so" to ""
[4.245s] -- Installing: /home/filip/ad_ws/install/ad_ws_interfaces/share/ad_ws_interfaces/msg/Xsens.idl
[4.246s] -- Installing: /home/filip/ad_ws/install/ad_ws_interfaces/share/ad_ws_interfaces/msg/Signal.idl
[4.246s] -- Installing: /home/filip/ad_ws/install/ad_ws_interfaces/share/ad_ws_interfaces/msg/Xsens.msg
[4.246s] -- Installing: /home/filip/ad_ws/install/ad_ws_interfaces/share/ad_ws_interfaces/msg/Signal.msg
[4.246s] -- Installing: /home/filip/ad_ws/install/ad_ws_interfaces/share/ament_index/resource_index/package_run_dependencies/ad_ws_interfaces
[4.246s] -- Installing: /home/filip/ad_ws/install/ad_ws_interfaces/share/ament_index/resource_index/parent_prefix_path/ad_ws_interfaces
[4.247s] -- Up-to-date: /home/filip/ad_ws/install/ad_ws_interfaces/share/ad_ws_interfaces/environment/ament_prefix_path.sh
[4.247s] -- Installing: /home/filip/ad_ws/install/ad_ws_interfaces/share/ad_ws_interfaces/environment/ament_prefix_path.dsv
[4.247s] -- Up-to-date: /home/filip/ad_ws/install/ad_ws_interfaces/share/ad_ws_interfaces/environment/path.sh
[4.247s] -- Installing: /home/filip/ad_ws/install/ad_ws_interfaces/share/ad_ws_interfaces/environment/path.dsv
[4.247s] -- Up-to-date: /home/filip/ad_ws/install/ad_ws_interfaces/share/ad_ws_interfaces/local_setup.bash
[4.247s] -- Installing: /home/filip/ad_ws/install/ad_ws_interfaces/share/ad_ws_interfaces/local_setup.sh
[4.247s] -- Up-to-date: /home/filip/ad_ws/install/ad_ws_interfaces/share/ad_ws_interfaces/local_setup.zsh
[4.247s] -- Installing: /home/filip/ad_ws/install/ad_ws_interfaces/share/ad_ws_interfaces/local_setup.dsv
[4.247s] -- Installing: /home/filip/ad_ws/install/ad_ws_interfaces/share/ad_ws_interfaces/package.dsv
[4.248s] -- Up-to-date: /home/filip/ad_ws/install/ad_ws_interfaces/share/ament_index/resource_index/packages/ad_ws_interfaces
[4.248s] -- Installing: /home/filip/ad_ws/install/ad_ws_interfaces/share/ad_ws_interfaces/cmake/export_ad_ws_interfaces__rosidl_generator_cExport.cmake
[4.248s] -- Installing: /home/filip/ad_ws/install/ad_ws_interfaces/share/ad_ws_interfaces/cmake/export_ad_ws_interfaces__rosidl_generator_cExport-noconfig.cmake
[4.248s] -- Installing: /home/filip/ad_ws/install/ad_ws_interfaces/share/ad_ws_interfaces/cmake/export_ad_ws_interfaces__rosidl_typesupport_fastrtps_cExport.cmake
[4.248s] -- Installing: /home/filip/ad_ws/install/ad_ws_interfaces/share/ad_ws_interfaces/cmake/export_ad_ws_interfaces__rosidl_typesupport_fastrtps_cExport-noconfig.cmake
[4.248s] -- Installing: /home/filip/ad_ws/install/ad_ws_interfaces/share/ad_ws_interfaces/cmake/ad_ws_interfaces__rosidl_typesupport_introspection_cExport.cmake
[4.248s] -- Installing: /home/filip/ad_ws/install/ad_ws_interfaces/share/ad_ws_interfaces/cmake/ad_ws_interfaces__rosidl_typesupport_introspection_cExport-noconfig.cmake
[4.248s] -- Installing: /home/filip/ad_ws/install/ad_ws_interfaces/share/ad_ws_interfaces/cmake/ad_ws_interfaces__rosidl_typesupport_cExport.cmake
[4.248s] -- Installing: /home/filip/ad_ws/install/ad_ws_interfaces/share/ad_ws_interfaces/cmake/ad_ws_interfaces__rosidl_typesupport_cExport-noconfig.cmake
[4.249s] -- Installing: /home/filip/ad_ws/install/ad_ws_interfaces/share/ad_ws_interfaces/cmake/export_ad_ws_interfaces__rosidl_generator_cppExport.cmake
[4.249s] -- Installing: /home/filip/ad_ws/install/ad_ws_interfaces/share/ad_ws_interfaces/cmake/export_ad_ws_interfaces__rosidl_typesupport_fastrtps_cppExport.cmake
[4.249s] -- Installing: /home/filip/ad_ws/install/ad_ws_interfaces/share/ad_ws_interfaces/cmake/export_ad_ws_interfaces__rosidl_typesupport_fastrtps_cppExport-noconfig.cmake
[4.249s] -- Installing: /home/filip/ad_ws/install/ad_ws_interfaces/share/ad_ws_interfaces/cmake/ad_ws_interfaces__rosidl_typesupport_introspection_cppExport.cmake
[4.249s] -- Installing: /home/filip/ad_ws/install/ad_ws_interfaces/share/ad_ws_interfaces/cmake/ad_ws_interfaces__rosidl_typesupport_introspection_cppExport-noconfig.cmake
[4.249s] -- Installing: /home/filip/ad_ws/install/ad_ws_interfaces/share/ad_ws_interfaces/cmake/ad_ws_interfaces__rosidl_typesupport_cppExport.cmake
[4.249s] -- Installing: /home/filip/ad_ws/install/ad_ws_interfaces/share/ad_ws_interfaces/cmake/ad_ws_interfaces__rosidl_typesupport_cppExport-noconfig.cmake
[4.250s] -- Installing: /home/filip/ad_ws/install/ad_ws_interfaces/share/ad_ws_interfaces/cmake/export_ad_ws_interfaces__rosidl_generator_pyExport.cmake
[4.250s] -- Installing: /home/filip/ad_ws/install/ad_ws_interfaces/share/ad_ws_interfaces/cmake/export_ad_ws_interfaces__rosidl_generator_pyExport-noconfig.cmake
[4.250s] -- Installing: /home/filip/ad_ws/install/ad_ws_interfaces/share/ad_ws_interfaces/cmake/rosidl_cmake-extras.cmake
[4.250s] -- Installing: /home/filip/ad_ws/install/ad_ws_interfaces/share/ad_ws_interfaces/cmake/ament_cmake_export_include_directories-extras.cmake
[4.250s] -- Installing: /home/filip/ad_ws/install/ad_ws_interfaces/share/ad_ws_interfaces/cmake/ament_cmake_export_libraries-extras.cmake
[4.250s] -- Installing: /home/filip/ad_ws/install/ad_ws_interfaces/share/ad_ws_interfaces/cmake/ament_cmake_export_targets-extras.cmake
[4.251s] -- Installing: /home/filip/ad_ws/install/ad_ws_interfaces/share/ad_ws_interfaces/cmake/rosidl_cmake_export_typesupport_targets-extras.cmake
[4.251s] -- Installing: /home/filip/ad_ws/install/ad_ws_interfaces/share/ad_ws_interfaces/cmake/ament_cmake_export_dependencies-extras.cmake
[4.251s] -- Installing: /home/filip/ad_ws/install/ad_ws_interfaces/share/ad_ws_interfaces/cmake/rosidl_cmake_export_typesupport_libraries-extras.cmake
[4.251s] -- Installing: /home/filip/ad_ws/install/ad_ws_interfaces/share/ad_ws_interfaces/cmake/ad_ws_interfacesConfig.cmake
[4.251s] -- Up-to-date: /home/filip/ad_ws/install/ad_ws_interfaces/share/ad_ws_interfaces/cmake/ad_ws_interfacesConfig-version.cmake
[4.251s] -- Installing: /home/filip/ad_ws/install/ad_ws_interfaces/share/ad_ws_interfaces/package.xml
[4.254s] Invoked command in '/home/filip/ad_ws/build/ad_ws_interfaces' returned '0': CMAKE_PREFIX_PATH=${CMAKE_PREFIX_PATH}:/home/filip/ad_ws/install/signal_operations:/opt/ros/humble /usr/bin/cmake --install /home/filip/ad_ws/build/ad_ws_interfaces
