[0.006s] Invoking command in '/home/filip/ad_ws/build/ad_ws_interfaces': CMAKE_PREFIX_PATH=/opt/ros/humble /usr/bin/cmake --build /home/filip/ad_ws/build/ad_ws_interfaces -- -j16 -l16
[0.064s] [  2%] Built target ad_ws_interfaces__cpp
[0.066s] [ 12%] Built target ad_ws_interfaces__rosidl_generator_c
[0.081s] [ 12%] Built target ament_cmake_python_copy_ad_ws_interfaces
[0.097s] [ 25%] Built target ad_ws_interfaces__rosidl_typesupport_cpp
[0.097s] [ 33%] Built target ad_ws_interfaces__rosidl_typesupport_introspection_c
[0.099s] [ 43%] Built target ad_ws_interfaces__rosidl_typesupport_fastrtps_cpp
[0.100s] [ 58%] Built target ad_ws_interfaces__rosidl_typesupport_fastrtps_c
[0.100s] [ 64%] Built target ad_ws_interfaces__rosidl_typesupport_introspection_cpp
[0.104s] [ 74%] Built target ad_ws_interfaces__rosidl_typesupport_c
[0.137s] [ 74%] Built target ad_ws_interfaces
[0.169s] [ 76%] Built target ad_ws_interfaces__py
[0.202s] [ 84%] Built target ad_ws_interfaces__rosidl_generator_py
[0.221s] [ 89%] Built target ad_ws_interfaces__rosidl_typesupport_c__pyext
[0.223s] [ 94%] Built target ad_ws_interfaces__rosidl_typesupport_fastrtps_c__pyext
[0.225s] [100%] Built target ad_ws_interfaces__rosidl_typesupport_introspection_c__pyext
[0.287s] running egg_info
[0.287s] writing ad_ws_interfaces.egg-info/PKG-INFO
[0.287s] writing dependency_links to ad_ws_interfaces.egg-info/dependency_links.txt
[0.287s] writing top-level names to ad_ws_interfaces.egg-info/top_level.txt
[0.288s] reading manifest file 'ad_ws_interfaces.egg-info/SOURCES.txt'
[0.288s] writing manifest file 'ad_ws_interfaces.egg-info/SOURCES.txt'
[0.303s] [100%] Built target ament_cmake_python_build_ad_ws_interfaces_egg
[0.311s] Invoked command in '/home/filip/ad_ws/build/ad_ws_interfaces' returned '0': CMAKE_PREFIX_PATH=/opt/ros/humble /usr/bin/cmake --build /home/filip/ad_ws/build/ad_ws_interfaces -- -j16 -l16
[0.399s] Invoking command in '/home/filip/ad_ws/build/ad_ws_interfaces': CMAKE_PREFIX_PATH=/opt/ros/humble /usr/bin/cmake --install /home/filip/ad_ws/build/ad_ws_interfaces
[0.407s] -- Install configuration: ""
[0.407s] -- Up-to-date: /home/filip/ad_ws/install/ad_ws_interfaces/share/ament_index/resource_index/rosidl_interfaces/ad_ws_interfaces
[0.407s] -- Up-to-date: /home/filip/ad_ws/install/ad_ws_interfaces/include/ad_ws_interfaces/ad_ws_interfaces
[0.407s] -- Up-to-date: /home/filip/ad_ws/install/ad_ws_interfaces/include/ad_ws_interfaces/ad_ws_interfaces/msg
[0.407s] -- Up-to-date: /home/filip/ad_ws/install/ad_ws_interfaces/include/ad_ws_interfaces/ad_ws_interfaces/msg/signal.h
[0.408s] -- Up-to-date: /home/filip/ad_ws/install/ad_ws_interfaces/include/ad_ws_interfaces/ad_ws_interfaces/msg/detail
[0.408s] -- Up-to-date: /home/filip/ad_ws/install/ad_ws_interfaces/include/ad_ws_interfaces/ad_ws_interfaces/msg/detail/xsens__struct.h
[0.408s] -- Up-to-date: /home/filip/ad_ws/install/ad_ws_interfaces/include/ad_ws_interfaces/ad_ws_interfaces/msg/detail/xsens__type_support.h
[0.408s] -- Up-to-date: /home/filip/ad_ws/install/ad_ws_interfaces/include/ad_ws_interfaces/ad_ws_interfaces/msg/detail/signal__functions.c
[0.408s] -- Up-to-date: /home/filip/ad_ws/install/ad_ws_interfaces/include/ad_ws_interfaces/ad_ws_interfaces/msg/detail/signal__functions.h
[0.408s] -- Up-to-date: /home/filip/ad_ws/install/ad_ws_interfaces/include/ad_ws_interfaces/ad_ws_interfaces/msg/detail/xsens__functions.h
[0.408s] -- Up-to-date: /home/filip/ad_ws/install/ad_ws_interfaces/include/ad_ws_interfaces/ad_ws_interfaces/msg/detail/signal__type_support.h
[0.408s] -- Up-to-date: /home/filip/ad_ws/install/ad_ws_interfaces/include/ad_ws_interfaces/ad_ws_interfaces/msg/detail/signal__struct.h
[0.408s] -- Up-to-date: /home/filip/ad_ws/install/ad_ws_interfaces/include/ad_ws_interfaces/ad_ws_interfaces/msg/detail/xsens__functions.c
[0.408s] -- Up-to-date: /home/filip/ad_ws/install/ad_ws_interfaces/include/ad_ws_interfaces/ad_ws_interfaces/msg/rosidl_generator_c__visibility_control.h
[0.408s] -- Up-to-date: /home/filip/ad_ws/install/ad_ws_interfaces/include/ad_ws_interfaces/ad_ws_interfaces/msg/xsens.h
[0.408s] -- Up-to-date: /home/filip/ad_ws/install/ad_ws_interfaces/share/ad_ws_interfaces/environment/library_path.sh
[0.408s] -- Up-to-date: /home/filip/ad_ws/install/ad_ws_interfaces/share/ad_ws_interfaces/environment/library_path.dsv
[0.408s] -- Up-to-date: /home/filip/ad_ws/install/ad_ws_interfaces/lib/libad_ws_interfaces__rosidl_generator_c.so
[0.408s] -- Up-to-date: /home/filip/ad_ws/install/ad_ws_interfaces/include/ad_ws_interfaces/ad_ws_interfaces
[0.408s] -- Up-to-date: /home/filip/ad_ws/install/ad_ws_interfaces/include/ad_ws_interfaces/ad_ws_interfaces/msg
[0.409s] -- Up-to-date: /home/filip/ad_ws/install/ad_ws_interfaces/include/ad_ws_interfaces/ad_ws_interfaces/msg/detail
[0.409s] -- Up-to-date: /home/filip/ad_ws/install/ad_ws_interfaces/include/ad_ws_interfaces/ad_ws_interfaces/msg/detail/xsens__rosidl_typesupport_fastrtps_c.h
[0.409s] -- Up-to-date: /home/filip/ad_ws/install/ad_ws_interfaces/include/ad_ws_interfaces/ad_ws_interfaces/msg/detail/signal__rosidl_typesupport_fastrtps_c.h
[0.409s] -- Up-to-date: /home/filip/ad_ws/install/ad_ws_interfaces/include/ad_ws_interfaces/ad_ws_interfaces/msg/rosidl_typesupport_fastrtps_c__visibility_control.h
[0.409s] -- Up-to-date: /home/filip/ad_ws/install/ad_ws_interfaces/lib/libad_ws_interfaces__rosidl_typesupport_fastrtps_c.so
[0.409s] -- Up-to-date: /home/filip/ad_ws/install/ad_ws_interfaces/include/ad_ws_interfaces/ad_ws_interfaces
[0.409s] -- Up-to-date: /home/filip/ad_ws/install/ad_ws_interfaces/include/ad_ws_interfaces/ad_ws_interfaces/msg
[0.409s] -- Up-to-date: /home/filip/ad_ws/install/ad_ws_interfaces/include/ad_ws_interfaces/ad_ws_interfaces/msg/rosidl_typesupport_introspection_c__visibility_control.h
[0.409s] -- Up-to-date: /home/filip/ad_ws/install/ad_ws_interfaces/include/ad_ws_interfaces/ad_ws_interfaces/msg/detail
[0.409s] -- Up-to-date: /home/filip/ad_ws/install/ad_ws_interfaces/include/ad_ws_interfaces/ad_ws_interfaces/msg/detail/signal__type_support.c
[0.409s] -- Up-to-date: /home/filip/ad_ws/install/ad_ws_interfaces/include/ad_ws_interfaces/ad_ws_interfaces/msg/detail/xsens__rosidl_typesupport_introspection_c.h
[0.409s] -- Up-to-date: /home/filip/ad_ws/install/ad_ws_interfaces/include/ad_ws_interfaces/ad_ws_interfaces/msg/detail/xsens__type_support.c
[0.409s] -- Up-to-date: /home/filip/ad_ws/install/ad_ws_interfaces/include/ad_ws_interfaces/ad_ws_interfaces/msg/detail/signal__rosidl_typesupport_introspection_c.h
[0.409s] -- Up-to-date: /home/filip/ad_ws/install/ad_ws_interfaces/lib/libad_ws_interfaces__rosidl_typesupport_introspection_c.so
[0.409s] -- Up-to-date: /home/filip/ad_ws/install/ad_ws_interfaces/lib/libad_ws_interfaces__rosidl_typesupport_c.so
[0.409s] -- Up-to-date: /home/filip/ad_ws/install/ad_ws_interfaces/include/ad_ws_interfaces/ad_ws_interfaces
[0.410s] -- Up-to-date: /home/filip/ad_ws/install/ad_ws_interfaces/include/ad_ws_interfaces/ad_ws_interfaces/msg
[0.410s] -- Up-to-date: /home/filip/ad_ws/install/ad_ws_interfaces/include/ad_ws_interfaces/ad_ws_interfaces/msg/detail
[0.410s] -- Up-to-date: /home/filip/ad_ws/install/ad_ws_interfaces/include/ad_ws_interfaces/ad_ws_interfaces/msg/detail/xsens__traits.hpp
[0.410s] -- Up-to-date: /home/filip/ad_ws/install/ad_ws_interfaces/include/ad_ws_interfaces/ad_ws_interfaces/msg/detail/xsens__builder.hpp
[0.410s] -- Up-to-date: /home/filip/ad_ws/install/ad_ws_interfaces/include/ad_ws_interfaces/ad_ws_interfaces/msg/detail/xsens__struct.hpp
[0.410s] -- Up-to-date: /home/filip/ad_ws/install/ad_ws_interfaces/include/ad_ws_interfaces/ad_ws_interfaces/msg/detail/signal__traits.hpp
[0.410s] -- Up-to-date: /home/filip/ad_ws/install/ad_ws_interfaces/include/ad_ws_interfaces/ad_ws_interfaces/msg/detail/signal__builder.hpp
[0.410s] -- Up-to-date: /home/filip/ad_ws/install/ad_ws_interfaces/include/ad_ws_interfaces/ad_ws_interfaces/msg/detail/signal__struct.hpp
[0.410s] -- Up-to-date: /home/filip/ad_ws/install/ad_ws_interfaces/include/ad_ws_interfaces/ad_ws_interfaces/msg/xsens.hpp
[0.410s] -- Up-to-date: /home/filip/ad_ws/install/ad_ws_interfaces/include/ad_ws_interfaces/ad_ws_interfaces/msg/signal.hpp
[0.410s] -- Up-to-date: /home/filip/ad_ws/install/ad_ws_interfaces/include/ad_ws_interfaces/ad_ws_interfaces
[0.410s] -- Up-to-date: /home/filip/ad_ws/install/ad_ws_interfaces/include/ad_ws_interfaces/ad_ws_interfaces/msg
[0.410s] -- Up-to-date: /home/filip/ad_ws/install/ad_ws_interfaces/include/ad_ws_interfaces/ad_ws_interfaces/msg/detail
[0.410s] -- Up-to-date: /home/filip/ad_ws/install/ad_ws_interfaces/include/ad_ws_interfaces/ad_ws_interfaces/msg/detail/signal__rosidl_typesupport_fastrtps_cpp.hpp
[0.410s] -- Up-to-date: /home/filip/ad_ws/install/ad_ws_interfaces/include/ad_ws_interfaces/ad_ws_interfaces/msg/detail/xsens__rosidl_typesupport_fastrtps_cpp.hpp
[0.410s] -- Up-to-date: /home/filip/ad_ws/install/ad_ws_interfaces/include/ad_ws_interfaces/ad_ws_interfaces/msg/detail/dds_fastrtps
[0.410s] -- Up-to-date: /home/filip/ad_ws/install/ad_ws_interfaces/include/ad_ws_interfaces/ad_ws_interfaces/msg/rosidl_typesupport_fastrtps_cpp__visibility_control.h
[0.410s] -- Up-to-date: /home/filip/ad_ws/install/ad_ws_interfaces/lib/libad_ws_interfaces__rosidl_typesupport_fastrtps_cpp.so
[0.411s] -- Up-to-date: /home/filip/ad_ws/install/ad_ws_interfaces/include/ad_ws_interfaces/ad_ws_interfaces
[0.411s] -- Up-to-date: /home/filip/ad_ws/install/ad_ws_interfaces/include/ad_ws_interfaces/ad_ws_interfaces/msg
[0.411s] -- Up-to-date: /home/filip/ad_ws/install/ad_ws_interfaces/include/ad_ws_interfaces/ad_ws_interfaces/msg/detail
[0.411s] -- Up-to-date: /home/filip/ad_ws/install/ad_ws_interfaces/include/ad_ws_interfaces/ad_ws_interfaces/msg/detail/xsens__rosidl_typesupport_introspection_cpp.hpp
[0.411s] -- Up-to-date: /home/filip/ad_ws/install/ad_ws_interfaces/include/ad_ws_interfaces/ad_ws_interfaces/msg/detail/signal__rosidl_typesupport_introspection_cpp.hpp
[0.411s] -- Up-to-date: /home/filip/ad_ws/install/ad_ws_interfaces/include/ad_ws_interfaces/ad_ws_interfaces/msg/detail/signal__type_support.cpp
[0.411s] -- Up-to-date: /home/filip/ad_ws/install/ad_ws_interfaces/include/ad_ws_interfaces/ad_ws_interfaces/msg/detail/xsens__type_support.cpp
[0.411s] -- Up-to-date: /home/filip/ad_ws/install/ad_ws_interfaces/lib/libad_ws_interfaces__rosidl_typesupport_introspection_cpp.so
[0.411s] -- Up-to-date: /home/filip/ad_ws/install/ad_ws_interfaces/lib/libad_ws_interfaces__rosidl_typesupport_cpp.so
[0.411s] -- Up-to-date: /home/filip/ad_ws/install/ad_ws_interfaces/share/ad_ws_interfaces/environment/pythonpath.sh
[0.411s] -- Up-to-date: /home/filip/ad_ws/install/ad_ws_interfaces/share/ad_ws_interfaces/environment/pythonpath.dsv
[0.411s] -- Up-to-date: /home/filip/ad_ws/install/ad_ws_interfaces/local/lib/python3.10/dist-packages/ad_ws_interfaces-0.0.0-py3.10.egg-info
[0.411s] -- Installing: /home/filip/ad_ws/install/ad_ws_interfaces/local/lib/python3.10/dist-packages/ad_ws_interfaces-0.0.0-py3.10.egg-info/PKG-INFO
[0.411s] -- Installing: /home/filip/ad_ws/install/ad_ws_interfaces/local/lib/python3.10/dist-packages/ad_ws_interfaces-0.0.0-py3.10.egg-info/SOURCES.txt
[0.411s] -- Installing: /home/filip/ad_ws/install/ad_ws_interfaces/local/lib/python3.10/dist-packages/ad_ws_interfaces-0.0.0-py3.10.egg-info/top_level.txt
[0.411s] -- Installing: /home/filip/ad_ws/install/ad_ws_interfaces/local/lib/python3.10/dist-packages/ad_ws_interfaces-0.0.0-py3.10.egg-info/dependency_links.txt
[0.411s] -- Up-to-date: /home/filip/ad_ws/install/ad_ws_interfaces/local/lib/python3.10/dist-packages/ad_ws_interfaces
[0.411s] -- Up-to-date: /home/filip/ad_ws/install/ad_ws_interfaces/local/lib/python3.10/dist-packages/ad_ws_interfaces/ad_ws_interfaces_s__rosidl_typesupport_introspection_c.cpython-310-x86_64-linux-gnu.so
[0.411s] -- Up-to-date: /home/filip/ad_ws/install/ad_ws_interfaces/local/lib/python3.10/dist-packages/ad_ws_interfaces/__init__.py
[0.412s] -- Up-to-date: /home/filip/ad_ws/install/ad_ws_interfaces/local/lib/python3.10/dist-packages/ad_ws_interfaces/ad_ws_interfaces_s__rosidl_typesupport_c.cpython-310-x86_64-linux-gnu.so
[0.412s] -- Up-to-date: /home/filip/ad_ws/install/ad_ws_interfaces/local/lib/python3.10/dist-packages/ad_ws_interfaces/libad_ws_interfaces__rosidl_generator_py.so
[0.412s] -- Up-to-date: /home/filip/ad_ws/install/ad_ws_interfaces/local/lib/python3.10/dist-packages/ad_ws_interfaces/_ad_ws_interfaces_s.ep.rosidl_typesupport_c.c
[0.412s] -- Up-to-date: /home/filip/ad_ws/install/ad_ws_interfaces/local/lib/python3.10/dist-packages/ad_ws_interfaces/msg
[0.412s] -- Up-to-date: /home/filip/ad_ws/install/ad_ws_interfaces/local/lib/python3.10/dist-packages/ad_ws_interfaces/msg/_xsens_s.c
[0.412s] -- Up-to-date: /home/filip/ad_ws/install/ad_ws_interfaces/local/lib/python3.10/dist-packages/ad_ws_interfaces/msg/__init__.py
[0.412s] -- Up-to-date: /home/filip/ad_ws/install/ad_ws_interfaces/local/lib/python3.10/dist-packages/ad_ws_interfaces/msg/_signal.py
[0.412s] -- Up-to-date: /home/filip/ad_ws/install/ad_ws_interfaces/local/lib/python3.10/dist-packages/ad_ws_interfaces/msg/_signal_s.c
[0.412s] -- Up-to-date: /home/filip/ad_ws/install/ad_ws_interfaces/local/lib/python3.10/dist-packages/ad_ws_interfaces/msg/_xsens.py
[0.412s] -- Up-to-date: /home/filip/ad_ws/install/ad_ws_interfaces/local/lib/python3.10/dist-packages/ad_ws_interfaces/_ad_ws_interfaces_s.ep.rosidl_typesupport_introspection_c.c
[0.412s] -- Up-to-date: /home/filip/ad_ws/install/ad_ws_interfaces/local/lib/python3.10/dist-packages/ad_ws_interfaces/_ad_ws_interfaces_s.ep.rosidl_typesupport_fastrtps_c.c
[0.412s] -- Up-to-date: /home/filip/ad_ws/install/ad_ws_interfaces/local/lib/python3.10/dist-packages/ad_ws_interfaces/ad_ws_interfaces_s__rosidl_typesupport_fastrtps_c.cpython-310-x86_64-linux-gnu.so
[0.445s] Listing '/home/filip/ad_ws/install/ad_ws_interfaces/local/lib/python3.10/dist-packages/ad_ws_interfaces'...
[0.446s] Listing '/home/filip/ad_ws/install/ad_ws_interfaces/local/lib/python3.10/dist-packages/ad_ws_interfaces/msg'...
[0.450s] -- Up-to-date: /home/filip/ad_ws/install/ad_ws_interfaces/local/lib/python3.10/dist-packages/ad_ws_interfaces/ad_ws_interfaces_s__rosidl_typesupport_fastrtps_c.cpython-310-x86_64-linux-gnu.so
[0.450s] -- Up-to-date: /home/filip/ad_ws/install/ad_ws_interfaces/local/lib/python3.10/dist-packages/ad_ws_interfaces/ad_ws_interfaces_s__rosidl_typesupport_introspection_c.cpython-310-x86_64-linux-gnu.so
[0.451s] -- Up-to-date: /home/filip/ad_ws/install/ad_ws_interfaces/local/lib/python3.10/dist-packages/ad_ws_interfaces/ad_ws_interfaces_s__rosidl_typesupport_c.cpython-310-x86_64-linux-gnu.so
[0.451s] -- Up-to-date: /home/filip/ad_ws/install/ad_ws_interfaces/lib/libad_ws_interfaces__rosidl_generator_py.so
[0.451s] -- Up-to-date: /home/filip/ad_ws/install/ad_ws_interfaces/share/ad_ws_interfaces/msg/Xsens.idl
[0.451s] -- Up-to-date: /home/filip/ad_ws/install/ad_ws_interfaces/share/ad_ws_interfaces/msg/Signal.idl
[0.451s] -- Up-to-date: /home/filip/ad_ws/install/ad_ws_interfaces/share/ad_ws_interfaces/msg/Xsens.msg
[0.451s] -- Up-to-date: /home/filip/ad_ws/install/ad_ws_interfaces/share/ad_ws_interfaces/msg/Signal.msg
[0.451s] -- Up-to-date: /home/filip/ad_ws/install/ad_ws_interfaces/share/ament_index/resource_index/package_run_dependencies/ad_ws_interfaces
[0.451s] -- Up-to-date: /home/filip/ad_ws/install/ad_ws_interfaces/share/ament_index/resource_index/parent_prefix_path/ad_ws_interfaces
[0.451s] -- Up-to-date: /home/filip/ad_ws/install/ad_ws_interfaces/share/ad_ws_interfaces/environment/ament_prefix_path.sh
[0.452s] -- Up-to-date: /home/filip/ad_ws/install/ad_ws_interfaces/share/ad_ws_interfaces/environment/ament_prefix_path.dsv
[0.452s] -- Up-to-date: /home/filip/ad_ws/install/ad_ws_interfaces/share/ad_ws_interfaces/environment/path.sh
[0.452s] -- Up-to-date: /home/filip/ad_ws/install/ad_ws_interfaces/share/ad_ws_interfaces/environment/path.dsv
[0.452s] -- Up-to-date: /home/filip/ad_ws/install/ad_ws_interfaces/share/ad_ws_interfaces/local_setup.bash
[0.452s] -- Up-to-date: /home/filip/ad_ws/install/ad_ws_interfaces/share/ad_ws_interfaces/local_setup.sh
[0.452s] -- Up-to-date: /home/filip/ad_ws/install/ad_ws_interfaces/share/ad_ws_interfaces/local_setup.zsh
[0.452s] -- Up-to-date: /home/filip/ad_ws/install/ad_ws_interfaces/share/ad_ws_interfaces/local_setup.dsv
[0.452s] -- Installing: /home/filip/ad_ws/install/ad_ws_interfaces/share/ad_ws_interfaces/package.dsv
[0.452s] -- Up-to-date: /home/filip/ad_ws/install/ad_ws_interfaces/share/ament_index/resource_index/packages/ad_ws_interfaces
[0.452s] -- Up-to-date: /home/filip/ad_ws/install/ad_ws_interfaces/share/ad_ws_interfaces/cmake/export_ad_ws_interfaces__rosidl_generator_cExport.cmake
[0.452s] -- Up-to-date: /home/filip/ad_ws/install/ad_ws_interfaces/share/ad_ws_interfaces/cmake/export_ad_ws_interfaces__rosidl_generator_cExport-noconfig.cmake
[0.452s] -- Up-to-date: /home/filip/ad_ws/install/ad_ws_interfaces/share/ad_ws_interfaces/cmake/export_ad_ws_interfaces__rosidl_typesupport_fastrtps_cExport.cmake
[0.452s] -- Up-to-date: /home/filip/ad_ws/install/ad_ws_interfaces/share/ad_ws_interfaces/cmake/export_ad_ws_interfaces__rosidl_typesupport_fastrtps_cExport-noconfig.cmake
[0.453s] -- Up-to-date: /home/filip/ad_ws/install/ad_ws_interfaces/share/ad_ws_interfaces/cmake/ad_ws_interfaces__rosidl_typesupport_introspection_cExport.cmake
[0.453s] -- Up-to-date: /home/filip/ad_ws/install/ad_ws_interfaces/share/ad_ws_interfaces/cmake/ad_ws_interfaces__rosidl_typesupport_introspection_cExport-noconfig.cmake
[0.453s] -- Up-to-date: /home/filip/ad_ws/install/ad_ws_interfaces/share/ad_ws_interfaces/cmake/ad_ws_interfaces__rosidl_typesupport_cExport.cmake
[0.453s] -- Up-to-date: /home/filip/ad_ws/install/ad_ws_interfaces/share/ad_ws_interfaces/cmake/ad_ws_interfaces__rosidl_typesupport_cExport-noconfig.cmake
[0.453s] -- Up-to-date: /home/filip/ad_ws/install/ad_ws_interfaces/share/ad_ws_interfaces/cmake/export_ad_ws_interfaces__rosidl_generator_cppExport.cmake
[0.453s] -- Up-to-date: /home/filip/ad_ws/install/ad_ws_interfaces/share/ad_ws_interfaces/cmake/export_ad_ws_interfaces__rosidl_typesupport_fastrtps_cppExport.cmake
[0.453s] -- Up-to-date: /home/filip/ad_ws/install/ad_ws_interfaces/share/ad_ws_interfaces/cmake/export_ad_ws_interfaces__rosidl_typesupport_fastrtps_cppExport-noconfig.cmake
[0.453s] -- Up-to-date: /home/filip/ad_ws/install/ad_ws_interfaces/share/ad_ws_interfaces/cmake/ad_ws_interfaces__rosidl_typesupport_introspection_cppExport.cmake
[0.453s] -- Up-to-date: /home/filip/ad_ws/install/ad_ws_interfaces/share/ad_ws_interfaces/cmake/ad_ws_interfaces__rosidl_typesupport_introspection_cppExport-noconfig.cmake
[0.453s] -- Up-to-date: /home/filip/ad_ws/install/ad_ws_interfaces/share/ad_ws_interfaces/cmake/ad_ws_interfaces__rosidl_typesupport_cppExport.cmake
[0.453s] -- Up-to-date: /home/filip/ad_ws/install/ad_ws_interfaces/share/ad_ws_interfaces/cmake/ad_ws_interfaces__rosidl_typesupport_cppExport-noconfig.cmake
[0.453s] -- Up-to-date: /home/filip/ad_ws/install/ad_ws_interfaces/share/ad_ws_interfaces/cmake/export_ad_ws_interfaces__rosidl_generator_pyExport.cmake
[0.453s] -- Up-to-date: /home/filip/ad_ws/install/ad_ws_interfaces/share/ad_ws_interfaces/cmake/export_ad_ws_interfaces__rosidl_generator_pyExport-noconfig.cmake
[0.453s] -- Up-to-date: /home/filip/ad_ws/install/ad_ws_interfaces/share/ad_ws_interfaces/cmake/rosidl_cmake-extras.cmake
[0.453s] -- Up-to-date: /home/filip/ad_ws/install/ad_ws_interfaces/share/ad_ws_interfaces/cmake/ament_cmake_export_include_directories-extras.cmake
[0.453s] -- Up-to-date: /home/filip/ad_ws/install/ad_ws_interfaces/share/ad_ws_interfaces/cmake/ament_cmake_export_libraries-extras.cmake
[0.453s] -- Up-to-date: /home/filip/ad_ws/install/ad_ws_interfaces/share/ad_ws_interfaces/cmake/ament_cmake_export_targets-extras.cmake
[0.453s] -- Up-to-date: /home/filip/ad_ws/install/ad_ws_interfaces/share/ad_ws_interfaces/cmake/rosidl_cmake_export_typesupport_targets-extras.cmake
[0.453s] -- Up-to-date: /home/filip/ad_ws/install/ad_ws_interfaces/share/ad_ws_interfaces/cmake/ament_cmake_export_dependencies-extras.cmake
[0.453s] -- Up-to-date: /home/filip/ad_ws/install/ad_ws_interfaces/share/ad_ws_interfaces/cmake/rosidl_cmake_export_typesupport_libraries-extras.cmake
[0.454s] -- Up-to-date: /home/filip/ad_ws/install/ad_ws_interfaces/share/ad_ws_interfaces/cmake/ad_ws_interfacesConfig.cmake
[0.454s] -- Up-to-date: /home/filip/ad_ws/install/ad_ws_interfaces/share/ad_ws_interfaces/cmake/ad_ws_interfacesConfig-version.cmake
[0.454s] -- Up-to-date: /home/filip/ad_ws/install/ad_ws_interfaces/share/ad_ws_interfaces/package.xml
[0.455s] Invoked command in '/home/filip/ad_ws/build/ad_ws_interfaces' returned '0': CMAKE_PREFIX_PATH=/opt/ros/humble /usr/bin/cmake --install /home/filip/ad_ws/build/ad_ws_interfaces
