[0.014s] Invoking command in '/home/filip/ad_ws/build/ad_ws_interfaces': CMAKE_PREFIX_PATH=/opt/ros/humble /usr/bin/cmake /home/filip/ad_ws/src/ad_ws_interfaces -DCMAKE_INSTALL_PREFIX=/home/filip/ad_ws/install/ad_ws_interfaces
[0.138s] -- The C compiler identification is GNU 11.4.0
[0.237s] -- The CXX compiler identification is GNU 11.4.0
[0.249s] -- Detecting C compiler ABI info
[0.351s] -- Detecting C compiler ABI info - done
[0.362s] -- Check for working C compiler: /usr/bin/cc - skipped
[0.362s] -- Detecting C compile features
[0.363s] -- Detecting C compile features - done
[0.368s] -- Detecting CXX compiler ABI info
[0.484s] -- Detecting CXX compiler ABI info - done
[0.494s] -- Check for working CXX compiler: /usr/bin/c++ - skipped
[0.495s] -- Detecting CXX compile features
[0.495s] -- Detecting CXX compile features - done
[0.499s] -- Found ament_cmake: 1.3.10 (/opt/ros/humble/share/ament_cmake/cmake)
[0.709s] -- Found Python3: /usr/bin/python3 (found version "3.10.12") found components: Interpreter 
[0.836s] -- Found ament_lint_auto: 0.12.11 (/opt/ros/humble/share/ament_lint_auto/cmake)
[0.940s] -- Added test 'lint_cmake' to check CMake code style
[0.941s] -- Added test 'xmllint' to check XML markup files
[0.943s] -- Configuring done
[0.946s] -- Generating done
[0.947s] -- Build files have been written to: /home/filip/ad_ws/build/ad_ws_interfaces
[0.952s] Invoked command in '/home/filip/ad_ws/build/ad_ws_interfaces' returned '0': CMAKE_PREFIX_PATH=/opt/ros/humble /usr/bin/cmake /home/filip/ad_ws/src/ad_ws_interfaces -DCMAKE_INSTALL_PREFIX=/home/filip/ad_ws/install/ad_ws_interfaces
[0.955s] Invoking command in '/home/filip/ad_ws/build/ad_ws_interfaces': CMAKE_PREFIX_PATH=/opt/ros/humble /usr/bin/cmake --build /home/filip/ad_ws/build/ad_ws_interfaces -- -j16 -l16
[1.006s] Invoked command in '/home/filip/ad_ws/build/ad_ws_interfaces' returned '0': CMAKE_PREFIX_PATH=/opt/ros/humble /usr/bin/cmake --build /home/filip/ad_ws/build/ad_ws_interfaces -- -j16 -l16
[1.050s] Invoking command in '/home/filip/ad_ws/build/ad_ws_interfaces': CMAKE_PREFIX_PATH=/opt/ros/humble /usr/bin/cmake --install /home/filip/ad_ws/build/ad_ws_interfaces
[1.060s] -- Install configuration: ""
[1.060s] -- Installing: /home/filip/ad_ws/install/ad_ws_interfaces/share/ament_index/resource_index/package_run_dependencies/ad_ws_interfaces
[1.060s] -- Installing: /home/filip/ad_ws/install/ad_ws_interfaces/share/ament_index/resource_index/parent_prefix_path/ad_ws_interfaces
[1.060s] -- Installing: /home/filip/ad_ws/install/ad_ws_interfaces/share/ad_ws_interfaces/environment/ament_prefix_path.sh
[1.061s] -- Installing: /home/filip/ad_ws/install/ad_ws_interfaces/share/ad_ws_interfaces/environment/ament_prefix_path.dsv
[1.061s] -- Installing: /home/filip/ad_ws/install/ad_ws_interfaces/share/ad_ws_interfaces/environment/path.sh
[1.061s] -- Installing: /home/filip/ad_ws/install/ad_ws_interfaces/share/ad_ws_interfaces/environment/path.dsv
[1.061s] -- Installing: /home/filip/ad_ws/install/ad_ws_interfaces/share/ad_ws_interfaces/local_setup.bash
[1.061s] -- Installing: /home/filip/ad_ws/install/ad_ws_interfaces/share/ad_ws_interfaces/local_setup.sh
[1.061s] -- Installing: /home/filip/ad_ws/install/ad_ws_interfaces/share/ad_ws_interfaces/local_setup.zsh
[1.061s] -- Installing: /home/filip/ad_ws/install/ad_ws_interfaces/share/ad_ws_interfaces/local_setup.dsv
[1.061s] -- Installing: /home/filip/ad_ws/install/ad_ws_interfaces/share/ad_ws_interfaces/package.dsv
[1.062s] -- Installing: /home/filip/ad_ws/install/ad_ws_interfaces/share/ament_index/resource_index/packages/ad_ws_interfaces
[1.062s] -- Installing: /home/filip/ad_ws/install/ad_ws_interfaces/share/ad_ws_interfaces/cmake/ad_ws_interfacesConfig.cmake
[1.062s] -- Installing: /home/filip/ad_ws/install/ad_ws_interfaces/share/ad_ws_interfaces/cmake/ad_ws_interfacesConfig-version.cmake
[1.062s] -- Installing: /home/filip/ad_ws/install/ad_ws_interfaces/share/ad_ws_interfaces/package.xml
[1.064s] Invoked command in '/home/filip/ad_ws/build/ad_ws_interfaces' returned '0': CMAKE_PREFIX_PATH=/opt/ros/humble /usr/bin/cmake --install /home/filip/ad_ws/build/ad_ws_interfaces
