[0.491s] Invoking command in '/home/filip/ad_ws/src/signal_operations': CMAKE_PREFIX_PATH=/home/filip/ad_ws/install/ad_ws_interfaces:/home/filip/ad_ws/install/bluespace_ai_xsens_mti_driver PYTHONPATH=/home/filip/ad_ws/build/signal_operations/prefix_override:/usr/lib/python3/dist-packages/colcon_core/task/python/colcon_distutils_commands:/home/filip/ad_ws/install/signal_operations/lib/python3.10/site-packages:${PYTHONPATH} /usr/bin/python3 -W ignore:setup.py install is deprecated setup.py egg_info --egg-base ../../build/signal_operations build --build-base /home/filip/ad_ws/build/signal_operations/build install --record /home/filip/ad_ws/build/signal_operations/install.log --single-version-externally-managed install_data
[0.683s] running egg_info
[0.683s] writing ../../build/signal_operations/signal_operations.egg-info/PKG-INFO
[0.683s] writing dependency_links to ../../build/signal_operations/signal_operations.egg-info/dependency_links.txt
[0.683s] writing entry points to ../../build/signal_operations/signal_operations.egg-info/entry_points.txt
[0.684s] writing requirements to ../../build/signal_operations/signal_operations.egg-info/requires.txt
[0.684s] writing top-level names to ../../build/signal_operations/signal_operations.egg-info/top_level.txt
[0.684s] reading manifest file '../../build/signal_operations/signal_operations.egg-info/SOURCES.txt'
[0.685s] adding license file 'LICENSE'
[0.685s] writing manifest file '../../build/signal_operations/signal_operations.egg-info/SOURCES.txt'
[0.685s] running build
[0.685s] running build_py
[0.685s] copying signal_operations/subscriber_function.py -> /home/filip/ad_ws/build/signal_operations/build/lib/signal_operations
[0.685s] running install
[0.685s] running install_lib
[0.685s] copying /home/filip/ad_ws/build/signal_operations/build/lib/signal_operations/subscriber_function.py -> /home/filip/ad_ws/install/signal_operations/lib/python3.10/site-packages/signal_operations
[0.686s] byte-compiling /home/filip/ad_ws/install/signal_operations/lib/python3.10/site-packages/signal_operations/subscriber_function.py to subscriber_function.cpython-310.pyc
[0.686s] running install_data
[0.686s] running install_egg_info
[0.687s] removing '/home/filip/ad_ws/install/signal_operations/lib/python3.10/site-packages/signal_operations-0.0.0-py3.10.egg-info' (and everything under it)
[0.687s] Copying ../../build/signal_operations/signal_operations.egg-info to /home/filip/ad_ws/install/signal_operations/lib/python3.10/site-packages/signal_operations-0.0.0-py3.10.egg-info
[0.688s] running install_scripts
[0.700s] Installing publisher script to /home/filip/ad_ws/install/signal_operations/lib/signal_operations
[0.700s] Installing subsriber script to /home/filip/ad_ws/install/signal_operations/lib/signal_operations
[0.700s] writing list of installed files to '/home/filip/ad_ws/build/signal_operations/install.log'
[0.714s] Invoked command in '/home/filip/ad_ws/src/signal_operations' returned '0': CMAKE_PREFIX_PATH=/home/filip/ad_ws/install/ad_ws_interfaces:/home/filip/ad_ws/install/bluespace_ai_xsens_mti_driver PYTHONPATH=/home/filip/ad_ws/build/signal_operations/prefix_override:/usr/lib/python3/dist-packages/colcon_core/task/python/colcon_distutils_commands:/home/filip/ad_ws/install/signal_operations/lib/python3.10/site-packages:${PYTHONPATH} /usr/bin/python3 -W ignore:setup.py install is deprecated setup.py egg_info --egg-base ../../build/signal_operations build --build-base /home/filip/ad_ws/build/signal_operations/build install --record /home/filip/ad_ws/build/signal_operations/install.log --single-version-externally-managed install_data
