[0.005s] Invoking command in '/home/filip/ad_ws/build/bluespace_ai_xsens_mti_driver': CMAKE_PREFIX_PATH=${CMAKE_PREFIX_PATH}:/home/filip/ad_ws/install/signal_operations /usr/bin/cmake /home/filip/ad_ws/src/bluespace_ai_xsens_ros_mti_driver-ros2_0_galactic -DCMAKE_INSTALL_PREFIX=/home/filip/ad_ws/install/bluespace_ai_xsens_mti_driver
[0.009s] [0mCMake Deprecation Warning at CMakeLists.txt:1 (cmake_minimum_required):
[0.010s]   Compatibility with CMake < 2.8.12 will be removed from a future version of
[0.010s]   CMake.
[0.010s] 
[0.010s]   Update the VERSION argument <min> value or use a ...<max> suffix to tell
[0.010s]   CMake that the project does not need compatibility with older versions.
[0.010s] 
[0.010s] [0m
[0.024s] [31mCMake Error at CMakeLists.txt:12 (find_package):
[0.025s]   By not providing "Findament_cmake.cmake" in CMAKE_MODULE_PATH this project
[0.025s]   has asked CMake to find a package configuration file provided by
[0.025s]   "ament_cmake", but CMake did not find one.
[0.025s] 
[0.025s]   Could not find a package configuration file provided by "ament_cmake" with
[0.025s]   any of the following names:
[0.026s] 
[0.026s]     ament_cmakeConfig.cmake
[0.026s]     ament_cmake-config.cmake
[0.026s] 
[0.026s]   Add the installation prefix of "ament_cmake" to CMAKE_PREFIX_PATH or set
[0.026s]   "ament_cmake_DIR" to a directory containing one of the above files.  If
[0.026s]   "ament_cmake" provides a separate development package or SDK, be sure it
[0.027s]   has been installed.
[0.027s] 
[0.028s] [0m
[0.028s] -- Configuring incomplete, errors occurred!
[0.028s] See also "/home/filip/ad_ws/build/bluespace_ai_xsens_mti_driver/CMakeFiles/CMakeOutput.log".
[0.028s] Invoked command in '/home/filip/ad_ws/build/bluespace_ai_xsens_mti_driver' returned '1': CMAKE_PREFIX_PATH=${CMAKE_PREFIX_PATH}:/home/filip/ad_ws/install/signal_operations /usr/bin/cmake /home/filip/ad_ws/src/bluespace_ai_xsens_ros_mti_driver-ros2_0_galactic -DCMAKE_INSTALL_PREFIX=/home/filip/ad_ws/install/bluespace_ai_xsens_mti_driver
