[0.014s] Invoking command in '/home/filip/ad_ws/build/ad_ws_interfaces': CMAKE_PREFIX_PATH=${CMAKE_PREFIX_PATH}:/home/filip/ad_ws/install/signal_operations:/opt/ros/humble /usr/bin/cmake --build /home/filip/ad_ws/build/ad_ws_interfaces -- -j16 -l16
[0.051s] -- Found ament_cmake: 1.3.10 (/opt/ros/humble/share/ament_cmake/cmake)
[0.244s] -- Found rosidl_default_generators: 1.2.0 (/opt/ros/humble/share/rosidl_default_generators/cmake)
[0.246s] -- Using all available rosidl_typesupport_c: rosidl_typesupport_fastrtps_c;rosidl_typesupport_introspection_c
[0.250s] -- Found rosidl_adapter: 3.1.5 (/opt/ros/humble/share/rosidl_adapter/cmake)
[0.288s] -- Using all available rosidl_typesupport_cpp: rosidl_typesupport_fastrtps_cpp;rosidl_typesupport_introspection_cpp
[0.682s] -- Found ament_cmake_ros: 0.10.0 (/opt/ros/humble/share/ament_cmake_ros/cmake)
[0.951s] -- Using all available rosidl_typesupport_c: rosidl_typesupport_fastrtps_c;rosidl_typesupport_introspection_c
[1.296s] -- Using all available rosidl_typesupport_cpp: rosidl_typesupport_fastrtps_cpp;rosidl_typesupport_introspection_cpp
[1.321s] -- Found python_cmake_module: 0.10.0 (/opt/ros/humble/share/python_cmake_module/cmake)
[1.352s] -- Using PYTHON_EXECUTABLE: /usr/bin/python3
[1.352s] -- Using PYTHON_INCLUDE_DIRS: /usr/include/python3.10
[1.352s] -- Using PYTHON_LIBRARIES: /usr/lib/x86_64-linux-gnu/libpython3.10.so
[1.368s] -- Configuring done
[1.395s] -- Generating done
[1.397s] -- Build files have been written to: /home/filip/ad_ws/build/ad_ws_interfaces
[1.422s] [  2%] [34m[1mGenerating C code for ROS interfaces[0m
[1.436s] [  5%] [34m[1mGenerating C++ code for ROS interfaces[0m
[1.448s] [  5%] Built target ament_cmake_python_copy_ad_ws_interfaces
[1.772s] running egg_info
[1.773s] writing ad_ws_interfaces.egg-info/PKG-INFO
[1.774s] writing dependency_links to ad_ws_interfaces.egg-info/dependency_links.txt
[1.774s] writing top-level names to ad_ws_interfaces.egg-info/top_level.txt
[1.777s] reading manifest file 'ad_ws_interfaces.egg-info/SOURCES.txt'
[1.778s] writing manifest file 'ad_ws_interfaces.egg-info/SOURCES.txt'
[1.816s] [  5%] Built target ament_cmake_python_build_ad_ws_interfaces_egg
[1.829s] [  5%] Built target ad_ws_interfaces__cpp
[1.844s] [  7%] [34m[1mGenerating C++ type support dispatch for ROS interfaces[0m
[1.844s] [ 10%] [34m[1mGenerating C++ type support for eProsima Fast-RTPS[0m
[1.844s] [ 12%] [34m[1mGenerating C++ introspection for ROS interfaces[0m
[1.921s] [35m[1mConsolidate compiler generated dependencies of target ad_ws_interfaces__rosidl_generator_c[0m
[1.940s] [ 15%] [32mBuilding C object CMakeFiles/ad_ws_interfaces__rosidl_generator_c.dir/rosidl_generator_c/ad_ws_interfaces/msg/detail/signal__functions.c.o[0m
[1.940s] [ 17%] [32mBuilding C object CMakeFiles/ad_ws_interfaces__rosidl_generator_c.dir/rosidl_generator_c/ad_ws_interfaces/msg/detail/xsens__functions.c.o[0m
[2.022s] [ 20%] [32m[1mLinking C shared library libad_ws_interfaces__rosidl_generator_c.so[0m
[2.086s] [ 20%] Built target ad_ws_interfaces__rosidl_generator_c
[2.101s] [ 23%] [34m[1mGenerating C type support dispatch for ROS interfaces[0m
[2.104s] [ 25%] [34m[1mGenerating C introspection for ROS interfaces[0m
[2.104s] [ 28%] [34m[1mGenerating C type support for eProsima Fast-RTPS[0m
[2.207s] [35m[1mConsolidate compiler generated dependencies of target ad_ws_interfaces__rosidl_typesupport_cpp[0m
[2.228s] [ 30%] [32mBuilding CXX object CMakeFiles/ad_ws_interfaces__rosidl_typesupport_cpp.dir/rosidl_typesupport_cpp/ad_ws_interfaces/msg/signal__type_support.cpp.o[0m
[2.229s] [ 33%] [32mBuilding CXX object CMakeFiles/ad_ws_interfaces__rosidl_typesupport_cpp.dir/rosidl_typesupport_cpp/ad_ws_interfaces/msg/xsens__type_support.cpp.o[0m
[2.231s] [35m[1mConsolidate compiler generated dependencies of target ad_ws_interfaces__rosidl_typesupport_introspection_cpp[0m
[2.250s] [ 35%] [32mBuilding CXX object CMakeFiles/ad_ws_interfaces__rosidl_typesupport_introspection_cpp.dir/rosidl_typesupport_introspection_cpp/ad_ws_interfaces/msg/detail/signal__type_support.cpp.o[0m
[2.252s] [35m[1mConsolidate compiler generated dependencies of target ad_ws_interfaces__rosidl_typesupport_fastrtps_cpp[0m
[2.252s] [ 38%] [32mBuilding CXX object CMakeFiles/ad_ws_interfaces__rosidl_typesupport_introspection_cpp.dir/rosidl_typesupport_introspection_cpp/ad_ws_interfaces/msg/detail/xsens__type_support.cpp.o[0m
[2.273s] [ 41%] [32mBuilding CXX object CMakeFiles/ad_ws_interfaces__rosidl_typesupport_fastrtps_cpp.dir/rosidl_typesupport_fastrtps_cpp/ad_ws_interfaces/msg/detail/dds_fastrtps/signal__type_support.cpp.o[0m
[2.277s] [ 43%] [32mBuilding CXX object CMakeFiles/ad_ws_interfaces__rosidl_typesupport_fastrtps_cpp.dir/rosidl_typesupport_fastrtps_cpp/ad_ws_interfaces/msg/detail/dds_fastrtps/xsens__type_support.cpp.o[0m
[2.524s] [35m[1mConsolidate compiler generated dependencies of target ad_ws_interfaces__rosidl_typesupport_introspection_c[0m
[2.541s] [ 46%] [32mBuilding C object CMakeFiles/ad_ws_interfaces__rosidl_typesupport_introspection_c.dir/rosidl_typesupport_introspection_c/ad_ws_interfaces/msg/detail/xsens__type_support.c.o[0m
[2.547s] [ 48%] [32mBuilding C object CMakeFiles/ad_ws_interfaces__rosidl_typesupport_introspection_c.dir/rosidl_typesupport_introspection_c/ad_ws_interfaces/msg/detail/signal__type_support.c.o[0m
[2.593s] [35m[1mConsolidate compiler generated dependencies of target ad_ws_interfaces__rosidl_typesupport_c[0m
[2.604s] [ 51%] [32m[1mLinking C shared library libad_ws_interfaces__rosidl_typesupport_introspection_c.so[0m
[2.614s] [ 53%] [32mBuilding CXX object CMakeFiles/ad_ws_interfaces__rosidl_typesupport_c.dir/rosidl_typesupport_c/ad_ws_interfaces/msg/signal__type_support.cpp.o[0m
[2.615s] [ 56%] [32mBuilding CXX object CMakeFiles/ad_ws_interfaces__rosidl_typesupport_c.dir/rosidl_typesupport_c/ad_ws_interfaces/msg/xsens__type_support.cpp.o[0m
[2.634s] [ 58%] [32m[1mLinking CXX shared library libad_ws_interfaces__rosidl_typesupport_cpp.so[0m
[2.642s] [35m[1mConsolidate compiler generated dependencies of target ad_ws_interfaces__rosidl_typesupport_fastrtps_c[0m
[2.649s] [ 58%] Built target ad_ws_interfaces__rosidl_typesupport_introspection_c
[2.663s] [ 61%] [32m[1mLinking CXX shared library libad_ws_interfaces__rosidl_typesupport_c.so[0m
[2.665s] [ 64%] [32mBuilding CXX object CMakeFiles/ad_ws_interfaces__rosidl_typesupport_fastrtps_c.dir/rosidl_typesupport_fastrtps_c/ad_ws_interfaces/msg/detail/xsens__type_support_c.cpp.o[0m
[2.668s] [ 66%] [32mBuilding CXX object CMakeFiles/ad_ws_interfaces__rosidl_typesupport_fastrtps_c.dir/rosidl_typesupport_fastrtps_c/ad_ws_interfaces/msg/detail/signal__type_support_c.cpp.o[0m
[2.699s] [ 66%] Built target ad_ws_interfaces__rosidl_typesupport_cpp
[2.739s] [ 66%] Built target ad_ws_interfaces__rosidl_typesupport_c
[2.907s] [ 69%] [32m[1mLinking CXX shared library libad_ws_interfaces__rosidl_typesupport_introspection_cpp.so[0m
[2.974s] [ 69%] Built target ad_ws_interfaces__rosidl_typesupport_introspection_cpp
[2.987s] [ 71%] [32m[1mLinking CXX shared library libad_ws_interfaces__rosidl_typesupport_fastrtps_cpp.so[0m
[3.096s] [ 71%] Built target ad_ws_interfaces__rosidl_typesupport_fastrtps_cpp
[3.134s] [ 74%] [32m[1mLinking CXX shared library libad_ws_interfaces__rosidl_typesupport_fastrtps_c.so[0m
[3.217s] [ 74%] Built target ad_ws_interfaces__rosidl_typesupport_fastrtps_c
[3.240s] [ 74%] Built target ad_ws_interfaces
[3.264s] [ 76%] [34m[1mGenerating Python code for ROS interfaces[0m
[3.618s] [ 76%] Built target ad_ws_interfaces__py
[3.632s] [35m[1mConsolidate compiler generated dependencies of target ad_ws_interfaces__rosidl_generator_py[0m
[3.649s] [ 82%] [32mBuilding C object CMakeFiles/ad_ws_interfaces__rosidl_generator_py.dir/rosidl_generator_py/ad_ws_interfaces/msg/_xsens_s.c.o[0m
[3.649s] [ 82%] [32mBuilding C object CMakeFiles/ad_ws_interfaces__rosidl_generator_py.dir/rosidl_generator_py/ad_ws_interfaces/msg/_signal_s.c.o[0m
[3.770s] [ 84%] [32m[1mLinking C shared library rosidl_generator_py/ad_ws_interfaces/libad_ws_interfaces__rosidl_generator_py.so[0m
[3.816s] [ 84%] Built target ad_ws_interfaces__rosidl_generator_py
[3.829s] [35m[1mConsolidate compiler generated dependencies of target ad_ws_interfaces__rosidl_typesupport_c__pyext[0m
[3.830s] [35m[1mConsolidate compiler generated dependencies of target ad_ws_interfaces__rosidl_typesupport_fastrtps_c__pyext[0m
[3.832s] [35m[1mConsolidate compiler generated dependencies of target ad_ws_interfaces__rosidl_typesupport_introspection_c__pyext[0m
[3.847s] [ 87%] [32mBuilding C object CMakeFiles/ad_ws_interfaces__rosidl_typesupport_fastrtps_c__pyext.dir/rosidl_generator_py/ad_ws_interfaces/_ad_ws_interfaces_s.ep.rosidl_typesupport_fastrtps_c.c.o[0m
[3.849s] [ 89%] [32mBuilding C object CMakeFiles/ad_ws_interfaces__rosidl_typesupport_c__pyext.dir/rosidl_generator_py/ad_ws_interfaces/_ad_ws_interfaces_s.ep.rosidl_typesupport_c.c.o[0m
[3.850s] [ 92%] [32mBuilding C object CMakeFiles/ad_ws_interfaces__rosidl_typesupport_introspection_c__pyext.dir/rosidl_generator_py/ad_ws_interfaces/_ad_ws_interfaces_s.ep.rosidl_typesupport_introspection_c.c.o[0m
[3.977s] [ 94%] [32m[1mLinking C shared library rosidl_generator_py/ad_ws_interfaces/ad_ws_interfaces_s__rosidl_typesupport_introspection_c.cpython-310-x86_64-linux-gnu.so[0m
[3.980s] [ 97%] [32m[1mLinking C shared library rosidl_generator_py/ad_ws_interfaces/ad_ws_interfaces_s__rosidl_typesupport_fastrtps_c.cpython-310-x86_64-linux-gnu.so[0m
[3.980s] [100%] [32m[1mLinking C shared library rosidl_generator_py/ad_ws_interfaces/ad_ws_interfaces_s__rosidl_typesupport_c.cpython-310-x86_64-linux-gnu.so[0m
[4.026s] [100%] Built target ad_ws_interfaces__rosidl_typesupport_introspection_c__pyext
[4.028s] [100%] Built target ad_ws_interfaces__rosidl_typesupport_c__pyext
[4.030s] [100%] Built target ad_ws_interfaces__rosidl_typesupport_fastrtps_c__pyext
[4.046s] Invoked command in '/home/filip/ad_ws/build/ad_ws_interfaces' returned '0': CMAKE_PREFIX_PATH=${CMAKE_PREFIX_PATH}:/home/filip/ad_ws/install/signal_operations:/opt/ros/humble /usr/bin/cmake --build /home/filip/ad_ws/build/ad_ws_interfaces -- -j16 -l16
[4.148s] Invoking command in '/home/filip/ad_ws/build/ad_ws_interfaces': CMAKE_PREFIX_PATH=${CMAKE_PREFIX_PATH}:/home/filip/ad_ws/install/signal_operations:/opt/ros/humble /usr/bin/cmake --install /home/filip/ad_ws/build/ad_ws_interfaces
[4.156s] -- Install configuration: ""
[4.156s] -- Up-to-date: /home/filip/ad_ws/install/ad_ws_interfaces/share/ament_index/resource_index/rosidl_interfaces/ad_ws_interfaces
[4.157s] -- Up-to-date: /home/filip/ad_ws/install/ad_ws_interfaces/include/ad_ws_interfaces/ad_ws_interfaces
[4.157s] -- Up-to-date: /home/filip/ad_ws/install/ad_ws_interfaces/include/ad_ws_interfaces/ad_ws_interfaces/msg
[4.157s] -- Installing: /home/filip/ad_ws/install/ad_ws_interfaces/include/ad_ws_interfaces/ad_ws_interfaces/msg/signal.h
[4.157s] -- Up-to-date: /home/filip/ad_ws/install/ad_ws_interfaces/include/ad_ws_interfaces/ad_ws_interfaces/msg/detail
[4.157s] -- Installing: /home/filip/ad_ws/install/ad_ws_interfaces/include/ad_ws_interfaces/ad_ws_interfaces/msg/detail/xsens__struct.h
[4.157s] -- Installing: /home/filip/ad_ws/install/ad_ws_interfaces/include/ad_ws_interfaces/ad_ws_interfaces/msg/detail/xsens__type_support.h
[4.157s] -- Installing: /home/filip/ad_ws/install/ad_ws_interfaces/include/ad_ws_interfaces/ad_ws_interfaces/msg/detail/signal__functions.c
[4.157s] -- Installing: /home/filip/ad_ws/install/ad_ws_interfaces/include/ad_ws_interfaces/ad_ws_interfaces/msg/detail/signal__functions.h
[4.157s] -- Installing: /home/filip/ad_ws/install/ad_ws_interfaces/include/ad_ws_interfaces/ad_ws_interfaces/msg/detail/xsens__functions.h
[4.157s] -- Installing: /home/filip/ad_ws/install/ad_ws_interfaces/include/ad_ws_interfaces/ad_ws_interfaces/msg/detail/signal__type_support.h
[4.157s] -- Installing: /home/filip/ad_ws/install/ad_ws_interfaces/include/ad_ws_interfaces/ad_ws_interfaces/msg/detail/signal__struct.h
[4.157s] -- Installing: /home/filip/ad_ws/install/ad_ws_interfaces/include/ad_ws_interfaces/ad_ws_interfaces/msg/detail/xsens__functions.c
[4.157s] -- Up-to-date: /home/filip/ad_ws/install/ad_ws_interfaces/include/ad_ws_interfaces/ad_ws_interfaces/msg/rosidl_generator_c__visibility_control.h
[4.158s] -- Installing: /home/filip/ad_ws/install/ad_ws_interfaces/include/ad_ws_interfaces/ad_ws_interfaces/msg/xsens.h
[4.158s] -- Up-to-date: /home/filip/ad_ws/install/ad_ws_interfaces/share/ad_ws_interfaces/environment/library_path.sh
[4.158s] -- Installing: /home/filip/ad_ws/install/ad_ws_interfaces/share/ad_ws_interfaces/environment/library_path.dsv
[4.158s] -- Installing: /home/filip/ad_ws/install/ad_ws_interfaces/lib/libad_ws_interfaces__rosidl_generator_c.so
[4.158s] -- Set runtime path of "/home/filip/ad_ws/install/ad_ws_interfaces/lib/libad_ws_interfaces__rosidl_generator_c.so" to ""
[4.158s] -- Up-to-date: /home/filip/ad_ws/install/ad_ws_interfaces/include/ad_ws_interfaces/ad_ws_interfaces
[4.158s] -- Up-to-date: /home/filip/ad_ws/install/ad_ws_interfaces/include/ad_ws_interfaces/ad_ws_interfaces/msg
[4.158s] -- Up-to-date: /home/filip/ad_ws/install/ad_ws_interfaces/include/ad_ws_interfaces/ad_ws_interfaces/msg/detail
[4.158s] -- Installing: /home/filip/ad_ws/install/ad_ws_interfaces/include/ad_ws_interfaces/ad_ws_interfaces/msg/detail/xsens__rosidl_typesupport_fastrtps_c.h
[4.158s] -- Installing: /home/filip/ad_ws/install/ad_ws_interfaces/include/ad_ws_interfaces/ad_ws_interfaces/msg/detail/signal__rosidl_typesupport_fastrtps_c.h
[4.158s] -- Up-to-date: /home/filip/ad_ws/install/ad_ws_interfaces/include/ad_ws_interfaces/ad_ws_interfaces/msg/rosidl_typesupport_fastrtps_c__visibility_control.h
[4.158s] -- Installing: /home/filip/ad_ws/install/ad_ws_interfaces/lib/libad_ws_interfaces__rosidl_typesupport_fastrtps_c.so
[4.158s] -- Set runtime path of "/home/filip/ad_ws/install/ad_ws_interfaces/lib/libad_ws_interfaces__rosidl_typesupport_fastrtps_c.so" to ""
[4.158s] -- Up-to-date: /home/filip/ad_ws/install/ad_ws_interfaces/include/ad_ws_interfaces/ad_ws_interfaces
[4.159s] -- Up-to-date: /home/filip/ad_ws/install/ad_ws_interfaces/include/ad_ws_interfaces/ad_ws_interfaces/msg
[4.159s] -- Up-to-date: /home/filip/ad_ws/install/ad_ws_interfaces/include/ad_ws_interfaces/ad_ws_interfaces/msg/rosidl_typesupport_introspection_c__visibility_control.h
[4.159s] -- Up-to-date: /home/filip/ad_ws/install/ad_ws_interfaces/include/ad_ws_interfaces/ad_ws_interfaces/msg/detail
[4.159s] -- Installing: /home/filip/ad_ws/install/ad_ws_interfaces/include/ad_ws_interfaces/ad_ws_interfaces/msg/detail/signal__type_support.c
[4.159s] -- Installing: /home/filip/ad_ws/install/ad_ws_interfaces/include/ad_ws_interfaces/ad_ws_interfaces/msg/detail/xsens__rosidl_typesupport_introspection_c.h
[4.159s] -- Installing: /home/filip/ad_ws/install/ad_ws_interfaces/include/ad_ws_interfaces/ad_ws_interfaces/msg/detail/xsens__type_support.c
[4.159s] -- Installing: /home/filip/ad_ws/install/ad_ws_interfaces/include/ad_ws_interfaces/ad_ws_interfaces/msg/detail/signal__rosidl_typesupport_introspection_c.h
[4.159s] -- Installing: /home/filip/ad_ws/install/ad_ws_interfaces/lib/libad_ws_interfaces__rosidl_typesupport_introspection_c.so
[4.159s] -- Set runtime path of "/home/filip/ad_ws/install/ad_ws_interfaces/lib/libad_ws_interfaces__rosidl_typesupport_introspection_c.so" to ""
[4.159s] -- Installing: /home/filip/ad_ws/install/ad_ws_interfaces/lib/libad_ws_interfaces__rosidl_typesupport_c.so
[4.159s] -- Set runtime path of "/home/filip/ad_ws/install/ad_ws_interfaces/lib/libad_ws_interfaces__rosidl_typesupport_c.so" to ""
[4.160s] -- Up-to-date: /home/filip/ad_ws/install/ad_ws_interfaces/include/ad_ws_interfaces/ad_ws_interfaces
[4.160s] -- Up-to-date: /home/filip/ad_ws/install/ad_ws_interfaces/include/ad_ws_interfaces/ad_ws_interfaces/msg
[4.160s] -- Up-to-date: /home/filip/ad_ws/install/ad_ws_interfaces/include/ad_ws_interfaces/ad_ws_interfaces/msg/detail
[4.160s] -- Installing: /home/filip/ad_ws/install/ad_ws_interfaces/include/ad_ws_interfaces/ad_ws_interfaces/msg/detail/xsens__traits.hpp
[4.160s] -- Installing: /home/filip/ad_ws/install/ad_ws_interfaces/include/ad_ws_interfaces/ad_ws_interfaces/msg/detail/xsens__builder.hpp
[4.160s] -- Installing: /home/filip/ad_ws/install/ad_ws_interfaces/include/ad_ws_interfaces/ad_ws_interfaces/msg/detail/xsens__struct.hpp
[4.160s] -- Installing: /home/filip/ad_ws/install/ad_ws_interfaces/include/ad_ws_interfaces/ad_ws_interfaces/msg/detail/signal__traits.hpp
[4.160s] -- Installing: /home/filip/ad_ws/install/ad_ws_interfaces/include/ad_ws_interfaces/ad_ws_interfaces/msg/detail/signal__builder.hpp
[4.160s] -- Installing: /home/filip/ad_ws/install/ad_ws_interfaces/include/ad_ws_interfaces/ad_ws_interfaces/msg/detail/signal__struct.hpp
[4.160s] -- Installing: /home/filip/ad_ws/install/ad_ws_interfaces/include/ad_ws_interfaces/ad_ws_interfaces/msg/xsens.hpp
[4.160s] -- Installing: /home/filip/ad_ws/install/ad_ws_interfaces/include/ad_ws_interfaces/ad_ws_interfaces/msg/signal.hpp
[4.160s] -- Up-to-date: /home/filip/ad_ws/install/ad_ws_interfaces/include/ad_ws_interfaces/ad_ws_interfaces
[4.160s] -- Up-to-date: /home/filip/ad_ws/install/ad_ws_interfaces/include/ad_ws_interfaces/ad_ws_interfaces/msg
[4.160s] -- Up-to-date: /home/filip/ad_ws/install/ad_ws_interfaces/include/ad_ws_interfaces/ad_ws_interfaces/msg/detail
[4.161s] -- Installing: /home/filip/ad_ws/install/ad_ws_interfaces/include/ad_ws_interfaces/ad_ws_interfaces/msg/detail/signal__rosidl_typesupport_fastrtps_cpp.hpp
[4.161s] -- Installing: /home/filip/ad_ws/install/ad_ws_interfaces/include/ad_ws_interfaces/ad_ws_interfaces/msg/detail/xsens__rosidl_typesupport_fastrtps_cpp.hpp
[4.161s] -- Up-to-date: /home/filip/ad_ws/install/ad_ws_interfaces/include/ad_ws_interfaces/ad_ws_interfaces/msg/detail/dds_fastrtps
[4.161s] -- Up-to-date: /home/filip/ad_ws/install/ad_ws_interfaces/include/ad_ws_interfaces/ad_ws_interfaces/msg/rosidl_typesupport_fastrtps_cpp__visibility_control.h
[4.161s] -- Installing: /home/filip/ad_ws/install/ad_ws_interfaces/lib/libad_ws_interfaces__rosidl_typesupport_fastrtps_cpp.so
[4.161s] -- Set runtime path of "/home/filip/ad_ws/install/ad_ws_interfaces/lib/libad_ws_interfaces__rosidl_typesupport_fastrtps_cpp.so" to ""
[4.161s] -- Up-to-date: /home/filip/ad_ws/install/ad_ws_interfaces/include/ad_ws_interfaces/ad_ws_interfaces
[4.161s] -- Up-to-date: /home/filip/ad_ws/install/ad_ws_interfaces/include/ad_ws_interfaces/ad_ws_interfaces/msg
[4.161s] -- Up-to-date: /home/filip/ad_ws/install/ad_ws_interfaces/include/ad_ws_interfaces/ad_ws_interfaces/msg/detail
[4.161s] -- Installing: /home/filip/ad_ws/install/ad_ws_interfaces/include/ad_ws_interfaces/ad_ws_interfaces/msg/detail/xsens__rosidl_typesupport_introspection_cpp.hpp
[4.161s] -- Installing: /home/filip/ad_ws/install/ad_ws_interfaces/include/ad_ws_interfaces/ad_ws_interfaces/msg/detail/signal__rosidl_typesupport_introspection_cpp.hpp
[4.161s] -- Installing: /home/filip/ad_ws/install/ad_ws_interfaces/include/ad_ws_interfaces/ad_ws_interfaces/msg/detail/signal__type_support.cpp
[4.161s] -- Installing: /home/filip/ad_ws/install/ad_ws_interfaces/include/ad_ws_interfaces/ad_ws_interfaces/msg/detail/xsens__type_support.cpp
[4.162s] -- Installing: /home/filip/ad_ws/install/ad_ws_interfaces/lib/libad_ws_interfaces__rosidl_typesupport_introspection_cpp.so
[4.162s] -- Set runtime path of "/home/filip/ad_ws/install/ad_ws_interfaces/lib/libad_ws_interfaces__rosidl_typesupport_introspection_cpp.so" to ""
[4.162s] -- Installing: /home/filip/ad_ws/install/ad_ws_interfaces/lib/libad_ws_interfaces__rosidl_typesupport_cpp.so
[4.162s] -- Set runtime path of "/home/filip/ad_ws/install/ad_ws_interfaces/lib/libad_ws_interfaces__rosidl_typesupport_cpp.so" to ""
[4.162s] -- Up-to-date: /home/filip/ad_ws/install/ad_ws_interfaces/share/ad_ws_interfaces/environment/pythonpath.sh
[4.162s] -- Installing: /home/filip/ad_ws/install/ad_ws_interfaces/share/ad_ws_interfaces/environment/pythonpath.dsv
[4.162s] -- Up-to-date: /home/filip/ad_ws/install/ad_ws_interfaces/local/lib/python3.10/dist-packages/ad_ws_interfaces-0.0.0-py3.10.egg-info
[4.162s] -- Installing: /home/filip/ad_ws/install/ad_ws_interfaces/local/lib/python3.10/dist-packages/ad_ws_interfaces-0.0.0-py3.10.egg-info/PKG-INFO
[4.162s] -- Installing: /home/filip/ad_ws/install/ad_ws_interfaces/local/lib/python3.10/dist-packages/ad_ws_interfaces-0.0.0-py3.10.egg-info/SOURCES.txt
[4.163s] -- Installing: /home/filip/ad_ws/install/ad_ws_interfaces/local/lib/python3.10/dist-packages/ad_ws_interfaces-0.0.0-py3.10.egg-info/top_level.txt
[4.163s] -- Installing: /home/filip/ad_ws/install/ad_ws_interfaces/local/lib/python3.10/dist-packages/ad_ws_interfaces-0.0.0-py3.10.egg-info/dependency_links.txt
[4.163s] -- Up-to-date: /home/filip/ad_ws/install/ad_ws_interfaces/local/lib/python3.10/dist-packages/ad_ws_interfaces
[4.163s] -- Installing: /home/filip/ad_ws/install/ad_ws_interfaces/local/lib/python3.10/dist-packages/ad_ws_interfaces/ad_ws_interfaces_s__rosidl_typesupport_introspection_c.cpython-310-x86_64-linux-gnu.so
[4.163s] -- Installing: /home/filip/ad_ws/install/ad_ws_interfaces/local/lib/python3.10/dist-packages/ad_ws_interfaces/__init__.py
[4.163s] -- Installing: /home/filip/ad_ws/install/ad_ws_interfaces/local/lib/python3.10/dist-packages/ad_ws_interfaces/ad_ws_interfaces_s__rosidl_typesupport_c.cpython-310-x86_64-linux-gnu.so
[4.163s] -- Installing: /home/filip/ad_ws/install/ad_ws_interfaces/local/lib/python3.10/dist-packages/ad_ws_interfaces/libad_ws_interfaces__rosidl_generator_py.so
[4.163s] -- Installing: /home/filip/ad_ws/install/ad_ws_interfaces/local/lib/python3.10/dist-packages/ad_ws_interfaces/_ad_ws_interfaces_s.ep.rosidl_typesupport_c.c
[4.163s] -- Up-to-date: /home/filip/ad_ws/install/ad_ws_interfaces/local/lib/python3.10/dist-packages/ad_ws_interfaces/msg
[4.163s] -- Installing: /home/filip/ad_ws/install/ad_ws_interfaces/local/lib/python3.10/dist-packages/ad_ws_interfaces/msg/_xsens_s.c
[4.163s] -- Installing: /home/filip/ad_ws/install/ad_ws_interfaces/local/lib/python3.10/dist-packages/ad_ws_interfaces/msg/__init__.py
[4.163s] -- Installing: /home/filip/ad_ws/install/ad_ws_interfaces/local/lib/python3.10/dist-packages/ad_ws_interfaces/msg/_signal.py
[4.163s] -- Installing: /home/filip/ad_ws/install/ad_ws_interfaces/local/lib/python3.10/dist-packages/ad_ws_interfaces/msg/_signal_s.c
[4.164s] -- Installing: /home/filip/ad_ws/install/ad_ws_interfaces/local/lib/python3.10/dist-packages/ad_ws_interfaces/msg/_xsens.py
[4.164s] -- Installing: /home/filip/ad_ws/install/ad_ws_interfaces/local/lib/python3.10/dist-packages/ad_ws_interfaces/_ad_ws_interfaces_s.ep.rosidl_typesupport_introspection_c.c
[4.164s] -- Installing: /home/filip/ad_ws/install/ad_ws_interfaces/local/lib/python3.10/dist-packages/ad_ws_interfaces/_ad_ws_interfaces_s.ep.rosidl_typesupport_fastrtps_c.c
[4.164s] -- Installing: /home/filip/ad_ws/install/ad_ws_interfaces/local/lib/python3.10/dist-packages/ad_ws_interfaces/ad_ws_interfaces_s__rosidl_typesupport_fastrtps_c.cpython-310-x86_64-linux-gnu.so
[4.201s] Listing '/home/filip/ad_ws/install/ad_ws_interfaces/local/lib/python3.10/dist-packages/ad_ws_interfaces'...
[4.202s] Compiling '/home/filip/ad_ws/install/ad_ws_interfaces/local/lib/python3.10/dist-packages/ad_ws_interfaces/__init__.py'...
[4.202s] Listing '/home/filip/ad_ws/install/ad_ws_interfaces/local/lib/python3.10/dist-packages/ad_ws_interfaces/msg'...
[4.202s] Compiling '/home/filip/ad_ws/install/ad_ws_interfaces/local/lib/python3.10/dist-packages/ad_ws_interfaces/msg/__init__.py'...
[4.202s] Compiling '/home/filip/ad_ws/install/ad_ws_interfaces/local/lib/python3.10/dist-packages/ad_ws_interfaces/msg/_signal.py'...
[4.202s] Compiling '/home/filip/ad_ws/install/ad_ws_interfaces/local/lib/python3.10/dist-packages/ad_ws_interfaces/msg/_xsens.py'...
[4.206s] -- Installing: /home/filip/ad_ws/install/ad_ws_interfaces/local/lib/python3.10/dist-packages/ad_ws_interfaces/ad_ws_interfaces_s__rosidl_typesupport_fastrtps_c.cpython-310-x86_64-linux-gnu.so
[4.207s] -- Set runtime path of "/home/filip/ad_ws/install/ad_ws_interfaces/local/lib/python3.10/dist-packages/ad_ws_interfaces/ad_ws_interfaces_s__rosidl_typesupport_fastrtps_c.cpython-310-x86_64-linux-gnu.so" to ""
[4.207s] -- Installing: /home/filip/ad_ws/install/ad_ws_interfaces/local/lib/python3.10/dist-packages/ad_ws_interfaces/ad_ws_interfaces_s__rosidl_typesupport_introspection_c.cpython-310-x86_64-linux-gnu.so
[4.207s] -- Set runtime path of "/home/filip/ad_ws/install/ad_ws_interfaces/local/lib/python3.10/dist-packages/ad_ws_interfaces/ad_ws_interfaces_s__rosidl_typesupport_introspection_c.cpython-310-x86_64-linux-gnu.so" to ""
[4.207s] -- Installing: /home/filip/ad_ws/install/ad_ws_interfaces/local/lib/python3.10/dist-packages/ad_ws_interfaces/ad_ws_interfaces_s__rosidl_typesupport_c.cpython-310-x86_64-linux-gnu.so
[4.207s] -- Set runtime path of "/home/filip/ad_ws/install/ad_ws_interfaces/local/lib/python3.10/dist-packages/ad_ws_interfaces/ad_ws_interfaces_s__rosidl_typesupport_c.cpython-310-x86_64-linux-gnu.so" to ""
[4.207s] -- Installing: /home/filip/ad_ws/install/ad_ws_interfaces/lib/libad_ws_interfaces__rosidl_generator_py.so
[4.208s] -- Set runtime path of "/home/filip/ad_ws/install/ad_ws_interfaces/lib/libad_ws_interfaces__rosidl_generator_py.so" to ""
[4.208s] -- Installing: /home/filip/ad_ws/install/ad_ws_interfaces/share/ad_ws_interfaces/msg/Xsens.idl
[4.208s] -- Up-to-date: /home/filip/ad_ws/install/ad_ws_interfaces/share/ad_ws_interfaces/msg/Signal.idl
[4.208s] -- Installing: /home/filip/ad_ws/install/ad_ws_interfaces/share/ad_ws_interfaces/msg/Xsens.msg
[4.208s] -- Up-to-date: /home/filip/ad_ws/install/ad_ws_interfaces/share/ad_ws_interfaces/msg/Signal.msg
[4.208s] -- Up-to-date: /home/filip/ad_ws/install/ad_ws_interfaces/share/ament_index/resource_index/package_run_dependencies/ad_ws_interfaces
[4.208s] -- Up-to-date: /home/filip/ad_ws/install/ad_ws_interfaces/share/ament_index/resource_index/parent_prefix_path/ad_ws_interfaces
[4.208s] -- Up-to-date: /home/filip/ad_ws/install/ad_ws_interfaces/share/ad_ws_interfaces/environment/ament_prefix_path.sh
[4.208s] -- Installing: /home/filip/ad_ws/install/ad_ws_interfaces/share/ad_ws_interfaces/environment/ament_prefix_path.dsv
[4.208s] -- Up-to-date: /home/filip/ad_ws/install/ad_ws_interfaces/share/ad_ws_interfaces/environment/path.sh
[4.208s] -- Installing: /home/filip/ad_ws/install/ad_ws_interfaces/share/ad_ws_interfaces/environment/path.dsv
[4.208s] -- Up-to-date: /home/filip/ad_ws/install/ad_ws_interfaces/share/ad_ws_interfaces/local_setup.bash
[4.208s] -- Up-to-date: /home/filip/ad_ws/install/ad_ws_interfaces/share/ad_ws_interfaces/local_setup.sh
[4.208s] -- Up-to-date: /home/filip/ad_ws/install/ad_ws_interfaces/share/ad_ws_interfaces/local_setup.zsh
[4.208s] -- Installing: /home/filip/ad_ws/install/ad_ws_interfaces/share/ad_ws_interfaces/local_setup.dsv
[4.209s] -- Installing: /home/filip/ad_ws/install/ad_ws_interfaces/share/ad_ws_interfaces/package.dsv
[4.209s] -- Up-to-date: /home/filip/ad_ws/install/ad_ws_interfaces/share/ament_index/resource_index/packages/ad_ws_interfaces
[4.209s] -- Up-to-date: /home/filip/ad_ws/install/ad_ws_interfaces/share/ad_ws_interfaces/cmake/export_ad_ws_interfaces__rosidl_generator_cExport.cmake
[4.209s] -- Up-to-date: /home/filip/ad_ws/install/ad_ws_interfaces/share/ad_ws_interfaces/cmake/export_ad_ws_interfaces__rosidl_generator_cExport-noconfig.cmake
[4.209s] -- Up-to-date: /home/filip/ad_ws/install/ad_ws_interfaces/share/ad_ws_interfaces/cmake/export_ad_ws_interfaces__rosidl_typesupport_fastrtps_cExport.cmake
[4.209s] -- Up-to-date: /home/filip/ad_ws/install/ad_ws_interfaces/share/ad_ws_interfaces/cmake/export_ad_ws_interfaces__rosidl_typesupport_fastrtps_cExport-noconfig.cmake
[4.209s] -- Up-to-date: /home/filip/ad_ws/install/ad_ws_interfaces/share/ad_ws_interfaces/cmake/ad_ws_interfaces__rosidl_typesupport_introspection_cExport.cmake
[4.209s] -- Up-to-date: /home/filip/ad_ws/install/ad_ws_interfaces/share/ad_ws_interfaces/cmake/ad_ws_interfaces__rosidl_typesupport_introspection_cExport-noconfig.cmake
[4.209s] -- Up-to-date: /home/filip/ad_ws/install/ad_ws_interfaces/share/ad_ws_interfaces/cmake/ad_ws_interfaces__rosidl_typesupport_cExport.cmake
[4.209s] -- Up-to-date: /home/filip/ad_ws/install/ad_ws_interfaces/share/ad_ws_interfaces/cmake/ad_ws_interfaces__rosidl_typesupport_cExport-noconfig.cmake
[4.209s] -- Up-to-date: /home/filip/ad_ws/install/ad_ws_interfaces/share/ad_ws_interfaces/cmake/export_ad_ws_interfaces__rosidl_generator_cppExport.cmake
[4.209s] -- Up-to-date: /home/filip/ad_ws/install/ad_ws_interfaces/share/ad_ws_interfaces/cmake/export_ad_ws_interfaces__rosidl_typesupport_fastrtps_cppExport.cmake
[4.209s] -- Up-to-date: /home/filip/ad_ws/install/ad_ws_interfaces/share/ad_ws_interfaces/cmake/export_ad_ws_interfaces__rosidl_typesupport_fastrtps_cppExport-noconfig.cmake
[4.209s] -- Up-to-date: /home/filip/ad_ws/install/ad_ws_interfaces/share/ad_ws_interfaces/cmake/ad_ws_interfaces__rosidl_typesupport_introspection_cppExport.cmake
[4.209s] -- Up-to-date: /home/filip/ad_ws/install/ad_ws_interfaces/share/ad_ws_interfaces/cmake/ad_ws_interfaces__rosidl_typesupport_introspection_cppExport-noconfig.cmake
[4.209s] -- Up-to-date: /home/filip/ad_ws/install/ad_ws_interfaces/share/ad_ws_interfaces/cmake/ad_ws_interfaces__rosidl_typesupport_cppExport.cmake
[4.209s] -- Up-to-date: /home/filip/ad_ws/install/ad_ws_interfaces/share/ad_ws_interfaces/cmake/ad_ws_interfaces__rosidl_typesupport_cppExport-noconfig.cmake
[4.209s] -- Up-to-date: /home/filip/ad_ws/install/ad_ws_interfaces/share/ad_ws_interfaces/cmake/export_ad_ws_interfaces__rosidl_generator_pyExport.cmake
[4.209s] -- Up-to-date: /home/filip/ad_ws/install/ad_ws_interfaces/share/ad_ws_interfaces/cmake/export_ad_ws_interfaces__rosidl_generator_pyExport-noconfig.cmake
[4.210s] -- Up-to-date: /home/filip/ad_ws/install/ad_ws_interfaces/share/ad_ws_interfaces/cmake/rosidl_cmake-extras.cmake
[4.210s] -- Up-to-date: /home/filip/ad_ws/install/ad_ws_interfaces/share/ad_ws_interfaces/cmake/ament_cmake_export_include_directories-extras.cmake
[4.210s] -- Up-to-date: /home/filip/ad_ws/install/ad_ws_interfaces/share/ad_ws_interfaces/cmake/ament_cmake_export_libraries-extras.cmake
[4.210s] -- Up-to-date: /home/filip/ad_ws/install/ad_ws_interfaces/share/ad_ws_interfaces/cmake/ament_cmake_export_targets-extras.cmake
[4.210s] -- Up-to-date: /home/filip/ad_ws/install/ad_ws_interfaces/share/ad_ws_interfaces/cmake/rosidl_cmake_export_typesupport_targets-extras.cmake
[4.210s] -- Up-to-date: /home/filip/ad_ws/install/ad_ws_interfaces/share/ad_ws_interfaces/cmake/ament_cmake_export_dependencies-extras.cmake
[4.210s] -- Up-to-date: /home/filip/ad_ws/install/ad_ws_interfaces/share/ad_ws_interfaces/cmake/rosidl_cmake_export_typesupport_libraries-extras.cmake
[4.210s] -- Up-to-date: /home/filip/ad_ws/install/ad_ws_interfaces/share/ad_ws_interfaces/cmake/ad_ws_interfacesConfig.cmake
[4.210s] -- Up-to-date: /home/filip/ad_ws/install/ad_ws_interfaces/share/ad_ws_interfaces/cmake/ad_ws_interfacesConfig-version.cmake
[4.210s] -- Up-to-date: /home/filip/ad_ws/install/ad_ws_interfaces/share/ad_ws_interfaces/package.xml
[4.212s] Invoked command in '/home/filip/ad_ws/build/ad_ws_interfaces' returned '0': CMAKE_PREFIX_PATH=${CMAKE_PREFIX_PATH}:/home/filip/ad_ws/install/signal_operations:/opt/ros/humble /usr/bin/cmake --install /home/filip/ad_ws/build/ad_ws_interfaces
