[0.456s] Invoking command in '/home/filip/ad_ws/src/signal_operations': LD_LIBRARY_PATH=/home/filip/ad_ws/install/ad_ws_interfaces/lib:/opt/ros/humble/opt/rviz_ogre_vendor/lib:/opt/ros/humble/lib/x86_64-linux-gnu:/opt/ros/humble/lib PYTHONPATH=/home/filip/ad_ws/build/signal_operations/prefix_override:/usr/lib/python3/dist-packages/colcon_core/task/python/colcon_distutils_commands:/home/filip/ad_ws/install/signal_operations/lib/python3.10/site-packages:${PYTHONPATH} /usr/bin/python3 -W ignore:setup.py install is deprecated setup.py egg_info --egg-base ../../build/signal_operations build --build-base /home/filip/ad_ws/build/signal_operations/build install --record /home/filip/ad_ws/build/signal_operations/install.log --single-version-externally-managed install_data
[0.653s] running egg_info
[0.653s] writing ../../build/signal_operations/signal_operations.egg-info/PKG-INFO
[0.653s] writing dependency_links to ../../build/signal_operations/signal_operations.egg-info/dependency_links.txt
[0.654s] writing entry points to ../../build/signal_operations/signal_operations.egg-info/entry_points.txt
[0.654s] writing requirements to ../../build/signal_operations/signal_operations.egg-info/requires.txt
[0.654s] writing top-level names to ../../build/signal_operations/signal_operations.egg-info/top_level.txt
[0.655s] reading manifest file '../../build/signal_operations/signal_operations.egg-info/SOURCES.txt'
[0.655s] adding license file 'LICENSE'
[0.655s] writing manifest file '../../build/signal_operations/signal_operations.egg-info/SOURCES.txt'
[0.655s] running build
[0.655s] running build_py
[0.656s] running install
[0.656s] running install_lib
[0.657s] running install_data
[0.657s] running install_egg_info
[0.658s] removing '/home/filip/ad_ws/install/signal_operations/lib/python3.10/site-packages/signal_operations-0.0.0-py3.10.egg-info' (and everything under it)
[0.658s] Copying ../../build/signal_operations/signal_operations.egg-info to /home/filip/ad_ws/install/signal_operations/lib/python3.10/site-packages/signal_operations-0.0.0-py3.10.egg-info
[0.658s] running install_scripts
[0.670s] Installing publisher script to /home/filip/ad_ws/install/signal_operations/lib/signal_operations
[0.670s] Installing subsriber script to /home/filip/ad_ws/install/signal_operations/lib/signal_operations
[0.670s] writing list of installed files to '/home/filip/ad_ws/build/signal_operations/install.log'
