[0.113s] DEBUG:colcon:Command line arguments: ['/usr/bin/colcon', 'build']
[0.113s] DEBUG:colcon:Parsed command line arguments: Namespace(log_base=None, log_level=None, verb_name='build', build_base='build', install_base='install', merge_install=False, symlink_install=False, test_result_base=None, continue_on_error=False, executor='parallel', parallel_workers=16, event_handlers=None, ignore_user_meta=False, metas=['./colcon.meta'], base_paths=['.'], packages_ignore=None, packages_ignore_regex=None, paths=None, packages_up_to=None, packages_up_to_regex=None, packages_above=None, packages_above_and_dependencies=None, packages_above_depth=None, packages_select_by_dep=None, packages_skip_by_dep=None, packages_skip_up_to=None, packages_select_build_failed=False, packages_skip_build_finished=False, packages_select_test_failures=False, packages_skip_test_passed=False, packages_select=None, packages_skip=None, packages_select_regex=None, packages_skip_regex=None, packages_start=None, packages_end=None, allow_overriding=[], cmake_args=None, cmake_target=None, cmake_target_skip_unavailable=False, cmake_clean_cache=False, cmake_clean_first=False, cmake_force_configure=False, ament_cmake_args=None, catkin_cmake_args=None, catkin_skip_building_tests=False, mixin_files=None, mixin=None, verb_parser=<colcon_mixin.mixin.mixin_argument.MixinArgumentDecorator object at 0x7564a6c424a0>, verb_extension=<colcon_core.verb.build.BuildVerb object at 0x7564a6c41e10>, main=<bound method BuildVerb.main of <colcon_core.verb.build.BuildVerb object at 0x7564a6c41e10>>, mixin_verb=('build',))
[0.262s] Level 1:colcon.colcon_core.package_discovery:discover_packages(colcon_meta) check parameters
[0.263s] Level 1:colcon.colcon_core.package_discovery:discover_packages(recursive) check parameters
[0.263s] Level 1:colcon.colcon_core.package_discovery:discover_packages(ignore) check parameters
[0.263s] Level 1:colcon.colcon_core.package_discovery:discover_packages(path) check parameters
[0.263s] Level 1:colcon.colcon_core.package_discovery:discover_packages(colcon_meta) discover
[0.263s] Level 1:colcon.colcon_core.package_discovery:discover_packages(recursive) discover
[0.263s] INFO:colcon.colcon_core.package_discovery:Crawling recursively for packages in '/home/filip/ad_ws'
[0.263s] Level 1:colcon.colcon_core.package_identification:_identify(.) by extensions ['ignore', 'ignore_ament_install']
[0.263s] Level 1:colcon.colcon_core.package_identification:_identify(.) by extension 'ignore'
[0.263s] Level 1:colcon.colcon_core.package_identification:_identify(.) by extension 'ignore_ament_install'
[0.263s] Level 1:colcon.colcon_core.package_identification:_identify(.) by extensions ['colcon_pkg']
[0.263s] Level 1:colcon.colcon_core.package_identification:_identify(.) by extension 'colcon_pkg'
[0.263s] Level 1:colcon.colcon_core.package_identification:_identify(.) by extensions ['colcon_meta']
[0.263s] Level 1:colcon.colcon_core.package_identification:_identify(.) by extension 'colcon_meta'
[0.263s] Level 1:colcon.colcon_core.package_identification:_identify(.) by extensions ['ros']
[0.263s] Level 1:colcon.colcon_core.package_identification:_identify(.) by extension 'ros'
[0.274s] Level 1:colcon.colcon_core.package_identification:_identify(.) by extensions ['cmake', 'python']
[0.275s] Level 1:colcon.colcon_core.package_identification:_identify(.) by extension 'cmake'
[0.275s] Level 1:colcon.colcon_core.package_identification:_identify(.) by extension 'python'
[0.275s] Level 1:colcon.colcon_core.package_identification:_identify(.) by extensions ['python_setup_py']
[0.275s] Level 1:colcon.colcon_core.package_identification:_identify(.) by extension 'python_setup_py'
[0.275s] Level 1:colcon.colcon_core.package_identification:_identify(build) by extensions ['ignore', 'ignore_ament_install']
[0.275s] Level 1:colcon.colcon_core.package_identification:_identify(build) by extension 'ignore'
[0.275s] Level 1:colcon.colcon_core.package_identification:_identify(build) ignored
[0.275s] Level 1:colcon.colcon_core.package_identification:_identify(install) by extensions ['ignore', 'ignore_ament_install']
[0.275s] Level 1:colcon.colcon_core.package_identification:_identify(install) by extension 'ignore'
[0.275s] Level 1:colcon.colcon_core.package_identification:_identify(install) ignored
[0.275s] Level 1:colcon.colcon_core.package_identification:_identify(log) by extensions ['ignore', 'ignore_ament_install']
[0.275s] Level 1:colcon.colcon_core.package_identification:_identify(log) by extension 'ignore'
[0.275s] Level 1:colcon.colcon_core.package_identification:_identify(log) ignored
[0.275s] Level 1:colcon.colcon_core.package_identification:_identify(src) by extensions ['ignore', 'ignore_ament_install']
[0.275s] Level 1:colcon.colcon_core.package_identification:_identify(src) by extension 'ignore'
[0.276s] Level 1:colcon.colcon_core.package_identification:_identify(src) by extension 'ignore_ament_install'
[0.276s] Level 1:colcon.colcon_core.package_identification:_identify(src) by extensions ['colcon_pkg']
[0.276s] Level 1:colcon.colcon_core.package_identification:_identify(src) by extension 'colcon_pkg'
[0.276s] Level 1:colcon.colcon_core.package_identification:_identify(src) by extensions ['colcon_meta']
[0.276s] Level 1:colcon.colcon_core.package_identification:_identify(src) by extension 'colcon_meta'
[0.276s] Level 1:colcon.colcon_core.package_identification:_identify(src) by extensions ['ros']
[0.276s] Level 1:colcon.colcon_core.package_identification:_identify(src) by extension 'ros'
[0.276s] Level 1:colcon.colcon_core.package_identification:_identify(src) by extensions ['cmake', 'python']
[0.276s] Level 1:colcon.colcon_core.package_identification:_identify(src) by extension 'cmake'
[0.276s] Level 1:colcon.colcon_core.package_identification:_identify(src) by extension 'python'
[0.276s] Level 1:colcon.colcon_core.package_identification:_identify(src) by extensions ['python_setup_py']
[0.276s] Level 1:colcon.colcon_core.package_identification:_identify(src) by extension 'python_setup_py'
[0.276s] Level 1:colcon.colcon_core.package_identification:_identify(src/ad_ws_interfaces) by extensions ['ignore', 'ignore_ament_install']
[0.276s] Level 1:colcon.colcon_core.package_identification:_identify(src/ad_ws_interfaces) by extension 'ignore'
[0.276s] Level 1:colcon.colcon_core.package_identification:_identify(src/ad_ws_interfaces) by extension 'ignore_ament_install'
[0.276s] Level 1:colcon.colcon_core.package_identification:_identify(src/ad_ws_interfaces) by extensions ['colcon_pkg']
[0.276s] Level 1:colcon.colcon_core.package_identification:_identify(src/ad_ws_interfaces) by extension 'colcon_pkg'
[0.276s] Level 1:colcon.colcon_core.package_identification:_identify(src/ad_ws_interfaces) by extensions ['colcon_meta']
[0.276s] Level 1:colcon.colcon_core.package_identification:_identify(src/ad_ws_interfaces) by extension 'colcon_meta'
[0.276s] Level 1:colcon.colcon_core.package_identification:_identify(src/ad_ws_interfaces) by extensions ['ros']
[0.276s] Level 1:colcon.colcon_core.package_identification:_identify(src/ad_ws_interfaces) by extension 'ros'
[0.279s] DEBUG:colcon.colcon_core.package_identification:Package 'src/ad_ws_interfaces' with type 'ros.ament_cmake' and name 'ad_ws_interfaces'
[0.279s] Level 1:colcon.colcon_core.package_identification:_identify(src/signal_operations) by extensions ['ignore', 'ignore_ament_install']
[0.279s] Level 1:colcon.colcon_core.package_identification:_identify(src/signal_operations) by extension 'ignore'
[0.279s] Level 1:colcon.colcon_core.package_identification:_identify(src/signal_operations) by extension 'ignore_ament_install'
[0.279s] Level 1:colcon.colcon_core.package_identification:_identify(src/signal_operations) by extensions ['colcon_pkg']
[0.279s] Level 1:colcon.colcon_core.package_identification:_identify(src/signal_operations) by extension 'colcon_pkg'
[0.279s] Level 1:colcon.colcon_core.package_identification:_identify(src/signal_operations) by extensions ['colcon_meta']
[0.279s] Level 1:colcon.colcon_core.package_identification:_identify(src/signal_operations) by extension 'colcon_meta'
[0.279s] Level 1:colcon.colcon_core.package_identification:_identify(src/signal_operations) by extensions ['ros']
[0.279s] Level 1:colcon.colcon_core.package_identification:_identify(src/signal_operations) by extension 'ros'
[0.280s] DEBUG:colcon.colcon_core.package_identification:Package 'src/signal_operations' with type 'ros.ament_python' and name 'signal_operations'
[0.280s] Level 1:colcon.colcon_core.package_discovery:discover_packages(recursive) using defaults
[0.280s] Level 1:colcon.colcon_core.package_discovery:discover_packages(ignore) discover
[0.280s] Level 1:colcon.colcon_core.package_discovery:discover_packages(ignore) using defaults
[0.280s] Level 1:colcon.colcon_core.package_discovery:discover_packages(path) discover
[0.280s] Level 1:colcon.colcon_core.package_discovery:discover_packages(path) using defaults
[0.301s] Level 1:colcon.colcon_core.package_discovery:discover_packages(prefix_path) check parameters
[0.301s] Level 1:colcon.colcon_core.package_discovery:discover_packages(prefix_path) discover
[0.302s] DEBUG:colcon.colcon_installed_package_information.package_discovery:Found 2 installed packages in /home/filip/ad_ws/install
[0.304s] DEBUG:colcon.colcon_installed_package_information.package_discovery:Found 270 installed packages in /opt/ros/humble
[0.313s] Level 1:colcon.colcon_core.package_discovery:discover_packages(prefix_path) using defaults
[0.347s] Level 5:colcon.colcon_core.verb:set package 'ad_ws_interfaces' build argument 'cmake_args' from command line to 'None'
[0.347s] Level 5:colcon.colcon_core.verb:set package 'ad_ws_interfaces' build argument 'cmake_target' from command line to 'None'
[0.347s] Level 5:colcon.colcon_core.verb:set package 'ad_ws_interfaces' build argument 'cmake_target_skip_unavailable' from command line to 'False'
[0.347s] Level 5:colcon.colcon_core.verb:set package 'ad_ws_interfaces' build argument 'cmake_clean_cache' from command line to 'False'
[0.347s] Level 5:colcon.colcon_core.verb:set package 'ad_ws_interfaces' build argument 'cmake_clean_first' from command line to 'False'
[0.347s] Level 5:colcon.colcon_core.verb:set package 'ad_ws_interfaces' build argument 'cmake_force_configure' from command line to 'False'
[0.347s] Level 5:colcon.colcon_core.verb:set package 'ad_ws_interfaces' build argument 'ament_cmake_args' from command line to 'None'
[0.347s] Level 5:colcon.colcon_core.verb:set package 'ad_ws_interfaces' build argument 'catkin_cmake_args' from command line to 'None'
[0.347s] Level 5:colcon.colcon_core.verb:set package 'ad_ws_interfaces' build argument 'catkin_skip_building_tests' from command line to 'False'
[0.347s] DEBUG:colcon.colcon_core.verb:Building package 'ad_ws_interfaces' with the following arguments: {'ament_cmake_args': None, 'build_base': '/home/filip/ad_ws/build/ad_ws_interfaces', 'catkin_cmake_args': None, 'catkin_skip_building_tests': False, 'cmake_args': None, 'cmake_clean_cache': False, 'cmake_clean_first': False, 'cmake_force_configure': False, 'cmake_target': None, 'cmake_target_skip_unavailable': False, 'install_base': '/home/filip/ad_ws/install/ad_ws_interfaces', 'merge_install': False, 'path': '/home/filip/ad_ws/src/ad_ws_interfaces', 'symlink_install': False, 'test_result_base': None}
[0.347s] Level 5:colcon.colcon_core.verb:set package 'signal_operations' build argument 'cmake_args' from command line to 'None'
[0.347s] Level 5:colcon.colcon_core.verb:set package 'signal_operations' build argument 'cmake_target' from command line to 'None'
[0.347s] Level 5:colcon.colcon_core.verb:set package 'signal_operations' build argument 'cmake_target_skip_unavailable' from command line to 'False'
[0.347s] Level 5:colcon.colcon_core.verb:set package 'signal_operations' build argument 'cmake_clean_cache' from command line to 'False'
[0.347s] Level 5:colcon.colcon_core.verb:set package 'signal_operations' build argument 'cmake_clean_first' from command line to 'False'
[0.347s] Level 5:colcon.colcon_core.verb:set package 'signal_operations' build argument 'cmake_force_configure' from command line to 'False'
[0.347s] Level 5:colcon.colcon_core.verb:set package 'signal_operations' build argument 'ament_cmake_args' from command line to 'None'
[0.347s] Level 5:colcon.colcon_core.verb:set package 'signal_operations' build argument 'catkin_cmake_args' from command line to 'None'
[0.347s] Level 5:colcon.colcon_core.verb:set package 'signal_operations' build argument 'catkin_skip_building_tests' from command line to 'False'
[0.348s] DEBUG:colcon.colcon_core.verb:Building package 'signal_operations' with the following arguments: {'ament_cmake_args': None, 'build_base': '/home/filip/ad_ws/build/signal_operations', 'catkin_cmake_args': None, 'catkin_skip_building_tests': False, 'cmake_args': None, 'cmake_clean_cache': False, 'cmake_clean_first': False, 'cmake_force_configure': False, 'cmake_target': None, 'cmake_target_skip_unavailable': False, 'install_base': '/home/filip/ad_ws/install/signal_operations', 'merge_install': False, 'path': '/home/filip/ad_ws/src/signal_operations', 'symlink_install': False, 'test_result_base': None}
[0.348s] INFO:colcon.colcon_core.executor:Executing jobs using 'parallel' executor
[0.349s] DEBUG:colcon.colcon_parallel_executor.executor.parallel:run_until_complete
[0.349s] INFO:colcon.colcon_ros.task.ament_cmake.build:Building ROS package in '/home/filip/ad_ws/src/ad_ws_interfaces' with build type 'ament_cmake'
[0.349s] INFO:colcon.colcon_cmake.task.cmake.build:Building CMake package in '/home/filip/ad_ws/src/ad_ws_interfaces'
[0.351s] INFO:colcon.colcon_core.plugin_system:Skipping extension 'colcon_core.shell.bat': Not used on non-Windows systems
[0.352s] INFO:colcon.colcon_core.shell:Skip shell extension 'powershell' for command environment: Not usable outside of PowerShell
[0.352s] DEBUG:colcon.colcon_core.shell:Skip shell extension 'dsv' for command environment
[0.356s] INFO:colcon.colcon_ros.task.ament_python.build:Building ROS package in '/home/filip/ad_ws/src/signal_operations' with build type 'ament_python'
[0.356s] Level 1:colcon.colcon_core.shell:create_environment_hook('signal_operations', 'ament_prefix_path')
[0.357s] INFO:colcon.colcon_core.shell:Creating environment hook '/home/filip/ad_ws/install/signal_operations/share/signal_operations/hook/ament_prefix_path.ps1'
[0.357s] INFO:colcon.colcon_core.shell:Creating environment descriptor '/home/filip/ad_ws/install/signal_operations/share/signal_operations/hook/ament_prefix_path.dsv'
[0.358s] INFO:colcon.colcon_core.shell:Creating environment hook '/home/filip/ad_ws/install/signal_operations/share/signal_operations/hook/ament_prefix_path.sh'
[0.359s] INFO:colcon.colcon_core.shell:Skip shell extension 'powershell' for command environment: Not usable outside of PowerShell
[0.359s] DEBUG:colcon.colcon_core.shell:Skip shell extension 'dsv' for command environment
[0.373s] DEBUG:colcon.colcon_core.event_handler.log_command:Invoking command in '/home/filip/ad_ws/build/ad_ws_interfaces': CMAKE_PREFIX_PATH=${CMAKE_PREFIX_PATH}:/home/filip/ad_ws/install/signal_operations:/opt/ros/humble /usr/bin/cmake --build /home/filip/ad_ws/build/ad_ws_interfaces -- -j16 -l16
[0.752s] INFO:colcon.colcon_core.task.python.build:Building Python package in '/home/filip/ad_ws/src/signal_operations'
[0.752s] INFO:colcon.colcon_core.shell:Skip shell extension 'powershell' for command environment: Not usable outside of PowerShell
[0.752s] DEBUG:colcon.colcon_core.shell:Skip shell extension 'dsv' for command environment
[0.893s] DEBUG:colcon.colcon_core.event_handler.log_command:Invoked command in '/home/filip/ad_ws/build/ad_ws_interfaces' returned '0': CMAKE_PREFIX_PATH=${CMAKE_PREFIX_PATH}:/home/filip/ad_ws/install/signal_operations:/opt/ros/humble /usr/bin/cmake --build /home/filip/ad_ws/build/ad_ws_interfaces -- -j16 -l16
[1.029s] DEBUG:colcon.colcon_core.event_handler.log_command:Invoking command in '/home/filip/ad_ws/build/ad_ws_interfaces': CMAKE_PREFIX_PATH=${CMAKE_PREFIX_PATH}:/home/filip/ad_ws/install/signal_operations:/opt/ros/humble /usr/bin/cmake --install /home/filip/ad_ws/build/ad_ws_interfaces
[1.113s] Level 1:colcon.colcon_core.environment:create_environment_scripts_only(ad_ws_interfaces)
[1.115s] DEBUG:colcon.colcon_core.event_handler.log_command:Invoked command in '/home/filip/ad_ws/build/ad_ws_interfaces' returned '0': CMAKE_PREFIX_PATH=${CMAKE_PREFIX_PATH}:/home/filip/ad_ws/install/signal_operations:/opt/ros/humble /usr/bin/cmake --install /home/filip/ad_ws/build/ad_ws_interfaces
[1.119s] Level 1:colcon.colcon_core.environment:checking '/home/filip/ad_ws/install/ad_ws_interfaces' for CMake module files
[1.121s] Level 1:colcon.colcon_core.environment:checking '/home/filip/ad_ws/install/ad_ws_interfaces' for CMake config files
[1.121s] Level 1:colcon.colcon_core.shell:create_environment_hook('ad_ws_interfaces', 'cmake_prefix_path')
[1.121s] INFO:colcon.colcon_core.shell:Creating environment hook '/home/filip/ad_ws/install/ad_ws_interfaces/share/ad_ws_interfaces/hook/cmake_prefix_path.ps1'
[1.122s] INFO:colcon.colcon_core.shell:Creating environment descriptor '/home/filip/ad_ws/install/ad_ws_interfaces/share/ad_ws_interfaces/hook/cmake_prefix_path.dsv'
[1.123s] INFO:colcon.colcon_core.shell:Creating environment hook '/home/filip/ad_ws/install/ad_ws_interfaces/share/ad_ws_interfaces/hook/cmake_prefix_path.sh'
[1.124s] Level 1:colcon.colcon_core.environment:checking '/home/filip/ad_ws/install/ad_ws_interfaces/lib'
[1.124s] Level 1:colcon.colcon_core.shell:create_environment_hook('ad_ws_interfaces', 'ld_library_path_lib')
[1.125s] INFO:colcon.colcon_core.shell:Creating environment hook '/home/filip/ad_ws/install/ad_ws_interfaces/share/ad_ws_interfaces/hook/ld_library_path_lib.ps1'
[1.126s] INFO:colcon.colcon_core.shell:Creating environment descriptor '/home/filip/ad_ws/install/ad_ws_interfaces/share/ad_ws_interfaces/hook/ld_library_path_lib.dsv'
[1.127s] INFO:colcon.colcon_core.shell:Creating environment hook '/home/filip/ad_ws/install/ad_ws_interfaces/share/ad_ws_interfaces/hook/ld_library_path_lib.sh'
[1.128s] Level 1:colcon.colcon_core.environment:checking '/home/filip/ad_ws/install/ad_ws_interfaces/bin'
[1.128s] Level 1:colcon.colcon_core.environment:checking '/home/filip/ad_ws/install/ad_ws_interfaces/lib/pkgconfig/ad_ws_interfaces.pc'
[1.128s] Level 1:colcon.colcon_core.environment:checking '/home/filip/ad_ws/install/ad_ws_interfaces/lib/python3.10/site-packages'
[1.129s] Level 1:colcon.colcon_core.environment:checking '/home/filip/ad_ws/install/ad_ws_interfaces/bin'
[1.129s] INFO:colcon.colcon_core.shell:Creating package script '/home/filip/ad_ws/install/ad_ws_interfaces/share/ad_ws_interfaces/package.ps1'
[1.131s] INFO:colcon.colcon_core.shell:Creating package descriptor '/home/filip/ad_ws/install/ad_ws_interfaces/share/ad_ws_interfaces/package.dsv'
[1.132s] INFO:colcon.colcon_core.shell:Creating package script '/home/filip/ad_ws/install/ad_ws_interfaces/share/ad_ws_interfaces/package.sh'
[1.133s] INFO:colcon.colcon_core.shell:Creating package script '/home/filip/ad_ws/install/ad_ws_interfaces/share/ad_ws_interfaces/package.bash'
[1.135s] INFO:colcon.colcon_core.shell:Creating package script '/home/filip/ad_ws/install/ad_ws_interfaces/share/ad_ws_interfaces/package.zsh'
[1.136s] Level 1:colcon.colcon_core.environment:create_file_with_runtime_dependencies(/home/filip/ad_ws/install/ad_ws_interfaces/share/colcon-core/packages/ad_ws_interfaces)
[1.230s] DEBUG:colcon.colcon_core.event_handler.log_command:Invoking command in '/home/filip/ad_ws/src/signal_operations': PYTHONPATH=/home/filip/ad_ws/build/signal_operations/prefix_override:/usr/lib/python3/dist-packages/colcon_core/task/python/colcon_distutils_commands:/home/filip/ad_ws/install/signal_operations/lib/python3.10/site-packages:${PYTHONPATH} /usr/bin/python3 -W ignore:setup.py install is deprecated setup.py egg_info --egg-base ../../build/signal_operations build --build-base /home/filip/ad_ws/build/signal_operations/build install --record /home/filip/ad_ws/build/signal_operations/install.log --single-version-externally-managed install_data
[1.252s] Level 1:colcon.colcon_core.environment:create_environment_scripts_only(ad_ws_interfaces)
[1.252s] Level 1:colcon.colcon_core.environment:checking '/home/filip/ad_ws/install/ad_ws_interfaces' for CMake module files
[1.253s] Level 1:colcon.colcon_core.environment:checking '/home/filip/ad_ws/install/ad_ws_interfaces' for CMake config files
[1.253s] Level 1:colcon.colcon_core.shell:create_environment_hook('ad_ws_interfaces', 'cmake_prefix_path')
[1.254s] INFO:colcon.colcon_core.shell:Creating environment hook '/home/filip/ad_ws/install/ad_ws_interfaces/share/ad_ws_interfaces/hook/cmake_prefix_path.ps1'
[1.254s] INFO:colcon.colcon_core.shell:Creating environment descriptor '/home/filip/ad_ws/install/ad_ws_interfaces/share/ad_ws_interfaces/hook/cmake_prefix_path.dsv'
[1.255s] INFO:colcon.colcon_core.shell:Creating environment hook '/home/filip/ad_ws/install/ad_ws_interfaces/share/ad_ws_interfaces/hook/cmake_prefix_path.sh'
[1.255s] Level 1:colcon.colcon_core.environment:checking '/home/filip/ad_ws/install/ad_ws_interfaces/lib'
[1.256s] Level 1:colcon.colcon_core.shell:create_environment_hook('ad_ws_interfaces', 'ld_library_path_lib')
[1.256s] INFO:colcon.colcon_core.shell:Creating environment hook '/home/filip/ad_ws/install/ad_ws_interfaces/share/ad_ws_interfaces/hook/ld_library_path_lib.ps1'
[1.256s] INFO:colcon.colcon_core.shell:Creating environment descriptor '/home/filip/ad_ws/install/ad_ws_interfaces/share/ad_ws_interfaces/hook/ld_library_path_lib.dsv'
[1.257s] INFO:colcon.colcon_core.shell:Creating environment hook '/home/filip/ad_ws/install/ad_ws_interfaces/share/ad_ws_interfaces/hook/ld_library_path_lib.sh'
[1.257s] Level 1:colcon.colcon_core.environment:checking '/home/filip/ad_ws/install/ad_ws_interfaces/bin'
[1.258s] Level 1:colcon.colcon_core.environment:checking '/home/filip/ad_ws/install/ad_ws_interfaces/lib/pkgconfig/ad_ws_interfaces.pc'
[1.258s] Level 1:colcon.colcon_core.environment:checking '/home/filip/ad_ws/install/ad_ws_interfaces/lib/python3.10/site-packages'
[1.258s] Level 1:colcon.colcon_core.environment:checking '/home/filip/ad_ws/install/ad_ws_interfaces/bin'
[1.259s] INFO:colcon.colcon_core.shell:Creating package script '/home/filip/ad_ws/install/ad_ws_interfaces/share/ad_ws_interfaces/package.ps1'
[1.259s] INFO:colcon.colcon_core.shell:Creating package descriptor '/home/filip/ad_ws/install/ad_ws_interfaces/share/ad_ws_interfaces/package.dsv'
[1.260s] INFO:colcon.colcon_core.shell:Creating package script '/home/filip/ad_ws/install/ad_ws_interfaces/share/ad_ws_interfaces/package.sh'
[1.261s] INFO:colcon.colcon_core.shell:Creating package script '/home/filip/ad_ws/install/ad_ws_interfaces/share/ad_ws_interfaces/package.bash'
[1.261s] INFO:colcon.colcon_core.shell:Creating package script '/home/filip/ad_ws/install/ad_ws_interfaces/share/ad_ws_interfaces/package.zsh'
[1.262s] Level 1:colcon.colcon_core.environment:create_file_with_runtime_dependencies(/home/filip/ad_ws/install/ad_ws_interfaces/share/colcon-core/packages/ad_ws_interfaces)
[1.548s] Level 1:colcon.colcon_core.environment:checking '/home/filip/ad_ws/install/signal_operations' for CMake module files
[1.549s] DEBUG:colcon.colcon_core.event_handler.log_command:Invoked command in '/home/filip/ad_ws/src/signal_operations' returned '0': PYTHONPATH=/home/filip/ad_ws/build/signal_operations/prefix_override:/usr/lib/python3/dist-packages/colcon_core/task/python/colcon_distutils_commands:/home/filip/ad_ws/install/signal_operations/lib/python3.10/site-packages:${PYTHONPATH} /usr/bin/python3 -W ignore:setup.py install is deprecated setup.py egg_info --egg-base ../../build/signal_operations build --build-base /home/filip/ad_ws/build/signal_operations/build install --record /home/filip/ad_ws/build/signal_operations/install.log --single-version-externally-managed install_data
[1.549s] Level 1:colcon.colcon_core.environment:checking '/home/filip/ad_ws/install/signal_operations' for CMake config files
[1.549s] Level 1:colcon.colcon_core.environment:checking '/home/filip/ad_ws/install/signal_operations/lib'
[1.549s] Level 1:colcon.colcon_core.environment:checking '/home/filip/ad_ws/install/signal_operations/bin'
[1.550s] Level 1:colcon.colcon_core.environment:checking '/home/filip/ad_ws/install/signal_operations/lib/pkgconfig/signal_operations.pc'
[1.550s] Level 1:colcon.colcon_core.environment:checking '/home/filip/ad_ws/install/signal_operations/lib/python3.10/site-packages'
[1.550s] Level 1:colcon.colcon_core.shell:create_environment_hook('signal_operations', 'pythonpath')
[1.550s] INFO:colcon.colcon_core.shell:Creating environment hook '/home/filip/ad_ws/install/signal_operations/share/signal_operations/hook/pythonpath.ps1'
[1.551s] INFO:colcon.colcon_core.shell:Creating environment descriptor '/home/filip/ad_ws/install/signal_operations/share/signal_operations/hook/pythonpath.dsv'
[1.551s] INFO:colcon.colcon_core.shell:Creating environment hook '/home/filip/ad_ws/install/signal_operations/share/signal_operations/hook/pythonpath.sh'
[1.552s] Level 1:colcon.colcon_core.environment:checking '/home/filip/ad_ws/install/signal_operations/bin'
[1.552s] Level 1:colcon.colcon_core.environment:create_environment_scripts_only(signal_operations)
[1.552s] INFO:colcon.colcon_core.shell:Creating package script '/home/filip/ad_ws/install/signal_operations/share/signal_operations/package.ps1'
[1.553s] INFO:colcon.colcon_core.shell:Creating package descriptor '/home/filip/ad_ws/install/signal_operations/share/signal_operations/package.dsv'
[1.553s] INFO:colcon.colcon_core.shell:Creating package script '/home/filip/ad_ws/install/signal_operations/share/signal_operations/package.sh'
[1.553s] INFO:colcon.colcon_core.shell:Creating package script '/home/filip/ad_ws/install/signal_operations/share/signal_operations/package.bash'
[1.554s] INFO:colcon.colcon_core.shell:Creating package script '/home/filip/ad_ws/install/signal_operations/share/signal_operations/package.zsh'
[1.554s] Level 1:colcon.colcon_core.environment:create_file_with_runtime_dependencies(/home/filip/ad_ws/install/signal_operations/share/colcon-core/packages/signal_operations)
[1.554s] DEBUG:colcon.colcon_parallel_executor.executor.parallel:closing loop
[1.555s] DEBUG:colcon.colcon_parallel_executor.executor.parallel:loop closed
[1.555s] DEBUG:colcon.colcon_parallel_executor.executor.parallel:run_until_complete finished with '0'
[1.555s] DEBUG:colcon.colcon_core.event_reactor:joining thread
[1.561s] INFO:colcon.colcon_core.plugin_system:Skipping extension 'colcon_notification.desktop_notification.terminal_notifier': Not used on non-Darwin systems
[1.561s] INFO:colcon.colcon_core.plugin_system:Skipping extension 'colcon_notification.desktop_notification.win32': Not used on non-Windows systems
[1.561s] INFO:colcon.colcon_notification.desktop_notification:Sending desktop notification using 'notify2'
[1.581s] DEBUG:colcon.colcon_core.event_reactor:joined thread
[1.582s] INFO:colcon.colcon_core.shell:Creating prefix script '/home/filip/ad_ws/install/local_setup.ps1'
[1.583s] INFO:colcon.colcon_core.shell:Creating prefix util module '/home/filip/ad_ws/install/_local_setup_util_ps1.py'
[1.584s] INFO:colcon.colcon_core.shell:Creating prefix chain script '/home/filip/ad_ws/install/setup.ps1'
[1.586s] INFO:colcon.colcon_core.shell:Creating prefix script '/home/filip/ad_ws/install/local_setup.sh'
[1.587s] INFO:colcon.colcon_core.shell:Creating prefix util module '/home/filip/ad_ws/install/_local_setup_util_sh.py'
[1.588s] INFO:colcon.colcon_core.shell:Creating prefix chain script '/home/filip/ad_ws/install/setup.sh'
[1.589s] INFO:colcon.colcon_core.shell:Creating prefix script '/home/filip/ad_ws/install/local_setup.bash'
[1.590s] INFO:colcon.colcon_core.shell:Creating prefix chain script '/home/filip/ad_ws/install/setup.bash'
[1.591s] INFO:colcon.colcon_core.shell:Creating prefix script '/home/filip/ad_ws/install/local_setup.zsh'
[1.592s] INFO:colcon.colcon_core.shell:Creating prefix chain script '/home/filip/ad_ws/install/setup.zsh'
