[  2%] Built target ad_ws_interfaces__cpp
[ 12%] Built target ad_ws_interfaces__rosidl_generator_c
[ 12%] Built target ament_cmake_python_copy_ad_ws_interfaces
[ 23%] Built target ad_ws_interfaces__rosidl_typesupport_c
[ 33%] Built target ad_ws_interfaces__rosidl_typesupport_introspection_c
[ 43%] Built target ad_ws_interfaces__rosidl_typesupport_cpp
[ 53%] Built target ad_ws_interfaces__rosidl_typesupport_fastrtps_cpp
[ 64%] Built target ad_ws_interfaces__rosidl_typesupport_introspection_cpp
[ 74%] Built target ad_ws_interfaces__rosidl_typesupport_fastrtps_c
[ 74%] Built target ad_ws_interfaces
[ 76%] Built target ad_ws_interfaces__py
[ 84%] Built target ad_ws_interfaces__rosidl_generator_py
[ 89%] Built target ad_ws_interfaces__rosidl_typesupport_c__pyext
[ 94%] Built target ad_ws_interfaces__rosidl_typesupport_introspection_c__pyext
[100%] Built target ad_ws_interfaces__rosidl_typesupport_fastrtps_c__pyext
running egg_info
writing ad_ws_interfaces.egg-info/PKG-INFO
writing dependency_links to ad_ws_interfaces.egg-info/dependency_links.txt
writing top-level names to ad_ws_interfaces.egg-info/top_level.txt
reading manifest file 'ad_ws_interfaces.egg-info/SOURCES.txt'
writing manifest file 'ad_ws_interfaces.egg-info/SOURCES.txt'
[100%] Built target ament_cmake_python_build_ad_ws_interfaces_egg
