[0.014s] Invoking command in '/home/filip/ad_ws/build/ad_ws_interfaces': /usr/bin/cmake --build /home/filip/ad_ws/build/ad_ws_interfaces -- -j16 -l16
[0.102s] [  2%] Built target ad_ws_interfaces__cpp
[0.103s] [ 12%] Built target ad_ws_interfaces__rosidl_generator_c
[0.119s] [ 12%] Built target ament_cmake_python_copy_ad_ws_interfaces
[0.141s] [ 23%] Built target ad_ws_interfaces__rosidl_typesupport_c
[0.142s] [ 33%] Built target ad_ws_interfaces__rosidl_typesupport_introspection_c
[0.142s] [ 43%] Built target ad_ws_interfaces__rosidl_typesupport_cpp
[0.144s] [ 53%] Built target ad_ws_interfaces__rosidl_typesupport_fastrtps_cpp
[0.145s] [ 64%] Built target ad_ws_interfaces__rosidl_typesupport_introspection_cpp
[0.146s] [ 74%] Built target ad_ws_interfaces__rosidl_typesupport_fastrtps_c
[0.177s] [ 74%] Built target ad_ws_interfaces
[0.208s] [ 76%] Built target ad_ws_interfaces__py
[0.243s] [ 84%] Built target ad_ws_interfaces__rosidl_generator_py
[0.265s] [ 89%] Built target ad_ws_interfaces__rosidl_typesupport_c__pyext
[0.266s] [ 94%] Built target ad_ws_interfaces__rosidl_typesupport_introspection_c__pyext
[0.269s] [100%] Built target ad_ws_interfaces__rosidl_typesupport_fastrtps_c__pyext
[0.328s] running egg_info
[0.328s] writing ad_ws_interfaces.egg-info/PKG-INFO
[0.328s] writing dependency_links to ad_ws_interfaces.egg-info/dependency_links.txt
[0.328s] writing top-level names to ad_ws_interfaces.egg-info/top_level.txt
[0.330s] reading manifest file 'ad_ws_interfaces.egg-info/SOURCES.txt'
[0.331s] writing manifest file 'ad_ws_interfaces.egg-info/SOURCES.txt'
[0.346s] [100%] Built target ament_cmake_python_build_ad_ws_interfaces_egg
[0.361s] Invoked command in '/home/filip/ad_ws/build/ad_ws_interfaces' returned '0': /usr/bin/cmake --build /home/filip/ad_ws/build/ad_ws_interfaces -- -j16 -l16
