[0.499s] Invoking command in '/home/filip/ad_ws/src/signal_operations': AMENT_PREFIX_PATH=/home/filip/ad_ws/install/ad_ws_interfaces:${AMENT_PREFIX_PATH} CMAKE_PREFIX_PATH=/home/filip/ad_ws/install/ad_ws_interfaces LD_LIBRARY_PATH=/home/filip/ad_ws/install/ad_ws_interfaces/lib:${LD_LIBRARY_PATH} PYTHONPATH=/home/filip/ad_ws/build/signal_operations/prefix_override:/usr/lib/python3/dist-packages/colcon_core/task/python/colcon_distutils_commands:/home/filip/ad_ws/install/signal_operations/lib/python3.10/site-packages:/home/filip/ad_ws/install/ad_ws_interfaces/local/lib/python3.10/dist-packages:${PYTHONPATH} /usr/bin/python3 -W ignore:setup.py install is deprecated setup.py egg_info --egg-base ../../build/signal_operations build --build-base /home/filip/ad_ws/build/signal_operations/build install --record /home/filip/ad_ws/build/signal_operations/install.log --single-version-externally-managed install_data
[0.720s] running egg_info
[0.720s] writing ../../build/signal_operations/signal_operations.egg-info/PKG-INFO
[0.720s] writing dependency_links to ../../build/signal_operations/signal_operations.egg-info/dependency_links.txt
[0.720s] writing entry points to ../../build/signal_operations/signal_operations.egg-info/entry_points.txt
[0.720s] writing requirements to ../../build/signal_operations/signal_operations.egg-info/requires.txt
[0.720s] writing top-level names to ../../build/signal_operations/signal_operations.egg-info/top_level.txt
[0.721s] reading manifest file '../../build/signal_operations/signal_operations.egg-info/SOURCES.txt'
[0.721s] adding license file 'LICENSE'
[0.722s] writing manifest file '../../build/signal_operations/signal_operations.egg-info/SOURCES.txt'
[0.722s] running build
[0.722s] running build_py
[0.722s] running install
[0.722s] running install_lib
[0.723s] running install_data
[0.723s] copying package.xml -> /home/filip/ad_ws/install/signal_operations/share/signal_operations
[0.723s] running install_egg_info
[0.724s] removing '/home/filip/ad_ws/install/signal_operations/lib/python3.10/site-packages/signal_operations-0.0.0-py3.10.egg-info' (and everything under it)
[0.724s] Copying ../../build/signal_operations/signal_operations.egg-info to /home/filip/ad_ws/install/signal_operations/lib/python3.10/site-packages/signal_operations-0.0.0-py3.10.egg-info
[0.724s] running install_scripts
[0.735s] Installing publisher script to /home/filip/ad_ws/install/signal_operations/lib/signal_operations
[0.736s] Installing subsriber script to /home/filip/ad_ws/install/signal_operations/lib/signal_operations
[0.736s] writing list of installed files to '/home/filip/ad_ws/build/signal_operations/install.log'
[0.749s] Invoked command in '/home/filip/ad_ws/src/signal_operations' returned '0': AMENT_PREFIX_PATH=/home/filip/ad_ws/install/ad_ws_interfaces:${AMENT_PREFIX_PATH} CMAKE_PREFIX_PATH=/home/filip/ad_ws/install/ad_ws_interfaces LD_LIBRARY_PATH=/home/filip/ad_ws/install/ad_ws_interfaces/lib:${LD_LIBRARY_PATH} PYTHONPATH=/home/filip/ad_ws/build/signal_operations/prefix_override:/usr/lib/python3/dist-packages/colcon_core/task/python/colcon_distutils_commands:/home/filip/ad_ws/install/signal_operations/lib/python3.10/site-packages:/home/filip/ad_ws/install/ad_ws_interfaces/local/lib/python3.10/dist-packages:${PYTHONPATH} /usr/bin/python3 -W ignore:setup.py install is deprecated setup.py egg_info --egg-base ../../build/signal_operations build --build-base /home/filip/ad_ws/build/signal_operations/build install --record /home/filip/ad_ws/build/signal_operations/install.log --single-version-externally-managed install_data
