[0.091s] DEBUG:colcon:Command line arguments: ['/usr/bin/colcon', 'build']
[0.091s] DEBUG:colcon:Parsed command line arguments: Namespace(log_base=None, log_level=None, verb_name='build', build_base='build', install_base='install', merge_install=False, symlink_install=False, test_result_base=None, continue_on_error=False, executor='parallel', parallel_workers=16, event_handlers=None, ignore_user_meta=False, metas=['./colcon.meta'], base_paths=['.'], packages_ignore=None, packages_ignore_regex=None, paths=None, packages_up_to=None, packages_up_to_regex=None, packages_above=None, packages_above_and_dependencies=None, packages_above_depth=None, packages_select_by_dep=None, packages_skip_by_dep=None, packages_skip_up_to=None, packages_select_build_failed=False, packages_skip_build_finished=False, packages_select_test_failures=False, packages_skip_test_passed=False, packages_select=None, packages_skip=None, packages_select_regex=None, packages_skip_regex=None, packages_start=None, packages_end=None, allow_overriding=[], cmake_args=None, cmake_target=None, cmake_target_skip_unavailable=False, cmake_clean_cache=False, cmake_clean_first=False, cmake_force_configure=False, ament_cmake_args=None, catkin_cmake_args=None, catkin_skip_building_tests=False, mixin_files=None, mixin=None, verb_parser=<colcon_mixin.mixin.mixin_argument.MixinArgumentDecorator object at 0x796d0533e4a0>, verb_extension=<colcon_core.verb.build.BuildVerb object at 0x796d0533de10>, main=<bound method BuildVerb.main of <colcon_core.verb.build.BuildVerb object at 0x796d0533de10>>, mixin_verb=('build',))
[0.166s] Level 1:colcon.colcon_core.package_discovery:discover_packages(colcon_meta) check parameters
[0.166s] Level 1:colcon.colcon_core.package_discovery:discover_packages(recursive) check parameters
[0.166s] Level 1:colcon.colcon_core.package_discovery:discover_packages(ignore) check parameters
[0.166s] Level 1:colcon.colcon_core.package_discovery:discover_packages(path) check parameters
[0.166s] Level 1:colcon.colcon_core.package_discovery:discover_packages(colcon_meta) discover
[0.166s] Level 1:colcon.colcon_core.package_discovery:discover_packages(recursive) discover
[0.166s] INFO:colcon.colcon_core.package_discovery:Crawling recursively for packages in '/home/filip/ad_ws'
[0.166s] Level 1:colcon.colcon_core.package_identification:_identify(.) by extensions ['ignore', 'ignore_ament_install']
[0.166s] Level 1:colcon.colcon_core.package_identification:_identify(.) by extension 'ignore'
[0.166s] Level 1:colcon.colcon_core.package_identification:_identify(.) by extension 'ignore_ament_install'
[0.166s] Level 1:colcon.colcon_core.package_identification:_identify(.) by extensions ['colcon_pkg']
[0.166s] Level 1:colcon.colcon_core.package_identification:_identify(.) by extension 'colcon_pkg'
[0.166s] Level 1:colcon.colcon_core.package_identification:_identify(.) by extensions ['colcon_meta']
[0.166s] Level 1:colcon.colcon_core.package_identification:_identify(.) by extension 'colcon_meta'
[0.166s] Level 1:colcon.colcon_core.package_identification:_identify(.) by extensions ['ros']
[0.166s] Level 1:colcon.colcon_core.package_identification:_identify(.) by extension 'ros'
[0.172s] Level 1:colcon.colcon_core.package_identification:_identify(.) by extensions ['cmake', 'python']
[0.172s] Level 1:colcon.colcon_core.package_identification:_identify(.) by extension 'cmake'
[0.172s] Level 1:colcon.colcon_core.package_identification:_identify(.) by extension 'python'
[0.172s] Level 1:colcon.colcon_core.package_identification:_identify(.) by extensions ['python_setup_py']
[0.172s] Level 1:colcon.colcon_core.package_identification:_identify(.) by extension 'python_setup_py'
[0.172s] Level 1:colcon.colcon_core.package_identification:_identify(build) by extensions ['ignore', 'ignore_ament_install']
[0.172s] Level 1:colcon.colcon_core.package_identification:_identify(build) by extension 'ignore'
[0.172s] Level 1:colcon.colcon_core.package_identification:_identify(build) ignored
[0.172s] Level 1:colcon.colcon_core.package_identification:_identify(install) by extensions ['ignore', 'ignore_ament_install']
[0.172s] Level 1:colcon.colcon_core.package_identification:_identify(install) by extension 'ignore'
[0.172s] Level 1:colcon.colcon_core.package_identification:_identify(install) ignored
[0.172s] Level 1:colcon.colcon_core.package_identification:_identify(log) by extensions ['ignore', 'ignore_ament_install']
[0.172s] Level 1:colcon.colcon_core.package_identification:_identify(log) by extension 'ignore'
[0.172s] Level 1:colcon.colcon_core.package_identification:_identify(log) ignored
[0.172s] Level 1:colcon.colcon_core.package_identification:_identify(src) by extensions ['ignore', 'ignore_ament_install']
[0.172s] Level 1:colcon.colcon_core.package_identification:_identify(src) by extension 'ignore'
[0.172s] Level 1:colcon.colcon_core.package_identification:_identify(src) by extension 'ignore_ament_install'
[0.172s] Level 1:colcon.colcon_core.package_identification:_identify(src) by extensions ['colcon_pkg']
[0.172s] Level 1:colcon.colcon_core.package_identification:_identify(src) by extension 'colcon_pkg'
[0.173s] Level 1:colcon.colcon_core.package_identification:_identify(src) by extensions ['colcon_meta']
[0.173s] Level 1:colcon.colcon_core.package_identification:_identify(src) by extension 'colcon_meta'
[0.173s] Level 1:colcon.colcon_core.package_identification:_identify(src) by extensions ['ros']
[0.173s] Level 1:colcon.colcon_core.package_identification:_identify(src) by extension 'ros'
[0.173s] Level 1:colcon.colcon_core.package_identification:_identify(src) by extensions ['cmake', 'python']
[0.173s] Level 1:colcon.colcon_core.package_identification:_identify(src) by extension 'cmake'
[0.173s] Level 1:colcon.colcon_core.package_identification:_identify(src) by extension 'python'
[0.173s] Level 1:colcon.colcon_core.package_identification:_identify(src) by extensions ['python_setup_py']
[0.173s] Level 1:colcon.colcon_core.package_identification:_identify(src) by extension 'python_setup_py'
[0.173s] Level 1:colcon.colcon_core.package_identification:_identify(src/ad_ws_interfaces) by extensions ['ignore', 'ignore_ament_install']
[0.173s] Level 1:colcon.colcon_core.package_identification:_identify(src/ad_ws_interfaces) by extension 'ignore'
[0.173s] Level 1:colcon.colcon_core.package_identification:_identify(src/ad_ws_interfaces) by extension 'ignore_ament_install'
[0.173s] Level 1:colcon.colcon_core.package_identification:_identify(src/ad_ws_interfaces) by extensions ['colcon_pkg']
[0.173s] Level 1:colcon.colcon_core.package_identification:_identify(src/ad_ws_interfaces) by extension 'colcon_pkg'
[0.173s] Level 1:colcon.colcon_core.package_identification:_identify(src/ad_ws_interfaces) by extensions ['colcon_meta']
[0.173s] Level 1:colcon.colcon_core.package_identification:_identify(src/ad_ws_interfaces) by extension 'colcon_meta'
[0.173s] Level 1:colcon.colcon_core.package_identification:_identify(src/ad_ws_interfaces) by extensions ['ros']
[0.173s] Level 1:colcon.colcon_core.package_identification:_identify(src/ad_ws_interfaces) by extension 'ros'
[0.174s] DEBUG:colcon.colcon_core.package_identification:Package 'src/ad_ws_interfaces' with type 'ros.ament_cmake' and name 'ad_ws_interfaces'
[0.174s] Level 1:colcon.colcon_core.package_identification:_identify(src/bluespace_ai_xsens_ros_mti_driver-ros2_0_galactic) by extensions ['ignore', 'ignore_ament_install']
[0.174s] Level 1:colcon.colcon_core.package_identification:_identify(src/bluespace_ai_xsens_ros_mti_driver-ros2_0_galactic) by extension 'ignore'
[0.174s] Level 1:colcon.colcon_core.package_identification:_identify(src/bluespace_ai_xsens_ros_mti_driver-ros2_0_galactic) by extension 'ignore_ament_install'
[0.174s] Level 1:colcon.colcon_core.package_identification:_identify(src/bluespace_ai_xsens_ros_mti_driver-ros2_0_galactic) by extensions ['colcon_pkg']
[0.174s] Level 1:colcon.colcon_core.package_identification:_identify(src/bluespace_ai_xsens_ros_mti_driver-ros2_0_galactic) by extension 'colcon_pkg'
[0.174s] Level 1:colcon.colcon_core.package_identification:_identify(src/bluespace_ai_xsens_ros_mti_driver-ros2_0_galactic) by extensions ['colcon_meta']
[0.174s] Level 1:colcon.colcon_core.package_identification:_identify(src/bluespace_ai_xsens_ros_mti_driver-ros2_0_galactic) by extension 'colcon_meta'
[0.174s] Level 1:colcon.colcon_core.package_identification:_identify(src/bluespace_ai_xsens_ros_mti_driver-ros2_0_galactic) by extensions ['ros']
[0.174s] Level 1:colcon.colcon_core.package_identification:_identify(src/bluespace_ai_xsens_ros_mti_driver-ros2_0_galactic) by extension 'ros'
[0.175s] DEBUG:colcon.colcon_core.package_identification:Package 'src/bluespace_ai_xsens_ros_mti_driver-ros2_0_galactic' with type 'ros.ament_cmake' and name 'bluespace_ai_xsens_mti_driver'
[0.175s] Level 1:colcon.colcon_core.package_identification:_identify(src/signal_operations) by extensions ['ignore', 'ignore_ament_install']
[0.175s] Level 1:colcon.colcon_core.package_identification:_identify(src/signal_operations) by extension 'ignore'
[0.175s] Level 1:colcon.colcon_core.package_identification:_identify(src/signal_operations) by extension 'ignore_ament_install'
[0.175s] Level 1:colcon.colcon_core.package_identification:_identify(src/signal_operations) by extensions ['colcon_pkg']
[0.175s] Level 1:colcon.colcon_core.package_identification:_identify(src/signal_operations) by extension 'colcon_pkg'
[0.175s] Level 1:colcon.colcon_core.package_identification:_identify(src/signal_operations) by extensions ['colcon_meta']
[0.175s] Level 1:colcon.colcon_core.package_identification:_identify(src/signal_operations) by extension 'colcon_meta'
[0.175s] Level 1:colcon.colcon_core.package_identification:_identify(src/signal_operations) by extensions ['ros']
[0.175s] Level 1:colcon.colcon_core.package_identification:_identify(src/signal_operations) by extension 'ros'
[0.175s] DEBUG:colcon.colcon_core.package_identification:Package 'src/signal_operations' with type 'ros.ament_python' and name 'signal_operations'
[0.175s] Level 1:colcon.colcon_core.package_discovery:discover_packages(recursive) using defaults
[0.175s] Level 1:colcon.colcon_core.package_discovery:discover_packages(ignore) discover
[0.175s] Level 1:colcon.colcon_core.package_discovery:discover_packages(ignore) using defaults
[0.175s] Level 1:colcon.colcon_core.package_discovery:discover_packages(path) discover
[0.175s] Level 1:colcon.colcon_core.package_discovery:discover_packages(path) using defaults
[0.186s] Level 1:colcon.colcon_core.package_discovery:discover_packages(prefix_path) check parameters
[0.186s] Level 1:colcon.colcon_core.package_discovery:discover_packages(prefix_path) discover
[0.187s] DEBUG:colcon.colcon_installed_package_information.package_discovery:Found 3 installed packages in /home/filip/ad_ws/install
[0.187s] DEBUG:colcon.colcon_installed_package_information.package_discovery:Found 270 installed packages in /opt/ros/humble
[0.193s] Level 1:colcon.colcon_core.package_discovery:discover_packages(prefix_path) using defaults
[0.210s] Level 5:colcon.colcon_core.verb:set package 'ad_ws_interfaces' build argument 'cmake_args' from command line to 'None'
[0.210s] Level 5:colcon.colcon_core.verb:set package 'ad_ws_interfaces' build argument 'cmake_target' from command line to 'None'
[0.210s] Level 5:colcon.colcon_core.verb:set package 'ad_ws_interfaces' build argument 'cmake_target_skip_unavailable' from command line to 'False'
[0.210s] Level 5:colcon.colcon_core.verb:set package 'ad_ws_interfaces' build argument 'cmake_clean_cache' from command line to 'False'
[0.210s] Level 5:colcon.colcon_core.verb:set package 'ad_ws_interfaces' build argument 'cmake_clean_first' from command line to 'False'
[0.210s] Level 5:colcon.colcon_core.verb:set package 'ad_ws_interfaces' build argument 'cmake_force_configure' from command line to 'False'
[0.210s] Level 5:colcon.colcon_core.verb:set package 'ad_ws_interfaces' build argument 'ament_cmake_args' from command line to 'None'
[0.210s] Level 5:colcon.colcon_core.verb:set package 'ad_ws_interfaces' build argument 'catkin_cmake_args' from command line to 'None'
[0.210s] Level 5:colcon.colcon_core.verb:set package 'ad_ws_interfaces' build argument 'catkin_skip_building_tests' from command line to 'False'
[0.210s] DEBUG:colcon.colcon_core.verb:Building package 'ad_ws_interfaces' with the following arguments: {'ament_cmake_args': None, 'build_base': '/home/filip/ad_ws/build/ad_ws_interfaces', 'catkin_cmake_args': None, 'catkin_skip_building_tests': False, 'cmake_args': None, 'cmake_clean_cache': False, 'cmake_clean_first': False, 'cmake_force_configure': False, 'cmake_target': None, 'cmake_target_skip_unavailable': False, 'install_base': '/home/filip/ad_ws/install/ad_ws_interfaces', 'merge_install': False, 'path': '/home/filip/ad_ws/src/ad_ws_interfaces', 'symlink_install': False, 'test_result_base': None}
[0.210s] Level 5:colcon.colcon_core.verb:set package 'bluespace_ai_xsens_mti_driver' build argument 'cmake_args' from command line to 'None'
[0.210s] Level 5:colcon.colcon_core.verb:set package 'bluespace_ai_xsens_mti_driver' build argument 'cmake_target' from command line to 'None'
[0.210s] Level 5:colcon.colcon_core.verb:set package 'bluespace_ai_xsens_mti_driver' build argument 'cmake_target_skip_unavailable' from command line to 'False'
[0.210s] Level 5:colcon.colcon_core.verb:set package 'bluespace_ai_xsens_mti_driver' build argument 'cmake_clean_cache' from command line to 'False'
[0.210s] Level 5:colcon.colcon_core.verb:set package 'bluespace_ai_xsens_mti_driver' build argument 'cmake_clean_first' from command line to 'False'
[0.210s] Level 5:colcon.colcon_core.verb:set package 'bluespace_ai_xsens_mti_driver' build argument 'cmake_force_configure' from command line to 'False'
[0.210s] Level 5:colcon.colcon_core.verb:set package 'bluespace_ai_xsens_mti_driver' build argument 'ament_cmake_args' from command line to 'None'
[0.210s] Level 5:colcon.colcon_core.verb:set package 'bluespace_ai_xsens_mti_driver' build argument 'catkin_cmake_args' from command line to 'None'
[0.210s] Level 5:colcon.colcon_core.verb:set package 'bluespace_ai_xsens_mti_driver' build argument 'catkin_skip_building_tests' from command line to 'False'
[0.210s] DEBUG:colcon.colcon_core.verb:Building package 'bluespace_ai_xsens_mti_driver' with the following arguments: {'ament_cmake_args': None, 'build_base': '/home/filip/ad_ws/build/bluespace_ai_xsens_mti_driver', 'catkin_cmake_args': None, 'catkin_skip_building_tests': False, 'cmake_args': None, 'cmake_clean_cache': False, 'cmake_clean_first': False, 'cmake_force_configure': False, 'cmake_target': None, 'cmake_target_skip_unavailable': False, 'install_base': '/home/filip/ad_ws/install/bluespace_ai_xsens_mti_driver', 'merge_install': False, 'path': '/home/filip/ad_ws/src/bluespace_ai_xsens_ros_mti_driver-ros2_0_galactic', 'symlink_install': False, 'test_result_base': None}
[0.210s] Level 5:colcon.colcon_core.verb:set package 'signal_operations' build argument 'cmake_args' from command line to 'None'
[0.210s] Level 5:colcon.colcon_core.verb:set package 'signal_operations' build argument 'cmake_target' from command line to 'None'
[0.210s] Level 5:colcon.colcon_core.verb:set package 'signal_operations' build argument 'cmake_target_skip_unavailable' from command line to 'False'
[0.210s] Level 5:colcon.colcon_core.verb:set package 'signal_operations' build argument 'cmake_clean_cache' from command line to 'False'
[0.210s] Level 5:colcon.colcon_core.verb:set package 'signal_operations' build argument 'cmake_clean_first' from command line to 'False'
[0.210s] Level 5:colcon.colcon_core.verb:set package 'signal_operations' build argument 'cmake_force_configure' from command line to 'False'
[0.210s] Level 5:colcon.colcon_core.verb:set package 'signal_operations' build argument 'ament_cmake_args' from command line to 'None'
[0.210s] Level 5:colcon.colcon_core.verb:set package 'signal_operations' build argument 'catkin_cmake_args' from command line to 'None'
[0.210s] Level 5:colcon.colcon_core.verb:set package 'signal_operations' build argument 'catkin_skip_building_tests' from command line to 'False'
[0.210s] DEBUG:colcon.colcon_core.verb:Building package 'signal_operations' with the following arguments: {'ament_cmake_args': None, 'build_base': '/home/filip/ad_ws/build/signal_operations', 'catkin_cmake_args': None, 'catkin_skip_building_tests': False, 'cmake_args': None, 'cmake_clean_cache': False, 'cmake_clean_first': False, 'cmake_force_configure': False, 'cmake_target': None, 'cmake_target_skip_unavailable': False, 'install_base': '/home/filip/ad_ws/install/signal_operations', 'merge_install': False, 'path': '/home/filip/ad_ws/src/signal_operations', 'symlink_install': False, 'test_result_base': None}
[0.210s] INFO:colcon.colcon_core.executor:Executing jobs using 'parallel' executor
[0.211s] DEBUG:colcon.colcon_parallel_executor.executor.parallel:run_until_complete
[0.211s] INFO:colcon.colcon_ros.task.ament_cmake.build:Building ROS package in '/home/filip/ad_ws/src/ad_ws_interfaces' with build type 'ament_cmake'
[0.211s] INFO:colcon.colcon_cmake.task.cmake.build:Building CMake package in '/home/filip/ad_ws/src/ad_ws_interfaces'
[0.212s] INFO:colcon.colcon_core.plugin_system:Skipping extension 'colcon_core.shell.bat': Not used on non-Windows systems
[0.213s] INFO:colcon.colcon_core.shell:Skip shell extension 'powershell' for command environment: Not usable outside of PowerShell
[0.213s] DEBUG:colcon.colcon_core.shell:Skip shell extension 'dsv' for command environment
[0.214s] INFO:colcon.colcon_ros.task.ament_cmake.build:Building ROS package in '/home/filip/ad_ws/src/bluespace_ai_xsens_ros_mti_driver-ros2_0_galactic' with build type 'ament_cmake'
[0.214s] INFO:colcon.colcon_cmake.task.cmake.build:Building CMake package in '/home/filip/ad_ws/src/bluespace_ai_xsens_ros_mti_driver-ros2_0_galactic'
[0.214s] INFO:colcon.colcon_core.shell:Skip shell extension 'powershell' for command environment: Not usable outside of PowerShell
[0.214s] DEBUG:colcon.colcon_core.shell:Skip shell extension 'dsv' for command environment
[0.219s] DEBUG:colcon.colcon_core.event_handler.log_command:Invoking command in '/home/filip/ad_ws/build/ad_ws_interfaces': CMAKE_PREFIX_PATH=${CMAKE_PREFIX_PATH}:/opt/ros/humble:/home/filip/ad_ws/install/signal_operations /usr/bin/cmake --build /home/filip/ad_ws/build/ad_ws_interfaces -- -j16 -l16
[0.220s] DEBUG:colcon.colcon_core.event_handler.log_command:Invoking command in '/home/filip/ad_ws/build/bluespace_ai_xsens_mti_driver': CMAKE_PREFIX_PATH=${CMAKE_PREFIX_PATH}:/opt/ros/humble:/home/filip/ad_ws/install/signal_operations /usr/bin/cmake /home/filip/ad_ws/src/bluespace_ai_xsens_ros_mti_driver-ros2_0_galactic -DCMAKE_INSTALL_PREFIX=/home/filip/ad_ws/install/bluespace_ai_xsens_mti_driver
[0.516s] DEBUG:colcon.colcon_core.event_handler.log_command:Invoked command in '/home/filip/ad_ws/build/ad_ws_interfaces' returned '0': CMAKE_PREFIX_PATH=${CMAKE_PREFIX_PATH}:/opt/ros/humble:/home/filip/ad_ws/install/signal_operations /usr/bin/cmake --build /home/filip/ad_ws/build/ad_ws_interfaces -- -j16 -l16
[0.637s] DEBUG:colcon.colcon_core.event_handler.log_command:Invoking command in '/home/filip/ad_ws/build/ad_ws_interfaces': CMAKE_PREFIX_PATH=${CMAKE_PREFIX_PATH}:/opt/ros/humble:/home/filip/ad_ws/install/signal_operations /usr/bin/cmake --install /home/filip/ad_ws/build/ad_ws_interfaces
[0.707s] Level 1:colcon.colcon_core.environment:create_environment_scripts_only(ad_ws_interfaces)
[0.707s] DEBUG:colcon.colcon_core.event_handler.log_command:Invoked command in '/home/filip/ad_ws/build/ad_ws_interfaces' returned '0': CMAKE_PREFIX_PATH=${CMAKE_PREFIX_PATH}:/opt/ros/humble:/home/filip/ad_ws/install/signal_operations /usr/bin/cmake --install /home/filip/ad_ws/build/ad_ws_interfaces
[0.710s] Level 1:colcon.colcon_core.environment:checking '/home/filip/ad_ws/install/ad_ws_interfaces' for CMake module files
[0.711s] Level 1:colcon.colcon_core.environment:checking '/home/filip/ad_ws/install/ad_ws_interfaces' for CMake config files
[0.711s] Level 1:colcon.colcon_core.shell:create_environment_hook('ad_ws_interfaces', 'cmake_prefix_path')
[0.711s] INFO:colcon.colcon_core.shell:Creating environment hook '/home/filip/ad_ws/install/ad_ws_interfaces/share/ad_ws_interfaces/hook/cmake_prefix_path.ps1'
[0.712s] INFO:colcon.colcon_core.shell:Creating environment descriptor '/home/filip/ad_ws/install/ad_ws_interfaces/share/ad_ws_interfaces/hook/cmake_prefix_path.dsv'
[0.713s] INFO:colcon.colcon_core.shell:Creating environment hook '/home/filip/ad_ws/install/ad_ws_interfaces/share/ad_ws_interfaces/hook/cmake_prefix_path.sh'
[0.714s] Level 1:colcon.colcon_core.environment:checking '/home/filip/ad_ws/install/ad_ws_interfaces/lib'
[0.714s] Level 1:colcon.colcon_core.shell:create_environment_hook('ad_ws_interfaces', 'ld_library_path_lib')
[0.714s] INFO:colcon.colcon_core.shell:Creating environment hook '/home/filip/ad_ws/install/ad_ws_interfaces/share/ad_ws_interfaces/hook/ld_library_path_lib.ps1'
[0.715s] INFO:colcon.colcon_core.shell:Creating environment descriptor '/home/filip/ad_ws/install/ad_ws_interfaces/share/ad_ws_interfaces/hook/ld_library_path_lib.dsv'
[0.715s] INFO:colcon.colcon_core.shell:Creating environment hook '/home/filip/ad_ws/install/ad_ws_interfaces/share/ad_ws_interfaces/hook/ld_library_path_lib.sh'
[0.716s] Level 1:colcon.colcon_core.environment:checking '/home/filip/ad_ws/install/ad_ws_interfaces/bin'
[0.716s] Level 1:colcon.colcon_core.environment:checking '/home/filip/ad_ws/install/ad_ws_interfaces/lib/pkgconfig/ad_ws_interfaces.pc'
[0.716s] Level 1:colcon.colcon_core.environment:checking '/home/filip/ad_ws/install/ad_ws_interfaces/lib/python3.10/site-packages'
[0.716s] Level 1:colcon.colcon_core.environment:checking '/home/filip/ad_ws/install/ad_ws_interfaces/bin'
[0.717s] INFO:colcon.colcon_core.shell:Creating package script '/home/filip/ad_ws/install/ad_ws_interfaces/share/ad_ws_interfaces/package.ps1'
[0.718s] INFO:colcon.colcon_core.shell:Creating package descriptor '/home/filip/ad_ws/install/ad_ws_interfaces/share/ad_ws_interfaces/package.dsv'
[0.719s] INFO:colcon.colcon_core.shell:Creating package script '/home/filip/ad_ws/install/ad_ws_interfaces/share/ad_ws_interfaces/package.sh'
[0.720s] INFO:colcon.colcon_core.shell:Creating package script '/home/filip/ad_ws/install/ad_ws_interfaces/share/ad_ws_interfaces/package.bash'
[0.720s] INFO:colcon.colcon_core.shell:Creating package script '/home/filip/ad_ws/install/ad_ws_interfaces/share/ad_ws_interfaces/package.zsh'
[0.721s] Level 1:colcon.colcon_core.environment:create_file_with_runtime_dependencies(/home/filip/ad_ws/install/ad_ws_interfaces/share/colcon-core/packages/ad_ws_interfaces)
[0.783s] Level 1:colcon.colcon_core.environment:create_environment_scripts_only(ad_ws_interfaces)
[0.783s] Level 1:colcon.colcon_core.environment:checking '/home/filip/ad_ws/install/ad_ws_interfaces' for CMake module files
[0.784s] Level 1:colcon.colcon_core.environment:checking '/home/filip/ad_ws/install/ad_ws_interfaces' for CMake config files
[0.784s] Level 1:colcon.colcon_core.shell:create_environment_hook('ad_ws_interfaces', 'cmake_prefix_path')
[0.784s] INFO:colcon.colcon_core.shell:Creating environment hook '/home/filip/ad_ws/install/ad_ws_interfaces/share/ad_ws_interfaces/hook/cmake_prefix_path.ps1'
[0.785s] INFO:colcon.colcon_core.shell:Creating environment descriptor '/home/filip/ad_ws/install/ad_ws_interfaces/share/ad_ws_interfaces/hook/cmake_prefix_path.dsv'
[0.785s] INFO:colcon.colcon_core.shell:Creating environment hook '/home/filip/ad_ws/install/ad_ws_interfaces/share/ad_ws_interfaces/hook/cmake_prefix_path.sh'
[0.785s] Level 1:colcon.colcon_core.environment:checking '/home/filip/ad_ws/install/ad_ws_interfaces/lib'
[0.785s] Level 1:colcon.colcon_core.shell:create_environment_hook('ad_ws_interfaces', 'ld_library_path_lib')
[0.785s] INFO:colcon.colcon_core.shell:Creating environment hook '/home/filip/ad_ws/install/ad_ws_interfaces/share/ad_ws_interfaces/hook/ld_library_path_lib.ps1'
[0.786s] INFO:colcon.colcon_core.shell:Creating environment descriptor '/home/filip/ad_ws/install/ad_ws_interfaces/share/ad_ws_interfaces/hook/ld_library_path_lib.dsv'
[0.786s] INFO:colcon.colcon_core.shell:Creating environment hook '/home/filip/ad_ws/install/ad_ws_interfaces/share/ad_ws_interfaces/hook/ld_library_path_lib.sh'
[0.786s] Level 1:colcon.colcon_core.environment:checking '/home/filip/ad_ws/install/ad_ws_interfaces/bin'
[0.786s] Level 1:colcon.colcon_core.environment:checking '/home/filip/ad_ws/install/ad_ws_interfaces/lib/pkgconfig/ad_ws_interfaces.pc'
[0.786s] Level 1:colcon.colcon_core.environment:checking '/home/filip/ad_ws/install/ad_ws_interfaces/lib/python3.10/site-packages'
[0.786s] Level 1:colcon.colcon_core.environment:checking '/home/filip/ad_ws/install/ad_ws_interfaces/bin'
[0.786s] INFO:colcon.colcon_core.shell:Creating package script '/home/filip/ad_ws/install/ad_ws_interfaces/share/ad_ws_interfaces/package.ps1'
[0.787s] INFO:colcon.colcon_core.shell:Creating package descriptor '/home/filip/ad_ws/install/ad_ws_interfaces/share/ad_ws_interfaces/package.dsv'
[0.787s] INFO:colcon.colcon_core.shell:Creating package script '/home/filip/ad_ws/install/ad_ws_interfaces/share/ad_ws_interfaces/package.sh'
[0.787s] INFO:colcon.colcon_core.shell:Creating package script '/home/filip/ad_ws/install/ad_ws_interfaces/share/ad_ws_interfaces/package.bash'
[0.787s] INFO:colcon.colcon_core.shell:Creating package script '/home/filip/ad_ws/install/ad_ws_interfaces/share/ad_ws_interfaces/package.zsh'
[0.787s] Level 1:colcon.colcon_core.environment:create_file_with_runtime_dependencies(/home/filip/ad_ws/install/ad_ws_interfaces/share/colcon-core/packages/ad_ws_interfaces)
[0.788s] INFO:colcon.colcon_ros.task.ament_python.build:Building ROS package in '/home/filip/ad_ws/src/signal_operations' with build type 'ament_python'
[0.788s] Level 1:colcon.colcon_core.shell:create_environment_hook('signal_operations', 'ament_prefix_path')
[0.788s] INFO:colcon.colcon_core.shell:Creating environment hook '/home/filip/ad_ws/install/signal_operations/share/signal_operations/hook/ament_prefix_path.ps1'
[0.788s] INFO:colcon.colcon_core.shell:Creating environment descriptor '/home/filip/ad_ws/install/signal_operations/share/signal_operations/hook/ament_prefix_path.dsv'
[0.788s] INFO:colcon.colcon_core.shell:Creating environment hook '/home/filip/ad_ws/install/signal_operations/share/signal_operations/hook/ament_prefix_path.sh'
[0.789s] INFO:colcon.colcon_core.shell:Skip shell extension 'powershell' for command environment: Not usable outside of PowerShell
[0.789s] DEBUG:colcon.colcon_core.shell:Skip shell extension 'dsv' for command environment
[1.045s] INFO:colcon.colcon_core.task.python.build:Building Python package in '/home/filip/ad_ws/src/signal_operations'
[1.045s] INFO:colcon.colcon_core.shell:Skip shell extension 'powershell' for command environment: Not usable outside of PowerShell
[1.045s] DEBUG:colcon.colcon_core.shell:Skip shell extension 'dsv' for command environment
[1.050s] DEBUG:colcon.colcon_core.event_handler.log_command:Invoked command in '/home/filip/ad_ws/build/bluespace_ai_xsens_mti_driver' returned '0': CMAKE_PREFIX_PATH=${CMAKE_PREFIX_PATH}:/opt/ros/humble:/home/filip/ad_ws/install/signal_operations /usr/bin/cmake /home/filip/ad_ws/src/bluespace_ai_xsens_ros_mti_driver-ros2_0_galactic -DCMAKE_INSTALL_PREFIX=/home/filip/ad_ws/install/bluespace_ai_xsens_mti_driver
[1.050s] DEBUG:colcon.colcon_core.event_handler.log_command:Invoking command in '/home/filip/ad_ws/build/bluespace_ai_xsens_mti_driver': CMAKE_PREFIX_PATH=${CMAKE_PREFIX_PATH}:/opt/ros/humble:/home/filip/ad_ws/install/signal_operations /usr/bin/cmake --build /home/filip/ad_ws/build/bluespace_ai_xsens_mti_driver -- -j16 -l16
[1.337s] DEBUG:colcon.colcon_core.event_handler.log_command:Invoking command in '/home/filip/ad_ws/src/signal_operations': LD_LIBRARY_PATH=/home/filip/ad_ws/install/ad_ws_interfaces/lib:/opt/ros/humble/opt/rviz_ogre_vendor/lib:/opt/ros/humble/lib/x86_64-linux-gnu:/opt/ros/humble/lib PYTHONPATH=/home/filip/ad_ws/build/signal_operations/prefix_override:/usr/lib/python3/dist-packages/colcon_core/task/python/colcon_distutils_commands:/home/filip/ad_ws/install/signal_operations/lib/python3.10/site-packages:${PYTHONPATH} /usr/bin/python3 -W ignore:setup.py install is deprecated setup.py egg_info --egg-base ../../build/signal_operations build --build-base /home/filip/ad_ws/build/signal_operations/build install --record /home/filip/ad_ws/build/signal_operations/install.log --single-version-externally-managed install_data
[1.513s] Level 1:colcon.colcon_core.environment:checking '/home/filip/ad_ws/install/signal_operations' for CMake module files
[1.513s] DEBUG:colcon.colcon_core.event_handler.log_command:Invoked command in '/home/filip/ad_ws/src/signal_operations' returned '0': LD_LIBRARY_PATH=/home/filip/ad_ws/install/ad_ws_interfaces/lib:/opt/ros/humble/opt/rviz_ogre_vendor/lib:/opt/ros/humble/lib/x86_64-linux-gnu:/opt/ros/humble/lib PYTHONPATH=/home/filip/ad_ws/build/signal_operations/prefix_override:/usr/lib/python3/dist-packages/colcon_core/task/python/colcon_distutils_commands:/home/filip/ad_ws/install/signal_operations/lib/python3.10/site-packages:${PYTHONPATH} /usr/bin/python3 -W ignore:setup.py install is deprecated setup.py egg_info --egg-base ../../build/signal_operations build --build-base /home/filip/ad_ws/build/signal_operations/build install --record /home/filip/ad_ws/build/signal_operations/install.log --single-version-externally-managed install_data
[1.513s] Level 1:colcon.colcon_core.environment:checking '/home/filip/ad_ws/install/signal_operations' for CMake config files
[1.514s] Level 1:colcon.colcon_core.environment:checking '/home/filip/ad_ws/install/signal_operations/lib'
[1.514s] Level 1:colcon.colcon_core.environment:checking '/home/filip/ad_ws/install/signal_operations/bin'
[1.514s] Level 1:colcon.colcon_core.environment:checking '/home/filip/ad_ws/install/signal_operations/lib/pkgconfig/signal_operations.pc'
[1.514s] Level 1:colcon.colcon_core.environment:checking '/home/filip/ad_ws/install/signal_operations/lib/python3.10/site-packages'
[1.514s] Level 1:colcon.colcon_core.shell:create_environment_hook('signal_operations', 'pythonpath')
[1.514s] INFO:colcon.colcon_core.shell:Creating environment hook '/home/filip/ad_ws/install/signal_operations/share/signal_operations/hook/pythonpath.ps1'
[1.514s] INFO:colcon.colcon_core.shell:Creating environment descriptor '/home/filip/ad_ws/install/signal_operations/share/signal_operations/hook/pythonpath.dsv'
[1.515s] INFO:colcon.colcon_core.shell:Creating environment hook '/home/filip/ad_ws/install/signal_operations/share/signal_operations/hook/pythonpath.sh'
[1.515s] Level 1:colcon.colcon_core.environment:checking '/home/filip/ad_ws/install/signal_operations/bin'
[1.515s] Level 1:colcon.colcon_core.environment:create_environment_scripts_only(signal_operations)
[1.515s] INFO:colcon.colcon_core.shell:Creating package script '/home/filip/ad_ws/install/signal_operations/share/signal_operations/package.ps1'
[1.515s] INFO:colcon.colcon_core.shell:Creating package descriptor '/home/filip/ad_ws/install/signal_operations/share/signal_operations/package.dsv'
[1.516s] INFO:colcon.colcon_core.shell:Creating package script '/home/filip/ad_ws/install/signal_operations/share/signal_operations/package.sh'
[1.516s] INFO:colcon.colcon_core.shell:Creating package script '/home/filip/ad_ws/install/signal_operations/share/signal_operations/package.bash'
[1.516s] INFO:colcon.colcon_core.shell:Creating package script '/home/filip/ad_ws/install/signal_operations/share/signal_operations/package.zsh'
[1.516s] Level 1:colcon.colcon_core.environment:create_file_with_runtime_dependencies(/home/filip/ad_ws/install/signal_operations/share/colcon-core/packages/signal_operations)
[37.332s] DEBUG:colcon.colcon_core.event_handler.log_command:Invoked command in '/home/filip/ad_ws/build/bluespace_ai_xsens_mti_driver' returned '0': CMAKE_PREFIX_PATH=${CMAKE_PREFIX_PATH}:/opt/ros/humble:/home/filip/ad_ws/install/signal_operations /usr/bin/cmake --build /home/filip/ad_ws/build/bluespace_ai_xsens_mti_driver -- -j16 -l16
[37.367s] DEBUG:colcon.colcon_core.event_handler.log_command:Invoking command in '/home/filip/ad_ws/build/bluespace_ai_xsens_mti_driver': CMAKE_PREFIX_PATH=${CMAKE_PREFIX_PATH}:/opt/ros/humble:/home/filip/ad_ws/install/signal_operations /usr/bin/cmake --install /home/filip/ad_ws/build/bluespace_ai_xsens_mti_driver
[37.394s] Level 1:colcon.colcon_core.environment:create_environment_scripts_only(bluespace_ai_xsens_mti_driver)
[37.395s] Level 1:colcon.colcon_core.environment:checking '/home/filip/ad_ws/install/bluespace_ai_xsens_mti_driver' for CMake module files
[37.395s] DEBUG:colcon.colcon_core.event_handler.log_command:Invoked command in '/home/filip/ad_ws/build/bluespace_ai_xsens_mti_driver' returned '0': CMAKE_PREFIX_PATH=${CMAKE_PREFIX_PATH}:/opt/ros/humble:/home/filip/ad_ws/install/signal_operations /usr/bin/cmake --install /home/filip/ad_ws/build/bluespace_ai_xsens_mti_driver
[37.396s] Level 1:colcon.colcon_core.environment:checking '/home/filip/ad_ws/install/bluespace_ai_xsens_mti_driver' for CMake config files
[37.396s] Level 1:colcon.colcon_core.shell:create_environment_hook('bluespace_ai_xsens_mti_driver', 'cmake_prefix_path')
[37.396s] INFO:colcon.colcon_core.shell:Creating environment hook '/home/filip/ad_ws/install/bluespace_ai_xsens_mti_driver/share/bluespace_ai_xsens_mti_driver/hook/cmake_prefix_path.ps1'
[37.397s] INFO:colcon.colcon_core.shell:Creating environment descriptor '/home/filip/ad_ws/install/bluespace_ai_xsens_mti_driver/share/bluespace_ai_xsens_mti_driver/hook/cmake_prefix_path.dsv'
[37.397s] INFO:colcon.colcon_core.shell:Creating environment hook '/home/filip/ad_ws/install/bluespace_ai_xsens_mti_driver/share/bluespace_ai_xsens_mti_driver/hook/cmake_prefix_path.sh'
[37.398s] Level 1:colcon.colcon_core.environment:checking '/home/filip/ad_ws/install/bluespace_ai_xsens_mti_driver/lib'
[37.398s] Level 1:colcon.colcon_core.environment:checking '/home/filip/ad_ws/install/bluespace_ai_xsens_mti_driver/bin'
[37.398s] Level 1:colcon.colcon_core.environment:checking '/home/filip/ad_ws/install/bluespace_ai_xsens_mti_driver/lib/pkgconfig/bluespace_ai_xsens_mti_driver.pc'
[37.398s] Level 1:colcon.colcon_core.environment:checking '/home/filip/ad_ws/install/bluespace_ai_xsens_mti_driver/lib/python3.10/site-packages'
[37.398s] Level 1:colcon.colcon_core.environment:checking '/home/filip/ad_ws/install/bluespace_ai_xsens_mti_driver/bin'
[37.399s] INFO:colcon.colcon_core.shell:Creating package script '/home/filip/ad_ws/install/bluespace_ai_xsens_mti_driver/share/bluespace_ai_xsens_mti_driver/package.ps1'
[37.399s] INFO:colcon.colcon_core.shell:Creating package descriptor '/home/filip/ad_ws/install/bluespace_ai_xsens_mti_driver/share/bluespace_ai_xsens_mti_driver/package.dsv'
[37.400s] INFO:colcon.colcon_core.shell:Creating package script '/home/filip/ad_ws/install/bluespace_ai_xsens_mti_driver/share/bluespace_ai_xsens_mti_driver/package.sh'
[37.400s] INFO:colcon.colcon_core.shell:Creating package script '/home/filip/ad_ws/install/bluespace_ai_xsens_mti_driver/share/bluespace_ai_xsens_mti_driver/package.bash'
[37.401s] INFO:colcon.colcon_core.shell:Creating package script '/home/filip/ad_ws/install/bluespace_ai_xsens_mti_driver/share/bluespace_ai_xsens_mti_driver/package.zsh'
[37.401s] Level 1:colcon.colcon_core.environment:create_file_with_runtime_dependencies(/home/filip/ad_ws/install/bluespace_ai_xsens_mti_driver/share/colcon-core/packages/bluespace_ai_xsens_mti_driver)
[37.438s] Level 1:colcon.colcon_core.environment:create_environment_scripts_only(bluespace_ai_xsens_mti_driver)
[37.438s] Level 1:colcon.colcon_core.environment:checking '/home/filip/ad_ws/install/bluespace_ai_xsens_mti_driver' for CMake module files
[37.439s] Level 1:colcon.colcon_core.environment:checking '/home/filip/ad_ws/install/bluespace_ai_xsens_mti_driver' for CMake config files
[37.439s] Level 1:colcon.colcon_core.shell:create_environment_hook('bluespace_ai_xsens_mti_driver', 'cmake_prefix_path')
[37.440s] INFO:colcon.colcon_core.shell:Creating environment hook '/home/filip/ad_ws/install/bluespace_ai_xsens_mti_driver/share/bluespace_ai_xsens_mti_driver/hook/cmake_prefix_path.ps1'
[37.440s] INFO:colcon.colcon_core.shell:Creating environment descriptor '/home/filip/ad_ws/install/bluespace_ai_xsens_mti_driver/share/bluespace_ai_xsens_mti_driver/hook/cmake_prefix_path.dsv'
[37.441s] INFO:colcon.colcon_core.shell:Creating environment hook '/home/filip/ad_ws/install/bluespace_ai_xsens_mti_driver/share/bluespace_ai_xsens_mti_driver/hook/cmake_prefix_path.sh'
[37.442s] Level 1:colcon.colcon_core.environment:checking '/home/filip/ad_ws/install/bluespace_ai_xsens_mti_driver/lib'
[37.442s] Level 1:colcon.colcon_core.environment:checking '/home/filip/ad_ws/install/bluespace_ai_xsens_mti_driver/bin'
[37.442s] Level 1:colcon.colcon_core.environment:checking '/home/filip/ad_ws/install/bluespace_ai_xsens_mti_driver/lib/pkgconfig/bluespace_ai_xsens_mti_driver.pc'
[37.442s] Level 1:colcon.colcon_core.environment:checking '/home/filip/ad_ws/install/bluespace_ai_xsens_mti_driver/lib/python3.10/site-packages'
[37.442s] Level 1:colcon.colcon_core.environment:checking '/home/filip/ad_ws/install/bluespace_ai_xsens_mti_driver/bin'
[37.443s] INFO:colcon.colcon_core.shell:Creating package script '/home/filip/ad_ws/install/bluespace_ai_xsens_mti_driver/share/bluespace_ai_xsens_mti_driver/package.ps1'
[37.443s] INFO:colcon.colcon_core.shell:Creating package descriptor '/home/filip/ad_ws/install/bluespace_ai_xsens_mti_driver/share/bluespace_ai_xsens_mti_driver/package.dsv'
[37.444s] INFO:colcon.colcon_core.shell:Creating package script '/home/filip/ad_ws/install/bluespace_ai_xsens_mti_driver/share/bluespace_ai_xsens_mti_driver/package.sh'
[37.444s] INFO:colcon.colcon_core.shell:Creating package script '/home/filip/ad_ws/install/bluespace_ai_xsens_mti_driver/share/bluespace_ai_xsens_mti_driver/package.bash'
[37.445s] INFO:colcon.colcon_core.shell:Creating package script '/home/filip/ad_ws/install/bluespace_ai_xsens_mti_driver/share/bluespace_ai_xsens_mti_driver/package.zsh'
[37.445s] Level 1:colcon.colcon_core.environment:create_file_with_runtime_dependencies(/home/filip/ad_ws/install/bluespace_ai_xsens_mti_driver/share/colcon-core/packages/bluespace_ai_xsens_mti_driver)
[37.445s] DEBUG:colcon.colcon_parallel_executor.executor.parallel:closing loop
[37.445s] DEBUG:colcon.colcon_parallel_executor.executor.parallel:loop closed
[37.445s] DEBUG:colcon.colcon_parallel_executor.executor.parallel:run_until_complete finished with '0'
[37.445s] DEBUG:colcon.colcon_core.event_reactor:joining thread
[37.452s] INFO:colcon.colcon_core.plugin_system:Skipping extension 'colcon_notification.desktop_notification.terminal_notifier': Not used on non-Darwin systems
[37.452s] INFO:colcon.colcon_core.plugin_system:Skipping extension 'colcon_notification.desktop_notification.win32': Not used on non-Windows systems
[37.452s] INFO:colcon.colcon_notification.desktop_notification:Sending desktop notification using 'notify2'
[37.466s] DEBUG:colcon.colcon_core.event_reactor:joined thread
[37.467s] INFO:colcon.colcon_core.shell:Creating prefix script '/home/filip/ad_ws/install/local_setup.ps1'
[37.468s] INFO:colcon.colcon_core.shell:Creating prefix util module '/home/filip/ad_ws/install/_local_setup_util_ps1.py'
[37.470s] INFO:colcon.colcon_core.shell:Creating prefix chain script '/home/filip/ad_ws/install/setup.ps1'
[37.471s] INFO:colcon.colcon_core.shell:Creating prefix script '/home/filip/ad_ws/install/local_setup.sh'
[37.472s] INFO:colcon.colcon_core.shell:Creating prefix util module '/home/filip/ad_ws/install/_local_setup_util_sh.py'
[37.472s] INFO:colcon.colcon_core.shell:Creating prefix chain script '/home/filip/ad_ws/install/setup.sh'
[37.473s] INFO:colcon.colcon_core.shell:Creating prefix script '/home/filip/ad_ws/install/local_setup.bash'
[37.474s] INFO:colcon.colcon_core.shell:Creating prefix chain script '/home/filip/ad_ws/install/setup.bash'
[37.475s] INFO:colcon.colcon_core.shell:Creating prefix script '/home/filip/ad_ws/install/local_setup.zsh'
[37.476s] INFO:colcon.colcon_core.shell:Creating prefix chain script '/home/filip/ad_ws/install/setup.zsh'
