[0.006s] Invoking command in '/home/filip/ad_ws/build/ad_ws_interfaces': CMAKE_PREFIX_PATH=${CMAKE_PREFIX_PATH}:/home/filip/ad_ws/install/signal_operations /usr/bin/cmake --build /home/filip/ad_ws/build/ad_ws_interfaces -- -j16 -l16
[0.066s] [  2%] Built target ad_ws_interfaces__cpp
[0.067s] [ 12%] Built target ad_ws_interfaces__rosidl_generator_c
[0.078s] [ 12%] Built target ament_cmake_python_copy_ad_ws_interfaces
[0.100s] [ 23%] Built target ad_ws_interfaces__rosidl_typesupport_introspection_c
[0.102s] [ 33%] Built target ad_ws_interfaces__rosidl_typesupport_introspection_cpp
[0.103s] [ 43%] Built target ad_ws_interfaces__rosidl_typesupport_fastrtps_c
[0.104s] [ 53%] Built target ad_ws_interfaces__rosidl_typesupport_fastrtps_cpp
[0.104s] [ 64%] Built target ad_ws_interfaces__rosidl_typesupport_c
[0.105s] [ 74%] Built target ad_ws_interfaces__rosidl_typesupport_cpp
[0.137s] [ 74%] Built target ad_ws_interfaces
[0.163s] [ 76%] Built target ad_ws_interfaces__py
[0.178s] [ 84%] Built target ad_ws_interfaces__rosidl_generator_py
[0.190s] [ 89%] Built target ad_ws_interfaces__rosidl_typesupport_fastrtps_c__pyext
[0.192s] [ 94%] Built target ad_ws_interfaces__rosidl_typesupport_c__pyext
[0.193s] [100%] Built target ad_ws_interfaces__rosidl_typesupport_introspection_c__pyext
[0.248s] running egg_info
[0.248s] writing ad_ws_interfaces.egg-info/PKG-INFO
[0.248s] writing dependency_links to ad_ws_interfaces.egg-info/dependency_links.txt
[0.248s] writing top-level names to ad_ws_interfaces.egg-info/top_level.txt
[0.249s] reading manifest file 'ad_ws_interfaces.egg-info/SOURCES.txt'
[0.250s] writing manifest file 'ad_ws_interfaces.egg-info/SOURCES.txt'
[0.266s] [100%] Built target ament_cmake_python_build_ad_ws_interfaces_egg
