[  2%] Built target ad_ws_interfaces__cpp
[ 12%] Built target ad_ws_interfaces__rosidl_generator_c
[ 12%] Built target ament_cmake_python_copy_ad_ws_interfaces
[ 23%] Built target ad_ws_interfaces__rosidl_typesupport_introspection_cpp
[ 33%] Built target ad_ws_interfaces__rosidl_typesupport_fastrtps_cpp
[ 43%] Built target ad_ws_interfaces__rosidl_typesupport_cpp
[ 53%] Built target ad_ws_interfaces__rosidl_typesupport_introspection_c
[ 64%] Built target ad_ws_interfaces__rosidl_typesupport_c
[ 74%] Built target ad_ws_interfaces__rosidl_typesupport_fastrtps_c
[ 74%] Built target ad_ws_interfaces
[ 76%] Built target ad_ws_interfaces__py
[ 84%] Built target ad_ws_interfaces__rosidl_generator_py
[ 89%] Built target ad_ws_interfaces__rosidl_typesupport_introspection_c__pyext
[ 94%] Built target ad_ws_interfaces__rosidl_typesupport_fastrtps_c__pyext
[100%] Built target ad_ws_interfaces__rosidl_typesupport_c__pyext
running egg_info
writing ad_ws_interfaces.egg-info/PKG-INFO
writing dependency_links to ad_ws_interfaces.egg-info/dependency_links.txt
writing top-level names to ad_ws_interfaces.egg-info/top_level.txt
reading manifest file 'ad_ws_interfaces.egg-info/SOURCES.txt'
writing manifest file 'ad_ws_interfaces.egg-info/SOURCES.txt'
[100%] Built target ament_cmake_python_build_ad_ws_interfaces_egg
-- Install configuration: ""
-- Up-to-date: /home/filip/ad_ws/install/ad_ws_interfaces/share/ament_index/resource_index/rosidl_interfaces/ad_ws_interfaces
-- Up-to-date: /home/filip/ad_ws/install/ad_ws_interfaces/include/ad_ws_interfaces/ad_ws_interfaces
-- Up-to-date: /home/filip/ad_ws/install/ad_ws_interfaces/include/ad_ws_interfaces/ad_ws_interfaces/msg
-- Up-to-date: /home/filip/ad_ws/install/ad_ws_interfaces/include/ad_ws_interfaces/ad_ws_interfaces/msg/signal.h
-- Up-to-date: /home/filip/ad_ws/install/ad_ws_interfaces/include/ad_ws_interfaces/ad_ws_interfaces/msg/detail
-- Up-to-date: /home/filip/ad_ws/install/ad_ws_interfaces/include/ad_ws_interfaces/ad_ws_interfaces/msg/detail/xsens__struct.h
-- Up-to-date: /home/filip/ad_ws/install/ad_ws_interfaces/include/ad_ws_interfaces/ad_ws_interfaces/msg/detail/xsens__type_support.h
-- Up-to-date: /home/filip/ad_ws/install/ad_ws_interfaces/include/ad_ws_interfaces/ad_ws_interfaces/msg/detail/signal__functions.c
-- Up-to-date: /home/filip/ad_ws/install/ad_ws_interfaces/include/ad_ws_interfaces/ad_ws_interfaces/msg/detail/signal__functions.h
-- Up-to-date: /home/filip/ad_ws/install/ad_ws_interfaces/include/ad_ws_interfaces/ad_ws_interfaces/msg/detail/xsens__functions.h
-- Up-to-date: /home/filip/ad_ws/install/ad_ws_interfaces/include/ad_ws_interfaces/ad_ws_interfaces/msg/detail/signal__type_support.h
-- Up-to-date: /home/filip/ad_ws/install/ad_ws_interfaces/include/ad_ws_interfaces/ad_ws_interfaces/msg/detail/signal__struct.h
-- Up-to-date: /home/filip/ad_ws/install/ad_ws_interfaces/include/ad_ws_interfaces/ad_ws_interfaces/msg/detail/xsens__functions.c
-- Up-to-date: /home/filip/ad_ws/install/ad_ws_interfaces/include/ad_ws_interfaces/ad_ws_interfaces/msg/rosidl_generator_c__visibility_control.h
-- Up-to-date: /home/filip/ad_ws/install/ad_ws_interfaces/include/ad_ws_interfaces/ad_ws_interfaces/msg/xsens.h
-- Up-to-date: /home/filip/ad_ws/install/ad_ws_interfaces/share/ad_ws_interfaces/environment/library_path.sh
-- Up-to-date: /home/filip/ad_ws/install/ad_ws_interfaces/share/ad_ws_interfaces/environment/library_path.dsv
-- Up-to-date: /home/filip/ad_ws/install/ad_ws_interfaces/lib/libad_ws_interfaces__rosidl_generator_c.so
-- Up-to-date: /home/filip/ad_ws/install/ad_ws_interfaces/include/ad_ws_interfaces/ad_ws_interfaces
-- Up-to-date: /home/filip/ad_ws/install/ad_ws_interfaces/include/ad_ws_interfaces/ad_ws_interfaces/msg
-- Up-to-date: /home/filip/ad_ws/install/ad_ws_interfaces/include/ad_ws_interfaces/ad_ws_interfaces/msg/detail
-- Up-to-date: /home/filip/ad_ws/install/ad_ws_interfaces/include/ad_ws_interfaces/ad_ws_interfaces/msg/detail/xsens__rosidl_typesupport_fastrtps_c.h
-- Up-to-date: /home/filip/ad_ws/install/ad_ws_interfaces/include/ad_ws_interfaces/ad_ws_interfaces/msg/detail/signal__rosidl_typesupport_fastrtps_c.h
-- Up-to-date: /home/filip/ad_ws/install/ad_ws_interfaces/include/ad_ws_interfaces/ad_ws_interfaces/msg/rosidl_typesupport_fastrtps_c__visibility_control.h
-- Up-to-date: /home/filip/ad_ws/install/ad_ws_interfaces/lib/libad_ws_interfaces__rosidl_typesupport_fastrtps_c.so
-- Up-to-date: /home/filip/ad_ws/install/ad_ws_interfaces/include/ad_ws_interfaces/ad_ws_interfaces
-- Up-to-date: /home/filip/ad_ws/install/ad_ws_interfaces/include/ad_ws_interfaces/ad_ws_interfaces/msg
-- Up-to-date: /home/filip/ad_ws/install/ad_ws_interfaces/include/ad_ws_interfaces/ad_ws_interfaces/msg/rosidl_typesupport_introspection_c__visibility_control.h
-- Up-to-date: /home/filip/ad_ws/install/ad_ws_interfaces/include/ad_ws_interfaces/ad_ws_interfaces/msg/detail
-- Up-to-date: /home/filip/ad_ws/install/ad_ws_interfaces/include/ad_ws_interfaces/ad_ws_interfaces/msg/detail/signal__type_support.c
-- Up-to-date: /home/filip/ad_ws/install/ad_ws_interfaces/include/ad_ws_interfaces/ad_ws_interfaces/msg/detail/xsens__rosidl_typesupport_introspection_c.h
-- Up-to-date: /home/filip/ad_ws/install/ad_ws_interfaces/include/ad_ws_interfaces/ad_ws_interfaces/msg/detail/xsens__type_support.c
-- Up-to-date: /home/filip/ad_ws/install/ad_ws_interfaces/include/ad_ws_interfaces/ad_ws_interfaces/msg/detail/signal__rosidl_typesupport_introspection_c.h
-- Up-to-date: /home/filip/ad_ws/install/ad_ws_interfaces/lib/libad_ws_interfaces__rosidl_typesupport_introspection_c.so
-- Up-to-date: /home/filip/ad_ws/install/ad_ws_interfaces/lib/libad_ws_interfaces__rosidl_typesupport_c.so
-- Up-to-date: /home/filip/ad_ws/install/ad_ws_interfaces/include/ad_ws_interfaces/ad_ws_interfaces
-- Up-to-date: /home/filip/ad_ws/install/ad_ws_interfaces/include/ad_ws_interfaces/ad_ws_interfaces/msg
-- Up-to-date: /home/filip/ad_ws/install/ad_ws_interfaces/include/ad_ws_interfaces/ad_ws_interfaces/msg/detail
-- Up-to-date: /home/filip/ad_ws/install/ad_ws_interfaces/include/ad_ws_interfaces/ad_ws_interfaces/msg/detail/xsens__traits.hpp
-- Up-to-date: /home/filip/ad_ws/install/ad_ws_interfaces/include/ad_ws_interfaces/ad_ws_interfaces/msg/detail/xsens__builder.hpp
-- Up-to-date: /home/filip/ad_ws/install/ad_ws_interfaces/include/ad_ws_interfaces/ad_ws_interfaces/msg/detail/xsens__struct.hpp
-- Up-to-date: /home/filip/ad_ws/install/ad_ws_interfaces/include/ad_ws_interfaces/ad_ws_interfaces/msg/detail/signal__traits.hpp
-- Up-to-date: /home/filip/ad_ws/install/ad_ws_interfaces/include/ad_ws_interfaces/ad_ws_interfaces/msg/detail/signal__builder.hpp
-- Up-to-date: /home/filip/ad_ws/install/ad_ws_interfaces/include/ad_ws_interfaces/ad_ws_interfaces/msg/detail/signal__struct.hpp
-- Up-to-date: /home/filip/ad_ws/install/ad_ws_interfaces/include/ad_ws_interfaces/ad_ws_interfaces/msg/xsens.hpp
-- Up-to-date: /home/filip/ad_ws/install/ad_ws_interfaces/include/ad_ws_interfaces/ad_ws_interfaces/msg/signal.hpp
-- Up-to-date: /home/filip/ad_ws/install/ad_ws_interfaces/include/ad_ws_interfaces/ad_ws_interfaces
-- Up-to-date: /home/filip/ad_ws/install/ad_ws_interfaces/include/ad_ws_interfaces/ad_ws_interfaces/msg
-- Up-to-date: /home/filip/ad_ws/install/ad_ws_interfaces/include/ad_ws_interfaces/ad_ws_interfaces/msg/detail
-- Up-to-date: /home/filip/ad_ws/install/ad_ws_interfaces/include/ad_ws_interfaces/ad_ws_interfaces/msg/detail/signal__rosidl_typesupport_fastrtps_cpp.hpp
-- Up-to-date: /home/filip/ad_ws/install/ad_ws_interfaces/include/ad_ws_interfaces/ad_ws_interfaces/msg/detail/xsens__rosidl_typesupport_fastrtps_cpp.hpp
-- Up-to-date: /home/filip/ad_ws/install/ad_ws_interfaces/include/ad_ws_interfaces/ad_ws_interfaces/msg/detail/dds_fastrtps
-- Up-to-date: /home/filip/ad_ws/install/ad_ws_interfaces/include/ad_ws_interfaces/ad_ws_interfaces/msg/rosidl_typesupport_fastrtps_cpp__visibility_control.h
-- Up-to-date: /home/filip/ad_ws/install/ad_ws_interfaces/lib/libad_ws_interfaces__rosidl_typesupport_fastrtps_cpp.so
-- Up-to-date: /home/filip/ad_ws/install/ad_ws_interfaces/include/ad_ws_interfaces/ad_ws_interfaces
-- Up-to-date: /home/filip/ad_ws/install/ad_ws_interfaces/include/ad_ws_interfaces/ad_ws_interfaces/msg
-- Up-to-date: /home/filip/ad_ws/install/ad_ws_interfaces/include/ad_ws_interfaces/ad_ws_interfaces/msg/detail
-- Up-to-date: /home/filip/ad_ws/install/ad_ws_interfaces/include/ad_ws_interfaces/ad_ws_interfaces/msg/detail/xsens__rosidl_typesupport_introspection_cpp.hpp
-- Up-to-date: /home/filip/ad_ws/install/ad_ws_interfaces/include/ad_ws_interfaces/ad_ws_interfaces/msg/detail/signal__rosidl_typesupport_introspection_cpp.hpp
-- Up-to-date: /home/filip/ad_ws/install/ad_ws_interfaces/include/ad_ws_interfaces/ad_ws_interfaces/msg/detail/signal__type_support.cpp
-- Up-to-date: /home/filip/ad_ws/install/ad_ws_interfaces/include/ad_ws_interfaces/ad_ws_interfaces/msg/detail/xsens__type_support.cpp
-- Up-to-date: /home/filip/ad_ws/install/ad_ws_interfaces/lib/libad_ws_interfaces__rosidl_typesupport_introspection_cpp.so
-- Up-to-date: /home/filip/ad_ws/install/ad_ws_interfaces/lib/libad_ws_interfaces__rosidl_typesupport_cpp.so
-- Up-to-date: /home/filip/ad_ws/install/ad_ws_interfaces/share/ad_ws_interfaces/environment/pythonpath.sh
-- Up-to-date: /home/filip/ad_ws/install/ad_ws_interfaces/share/ad_ws_interfaces/environment/pythonpath.dsv
-- Up-to-date: /home/filip/ad_ws/install/ad_ws_interfaces/local/lib/python3.10/dist-packages/ad_ws_interfaces-0.0.0-py3.10.egg-info
-- Installing: /home/filip/ad_ws/install/ad_ws_interfaces/local/lib/python3.10/dist-packages/ad_ws_interfaces-0.0.0-py3.10.egg-info/PKG-INFO
-- Installing: /home/filip/ad_ws/install/ad_ws_interfaces/local/lib/python3.10/dist-packages/ad_ws_interfaces-0.0.0-py3.10.egg-info/SOURCES.txt
-- Installing: /home/filip/ad_ws/install/ad_ws_interfaces/local/lib/python3.10/dist-packages/ad_ws_interfaces-0.0.0-py3.10.egg-info/top_level.txt
-- Installing: /home/filip/ad_ws/install/ad_ws_interfaces/local/lib/python3.10/dist-packages/ad_ws_interfaces-0.0.0-py3.10.egg-info/dependency_links.txt
-- Up-to-date: /home/filip/ad_ws/install/ad_ws_interfaces/local/lib/python3.10/dist-packages/ad_ws_interfaces
-- Up-to-date: /home/filip/ad_ws/install/ad_ws_interfaces/local/lib/python3.10/dist-packages/ad_ws_interfaces/ad_ws_interfaces_s__rosidl_typesupport_introspection_c.cpython-310-x86_64-linux-gnu.so
-- Up-to-date: /home/filip/ad_ws/install/ad_ws_interfaces/local/lib/python3.10/dist-packages/ad_ws_interfaces/__init__.py
-- Up-to-date: /home/filip/ad_ws/install/ad_ws_interfaces/local/lib/python3.10/dist-packages/ad_ws_interfaces/ad_ws_interfaces_s__rosidl_typesupport_c.cpython-310-x86_64-linux-gnu.so
-- Up-to-date: /home/filip/ad_ws/install/ad_ws_interfaces/local/lib/python3.10/dist-packages/ad_ws_interfaces/libad_ws_interfaces__rosidl_generator_py.so
-- Up-to-date: /home/filip/ad_ws/install/ad_ws_interfaces/local/lib/python3.10/dist-packages/ad_ws_interfaces/_ad_ws_interfaces_s.ep.rosidl_typesupport_c.c
-- Up-to-date: /home/filip/ad_ws/install/ad_ws_interfaces/local/lib/python3.10/dist-packages/ad_ws_interfaces/msg
-- Up-to-date: /home/filip/ad_ws/install/ad_ws_interfaces/local/lib/python3.10/dist-packages/ad_ws_interfaces/msg/_xsens_s.c
-- Up-to-date: /home/filip/ad_ws/install/ad_ws_interfaces/local/lib/python3.10/dist-packages/ad_ws_interfaces/msg/__init__.py
-- Up-to-date: /home/filip/ad_ws/install/ad_ws_interfaces/local/lib/python3.10/dist-packages/ad_ws_interfaces/msg/_signal.py
-- Up-to-date: /home/filip/ad_ws/install/ad_ws_interfaces/local/lib/python3.10/dist-packages/ad_ws_interfaces/msg/_signal_s.c
-- Up-to-date: /home/filip/ad_ws/install/ad_ws_interfaces/local/lib/python3.10/dist-packages/ad_ws_interfaces/msg/_xsens.py
-- Up-to-date: /home/filip/ad_ws/install/ad_ws_interfaces/local/lib/python3.10/dist-packages/ad_ws_interfaces/_ad_ws_interfaces_s.ep.rosidl_typesupport_introspection_c.c
-- Up-to-date: /home/filip/ad_ws/install/ad_ws_interfaces/local/lib/python3.10/dist-packages/ad_ws_interfaces/_ad_ws_interfaces_s.ep.rosidl_typesupport_fastrtps_c.c
-- Up-to-date: /home/filip/ad_ws/install/ad_ws_interfaces/local/lib/python3.10/dist-packages/ad_ws_interfaces/ad_ws_interfaces_s__rosidl_typesupport_fastrtps_c.cpython-310-x86_64-linux-gnu.so
Listing '/home/filip/ad_ws/install/ad_ws_interfaces/local/lib/python3.10/dist-packages/ad_ws_interfaces'...
Listing '/home/filip/ad_ws/install/ad_ws_interfaces/local/lib/python3.10/dist-packages/ad_ws_interfaces/msg'...
-- Up-to-date: /home/filip/ad_ws/install/ad_ws_interfaces/local/lib/python3.10/dist-packages/ad_ws_interfaces/ad_ws_interfaces_s__rosidl_typesupport_fastrtps_c.cpython-310-x86_64-linux-gnu.so
-- Up-to-date: /home/filip/ad_ws/install/ad_ws_interfaces/local/lib/python3.10/dist-packages/ad_ws_interfaces/ad_ws_interfaces_s__rosidl_typesupport_introspection_c.cpython-310-x86_64-linux-gnu.so
-- Up-to-date: /home/filip/ad_ws/install/ad_ws_interfaces/local/lib/python3.10/dist-packages/ad_ws_interfaces/ad_ws_interfaces_s__rosidl_typesupport_c.cpython-310-x86_64-linux-gnu.so
-- Up-to-date: /home/filip/ad_ws/install/ad_ws_interfaces/lib/libad_ws_interfaces__rosidl_generator_py.so
-- Up-to-date: /home/filip/ad_ws/install/ad_ws_interfaces/share/ad_ws_interfaces/msg/Xsens.idl
-- Up-to-date: /home/filip/ad_ws/install/ad_ws_interfaces/share/ad_ws_interfaces/msg/Signal.idl
-- Up-to-date: /home/filip/ad_ws/install/ad_ws_interfaces/share/ad_ws_interfaces/msg/Xsens.msg
-- Up-to-date: /home/filip/ad_ws/install/ad_ws_interfaces/share/ad_ws_interfaces/msg/Signal.msg
-- Up-to-date: /home/filip/ad_ws/install/ad_ws_interfaces/share/ament_index/resource_index/package_run_dependencies/ad_ws_interfaces
-- Up-to-date: /home/filip/ad_ws/install/ad_ws_interfaces/share/ament_index/resource_index/parent_prefix_path/ad_ws_interfaces
-- Up-to-date: /home/filip/ad_ws/install/ad_ws_interfaces/share/ad_ws_interfaces/environment/ament_prefix_path.sh
-- Up-to-date: /home/filip/ad_ws/install/ad_ws_interfaces/share/ad_ws_interfaces/environment/ament_prefix_path.dsv
-- Up-to-date: /home/filip/ad_ws/install/ad_ws_interfaces/share/ad_ws_interfaces/environment/path.sh
-- Up-to-date: /home/filip/ad_ws/install/ad_ws_interfaces/share/ad_ws_interfaces/environment/path.dsv
-- Up-to-date: /home/filip/ad_ws/install/ad_ws_interfaces/share/ad_ws_interfaces/local_setup.bash
-- Up-to-date: /home/filip/ad_ws/install/ad_ws_interfaces/share/ad_ws_interfaces/local_setup.sh
-- Up-to-date: /home/filip/ad_ws/install/ad_ws_interfaces/share/ad_ws_interfaces/local_setup.zsh
-- Up-to-date: /home/filip/ad_ws/install/ad_ws_interfaces/share/ad_ws_interfaces/local_setup.dsv
-- Installing: /home/filip/ad_ws/install/ad_ws_interfaces/share/ad_ws_interfaces/package.dsv
-- Up-to-date: /home/filip/ad_ws/install/ad_ws_interfaces/share/ament_index/resource_index/packages/ad_ws_interfaces
-- Up-to-date: /home/filip/ad_ws/install/ad_ws_interfaces/share/ad_ws_interfaces/cmake/export_ad_ws_interfaces__rosidl_generator_cExport.cmake
-- Up-to-date: /home/filip/ad_ws/install/ad_ws_interfaces/share/ad_ws_interfaces/cmake/export_ad_ws_interfaces__rosidl_generator_cExport-noconfig.cmake
-- Up-to-date: /home/filip/ad_ws/install/ad_ws_interfaces/share/ad_ws_interfaces/cmake/export_ad_ws_interfaces__rosidl_typesupport_fastrtps_cExport.cmake
-- Up-to-date: /home/filip/ad_ws/install/ad_ws_interfaces/share/ad_ws_interfaces/cmake/export_ad_ws_interfaces__rosidl_typesupport_fastrtps_cExport-noconfig.cmake
-- Up-to-date: /home/filip/ad_ws/install/ad_ws_interfaces/share/ad_ws_interfaces/cmake/ad_ws_interfaces__rosidl_typesupport_introspection_cExport.cmake
-- Up-to-date: /home/filip/ad_ws/install/ad_ws_interfaces/share/ad_ws_interfaces/cmake/ad_ws_interfaces__rosidl_typesupport_introspection_cExport-noconfig.cmake
-- Up-to-date: /home/filip/ad_ws/install/ad_ws_interfaces/share/ad_ws_interfaces/cmake/ad_ws_interfaces__rosidl_typesupport_cExport.cmake
-- Up-to-date: /home/filip/ad_ws/install/ad_ws_interfaces/share/ad_ws_interfaces/cmake/ad_ws_interfaces__rosidl_typesupport_cExport-noconfig.cmake
-- Up-to-date: /home/filip/ad_ws/install/ad_ws_interfaces/share/ad_ws_interfaces/cmake/export_ad_ws_interfaces__rosidl_generator_cppExport.cmake
-- Up-to-date: /home/filip/ad_ws/install/ad_ws_interfaces/share/ad_ws_interfaces/cmake/export_ad_ws_interfaces__rosidl_typesupport_fastrtps_cppExport.cmake
-- Up-to-date: /home/filip/ad_ws/install/ad_ws_interfaces/share/ad_ws_interfaces/cmake/export_ad_ws_interfaces__rosidl_typesupport_fastrtps_cppExport-noconfig.cmake
-- Up-to-date: /home/filip/ad_ws/install/ad_ws_interfaces/share/ad_ws_interfaces/cmake/ad_ws_interfaces__rosidl_typesupport_introspection_cppExport.cmake
-- Up-to-date: /home/filip/ad_ws/install/ad_ws_interfaces/share/ad_ws_interfaces/cmake/ad_ws_interfaces__rosidl_typesupport_introspection_cppExport-noconfig.cmake
-- Up-to-date: /home/filip/ad_ws/install/ad_ws_interfaces/share/ad_ws_interfaces/cmake/ad_ws_interfaces__rosidl_typesupport_cppExport.cmake
-- Up-to-date: /home/filip/ad_ws/install/ad_ws_interfaces/share/ad_ws_interfaces/cmake/ad_ws_interfaces__rosidl_typesupport_cppExport-noconfig.cmake
-- Up-to-date: /home/filip/ad_ws/install/ad_ws_interfaces/share/ad_ws_interfaces/cmake/export_ad_ws_interfaces__rosidl_generator_pyExport.cmake
-- Up-to-date: /home/filip/ad_ws/install/ad_ws_interfaces/share/ad_ws_interfaces/cmake/export_ad_ws_interfaces__rosidl_generator_pyExport-noconfig.cmake
-- Up-to-date: /home/filip/ad_ws/install/ad_ws_interfaces/share/ad_ws_interfaces/cmake/rosidl_cmake-extras.cmake
-- Up-to-date: /home/filip/ad_ws/install/ad_ws_interfaces/share/ad_ws_interfaces/cmake/ament_cmake_export_include_directories-extras.cmake
-- Up-to-date: /home/filip/ad_ws/install/ad_ws_interfaces/share/ad_ws_interfaces/cmake/ament_cmake_export_libraries-extras.cmake
-- Up-to-date: /home/filip/ad_ws/install/ad_ws_interfaces/share/ad_ws_interfaces/cmake/ament_cmake_export_targets-extras.cmake
-- Up-to-date: /home/filip/ad_ws/install/ad_ws_interfaces/share/ad_ws_interfaces/cmake/rosidl_cmake_export_typesupport_targets-extras.cmake
-- Up-to-date: /home/filip/ad_ws/install/ad_ws_interfaces/share/ad_ws_interfaces/cmake/ament_cmake_export_dependencies-extras.cmake
-- Up-to-date: /home/filip/ad_ws/install/ad_ws_interfaces/share/ad_ws_interfaces/cmake/rosidl_cmake_export_typesupport_libraries-extras.cmake
-- Up-to-date: /home/filip/ad_ws/install/ad_ws_interfaces/share/ad_ws_interfaces/cmake/ad_ws_interfacesConfig.cmake
-- Up-to-date: /home/filip/ad_ws/install/ad_ws_interfaces/share/ad_ws_interfaces/cmake/ad_ws_interfacesConfig-version.cmake
-- Up-to-date: /home/filip/ad_ws/install/ad_ws_interfaces/share/ad_ws_interfaces/package.xml
