[0.780s] Invoking command in '/home/filip/ad_ws/src/signal_operations': PYTHONPATH=/home/filip/ad_ws/build/signal_operations/prefix_override:/usr/lib/python3/dist-packages/colcon_core/task/python/colcon_distutils_commands:/home/filip/ad_ws/install/signal_operations/lib/python3.10/site-packages:${PYTHONPATH} /usr/bin/python3 -W ignore:setup.py install is deprecated setup.py egg_info --egg-base ../../build/signal_operations build --build-base /home/filip/ad_ws/build/signal_operations/build install --record /home/filip/ad_ws/build/signal_operations/install.log --single-version-externally-managed install_data
[1.064s] running egg_info
[1.065s] writing ../../build/signal_operations/signal_operations.egg-info/PKG-INFO
[1.065s] writing dependency_links to ../../build/signal_operations/signal_operations.egg-info/dependency_links.txt
[1.065s] writing entry points to ../../build/signal_operations/signal_operations.egg-info/entry_points.txt
[1.065s] writing requirements to ../../build/signal_operations/signal_operations.egg-info/requires.txt
[1.065s] writing top-level names to ../../build/signal_operations/signal_operations.egg-info/top_level.txt
[1.067s] reading manifest file '../../build/signal_operations/signal_operations.egg-info/SOURCES.txt'
[1.067s] adding license file 'LICENSE'
[1.068s] writing manifest file '../../build/signal_operations/signal_operations.egg-info/SOURCES.txt'
[1.068s] running build
[1.068s] running build_py
[1.069s] running install
[1.069s] running install_lib
[1.071s] running install_data
[1.071s] running install_egg_info
[1.073s] removing '/home/filip/ad_ws/install/signal_operations/lib/python3.10/site-packages/signal_operations-0.0.0-py3.10.egg-info' (and everything under it)
[1.073s] Copying ../../build/signal_operations/signal_operations.egg-info to /home/filip/ad_ws/install/signal_operations/lib/python3.10/site-packages/signal_operations-0.0.0-py3.10.egg-info
[1.074s] running install_scripts
[1.102s] Installing publisher script to /home/filip/ad_ws/install/signal_operations/lib/signal_operations
[1.102s] Installing subsriber script to /home/filip/ad_ws/install/signal_operations/lib/signal_operations
[1.102s] writing list of installed files to '/home/filip/ad_ws/build/signal_operations/install.log'
[1.133s] Invoked command in '/home/filip/ad_ws/src/signal_operations' returned '0': PYTHONPATH=/home/filip/ad_ws/build/signal_operations/prefix_override:/usr/lib/python3/dist-packages/colcon_core/task/python/colcon_distutils_commands:/home/filip/ad_ws/install/signal_operations/lib/python3.10/site-packages:${PYTHONPATH} /usr/bin/python3 -W ignore:setup.py install is deprecated setup.py egg_info --egg-base ../../build/signal_operations build --build-base /home/filip/ad_ws/build/signal_operations/build install --record /home/filip/ad_ws/build/signal_operations/install.log --single-version-externally-managed install_data
