[0.104s] DEBUG:colcon:Command line arguments: ['/usr/bin/colcon', 'build']
[0.104s] DEBUG:colcon:Parsed command line arguments: Namespace(log_base=None, log_level=None, verb_name='build', build_base='build', install_base='install', merge_install=False, symlink_install=False, test_result_base=None, continue_on_error=False, executor='parallel', parallel_workers=16, event_handlers=None, ignore_user_meta=False, metas=['./colcon.meta'], base_paths=['.'], packages_ignore=None, packages_ignore_regex=None, paths=None, packages_up_to=None, packages_up_to_regex=None, packages_above=None, packages_above_and_dependencies=None, packages_above_depth=None, packages_select_by_dep=None, packages_skip_by_dep=None, packages_skip_up_to=None, packages_select_build_failed=False, packages_skip_build_finished=False, packages_select_test_failures=False, packages_skip_test_passed=False, packages_select=None, packages_skip=None, packages_select_regex=None, packages_skip_regex=None, packages_start=None, packages_end=None, allow_overriding=[], cmake_args=None, cmake_target=None, cmake_target_skip_unavailable=False, cmake_clean_cache=False, cmake_clean_first=False, cmake_force_configure=False, ament_cmake_args=None, catkin_cmake_args=None, catkin_skip_building_tests=False, mixin_files=None, mixin=None, verb_parser=<colcon_mixin.mixin.mixin_argument.MixinArgumentDecorator object at 0x725acef2e200>, verb_extension=<colcon_core.verb.build.BuildVerb object at 0x725acef2db70>, main=<bound method BuildVerb.main of <colcon_core.verb.build.BuildVerb object at 0x725acef2db70>>, mixin_verb=('build',))
[0.248s] Level 1:colcon.colcon_core.package_discovery:discover_packages(colcon_meta) check parameters
[0.248s] Level 1:colcon.colcon_core.package_discovery:discover_packages(recursive) check parameters
[0.248s] Level 1:colcon.colcon_core.package_discovery:discover_packages(ignore) check parameters
[0.248s] Level 1:colcon.colcon_core.package_discovery:discover_packages(path) check parameters
[0.248s] Level 1:colcon.colcon_core.package_discovery:discover_packages(colcon_meta) discover
[0.248s] Level 1:colcon.colcon_core.package_discovery:discover_packages(recursive) discover
[0.248s] INFO:colcon.colcon_core.package_discovery:Crawling recursively for packages in '/home/filip/ad_ws'
[0.248s] Level 1:colcon.colcon_core.package_identification:_identify(.) by extensions ['ignore', 'ignore_ament_install']
[0.248s] Level 1:colcon.colcon_core.package_identification:_identify(.) by extension 'ignore'
[0.248s] Level 1:colcon.colcon_core.package_identification:_identify(.) by extension 'ignore_ament_install'
[0.248s] Level 1:colcon.colcon_core.package_identification:_identify(.) by extensions ['colcon_pkg']
[0.248s] Level 1:colcon.colcon_core.package_identification:_identify(.) by extension 'colcon_pkg'
[0.248s] Level 1:colcon.colcon_core.package_identification:_identify(.) by extensions ['colcon_meta']
[0.248s] Level 1:colcon.colcon_core.package_identification:_identify(.) by extension 'colcon_meta'
[0.248s] Level 1:colcon.colcon_core.package_identification:_identify(.) by extensions ['ros']
[0.248s] Level 1:colcon.colcon_core.package_identification:_identify(.) by extension 'ros'
[0.260s] Level 1:colcon.colcon_core.package_identification:_identify(.) by extensions ['cmake', 'python']
[0.260s] Level 1:colcon.colcon_core.package_identification:_identify(.) by extension 'cmake'
[0.260s] Level 1:colcon.colcon_core.package_identification:_identify(.) by extension 'python'
[0.260s] Level 1:colcon.colcon_core.package_identification:_identify(.) by extensions ['python_setup_py']
[0.260s] Level 1:colcon.colcon_core.package_identification:_identify(.) by extension 'python_setup_py'
[0.260s] Level 1:colcon.colcon_core.package_identification:_identify(build) by extensions ['ignore', 'ignore_ament_install']
[0.260s] Level 1:colcon.colcon_core.package_identification:_identify(build) by extension 'ignore'
[0.260s] Level 1:colcon.colcon_core.package_identification:_identify(build) ignored
[0.260s] Level 1:colcon.colcon_core.package_identification:_identify(install) by extensions ['ignore', 'ignore_ament_install']
[0.260s] Level 1:colcon.colcon_core.package_identification:_identify(install) by extension 'ignore'
[0.260s] Level 1:colcon.colcon_core.package_identification:_identify(install) ignored
[0.260s] Level 1:colcon.colcon_core.package_identification:_identify(log) by extensions ['ignore', 'ignore_ament_install']
[0.260s] Level 1:colcon.colcon_core.package_identification:_identify(log) by extension 'ignore'
[0.260s] Level 1:colcon.colcon_core.package_identification:_identify(log) ignored
[0.261s] Level 1:colcon.colcon_core.package_identification:_identify(src) by extensions ['ignore', 'ignore_ament_install']
[0.261s] Level 1:colcon.colcon_core.package_identification:_identify(src) by extension 'ignore'
[0.261s] Level 1:colcon.colcon_core.package_identification:_identify(src) by extension 'ignore_ament_install'
[0.261s] Level 1:colcon.colcon_core.package_identification:_identify(src) by extensions ['colcon_pkg']
[0.261s] Level 1:colcon.colcon_core.package_identification:_identify(src) by extension 'colcon_pkg'
[0.261s] Level 1:colcon.colcon_core.package_identification:_identify(src) by extensions ['colcon_meta']
[0.261s] Level 1:colcon.colcon_core.package_identification:_identify(src) by extension 'colcon_meta'
[0.261s] Level 1:colcon.colcon_core.package_identification:_identify(src) by extensions ['ros']
[0.261s] Level 1:colcon.colcon_core.package_identification:_identify(src) by extension 'ros'
[0.261s] Level 1:colcon.colcon_core.package_identification:_identify(src) by extensions ['cmake', 'python']
[0.261s] Level 1:colcon.colcon_core.package_identification:_identify(src) by extension 'cmake'
[0.261s] Level 1:colcon.colcon_core.package_identification:_identify(src) by extension 'python'
[0.261s] Level 1:colcon.colcon_core.package_identification:_identify(src) by extensions ['python_setup_py']
[0.261s] Level 1:colcon.colcon_core.package_identification:_identify(src) by extension 'python_setup_py'
[0.261s] Level 1:colcon.colcon_core.package_identification:_identify(src/ad_ws_interfaces) by extensions ['ignore', 'ignore_ament_install']
[0.261s] Level 1:colcon.colcon_core.package_identification:_identify(src/ad_ws_interfaces) by extension 'ignore'
[0.261s] Level 1:colcon.colcon_core.package_identification:_identify(src/ad_ws_interfaces) by extension 'ignore_ament_install'
[0.261s] Level 1:colcon.colcon_core.package_identification:_identify(src/ad_ws_interfaces) by extensions ['colcon_pkg']
[0.261s] Level 1:colcon.colcon_core.package_identification:_identify(src/ad_ws_interfaces) by extension 'colcon_pkg'
[0.261s] Level 1:colcon.colcon_core.package_identification:_identify(src/ad_ws_interfaces) by extensions ['colcon_meta']
[0.261s] Level 1:colcon.colcon_core.package_identification:_identify(src/ad_ws_interfaces) by extension 'colcon_meta'
[0.261s] Level 1:colcon.colcon_core.package_identification:_identify(src/ad_ws_interfaces) by extensions ['ros']
[0.261s] Level 1:colcon.colcon_core.package_identification:_identify(src/ad_ws_interfaces) by extension 'ros'
[0.264s] DEBUG:colcon.colcon_core.package_identification:Package 'src/ad_ws_interfaces' with type 'ros.ament_cmake' and name 'ad_ws_interfaces'
[0.264s] Level 1:colcon.colcon_core.package_identification:_identify(src/signal_operations) by extensions ['ignore', 'ignore_ament_install']
[0.264s] Level 1:colcon.colcon_core.package_identification:_identify(src/signal_operations) by extension 'ignore'
[0.264s] Level 1:colcon.colcon_core.package_identification:_identify(src/signal_operations) by extension 'ignore_ament_install'
[0.264s] Level 1:colcon.colcon_core.package_identification:_identify(src/signal_operations) by extensions ['colcon_pkg']
[0.264s] Level 1:colcon.colcon_core.package_identification:_identify(src/signal_operations) by extension 'colcon_pkg'
[0.264s] Level 1:colcon.colcon_core.package_identification:_identify(src/signal_operations) by extensions ['colcon_meta']
[0.264s] Level 1:colcon.colcon_core.package_identification:_identify(src/signal_operations) by extension 'colcon_meta'
[0.264s] Level 1:colcon.colcon_core.package_identification:_identify(src/signal_operations) by extensions ['ros']
[0.264s] Level 1:colcon.colcon_core.package_identification:_identify(src/signal_operations) by extension 'ros'
[0.265s] DEBUG:colcon.colcon_core.package_identification:Package 'src/signal_operations' with type 'ros.ament_python' and name 'signal_operations'
[0.265s] Level 1:colcon.colcon_core.package_discovery:discover_packages(recursive) using defaults
[0.265s] Level 1:colcon.colcon_core.package_discovery:discover_packages(ignore) discover
[0.265s] Level 1:colcon.colcon_core.package_discovery:discover_packages(ignore) using defaults
[0.265s] Level 1:colcon.colcon_core.package_discovery:discover_packages(path) discover
[0.265s] Level 1:colcon.colcon_core.package_discovery:discover_packages(path) using defaults
[0.285s] Level 1:colcon.colcon_core.package_discovery:discover_packages(prefix_path) check parameters
[0.285s] Level 1:colcon.colcon_core.package_discovery:discover_packages(prefix_path) discover
[0.287s] DEBUG:colcon.colcon_installed_package_information.package_discovery:Found 2 installed packages in /home/filip/ad_ws/install
[0.288s] DEBUG:colcon.colcon_installed_package_information.package_discovery:Found 270 installed packages in /opt/ros/humble
[0.298s] Level 1:colcon.colcon_core.package_discovery:discover_packages(prefix_path) using defaults
[0.332s] Level 5:colcon.colcon_core.verb:set package 'ad_ws_interfaces' build argument 'cmake_args' from command line to 'None'
[0.332s] Level 5:colcon.colcon_core.verb:set package 'ad_ws_interfaces' build argument 'cmake_target' from command line to 'None'
[0.332s] Level 5:colcon.colcon_core.verb:set package 'ad_ws_interfaces' build argument 'cmake_target_skip_unavailable' from command line to 'False'
[0.332s] Level 5:colcon.colcon_core.verb:set package 'ad_ws_interfaces' build argument 'cmake_clean_cache' from command line to 'False'
[0.332s] Level 5:colcon.colcon_core.verb:set package 'ad_ws_interfaces' build argument 'cmake_clean_first' from command line to 'False'
[0.332s] Level 5:colcon.colcon_core.verb:set package 'ad_ws_interfaces' build argument 'cmake_force_configure' from command line to 'False'
[0.332s] Level 5:colcon.colcon_core.verb:set package 'ad_ws_interfaces' build argument 'ament_cmake_args' from command line to 'None'
[0.332s] Level 5:colcon.colcon_core.verb:set package 'ad_ws_interfaces' build argument 'catkin_cmake_args' from command line to 'None'
[0.332s] Level 5:colcon.colcon_core.verb:set package 'ad_ws_interfaces' build argument 'catkin_skip_building_tests' from command line to 'False'
[0.332s] DEBUG:colcon.colcon_core.verb:Building package 'ad_ws_interfaces' with the following arguments: {'ament_cmake_args': None, 'build_base': '/home/filip/ad_ws/build/ad_ws_interfaces', 'catkin_cmake_args': None, 'catkin_skip_building_tests': False, 'cmake_args': None, 'cmake_clean_cache': False, 'cmake_clean_first': False, 'cmake_force_configure': False, 'cmake_target': None, 'cmake_target_skip_unavailable': False, 'install_base': '/home/filip/ad_ws/install/ad_ws_interfaces', 'merge_install': False, 'path': '/home/filip/ad_ws/src/ad_ws_interfaces', 'symlink_install': False, 'test_result_base': None}
[0.332s] Level 5:colcon.colcon_core.verb:set package 'signal_operations' build argument 'cmake_args' from command line to 'None'
[0.332s] Level 5:colcon.colcon_core.verb:set package 'signal_operations' build argument 'cmake_target' from command line to 'None'
[0.332s] Level 5:colcon.colcon_core.verb:set package 'signal_operations' build argument 'cmake_target_skip_unavailable' from command line to 'False'
[0.332s] Level 5:colcon.colcon_core.verb:set package 'signal_operations' build argument 'cmake_clean_cache' from command line to 'False'
[0.332s] Level 5:colcon.colcon_core.verb:set package 'signal_operations' build argument 'cmake_clean_first' from command line to 'False'
[0.332s] Level 5:colcon.colcon_core.verb:set package 'signal_operations' build argument 'cmake_force_configure' from command line to 'False'
[0.332s] Level 5:colcon.colcon_core.verb:set package 'signal_operations' build argument 'ament_cmake_args' from command line to 'None'
[0.332s] Level 5:colcon.colcon_core.verb:set package 'signal_operations' build argument 'catkin_cmake_args' from command line to 'None'
[0.333s] Level 5:colcon.colcon_core.verb:set package 'signal_operations' build argument 'catkin_skip_building_tests' from command line to 'False'
[0.333s] DEBUG:colcon.colcon_core.verb:Building package 'signal_operations' with the following arguments: {'ament_cmake_args': None, 'build_base': '/home/filip/ad_ws/build/signal_operations', 'catkin_cmake_args': None, 'catkin_skip_building_tests': False, 'cmake_args': None, 'cmake_clean_cache': False, 'cmake_clean_first': False, 'cmake_force_configure': False, 'cmake_target': None, 'cmake_target_skip_unavailable': False, 'install_base': '/home/filip/ad_ws/install/signal_operations', 'merge_install': False, 'path': '/home/filip/ad_ws/src/signal_operations', 'symlink_install': False, 'test_result_base': None}
[0.333s] INFO:colcon.colcon_core.executor:Executing jobs using 'parallel' executor
[0.334s] DEBUG:colcon.colcon_parallel_executor.executor.parallel:run_until_complete
[0.334s] INFO:colcon.colcon_ros.task.ament_cmake.build:Building ROS package in '/home/filip/ad_ws/src/ad_ws_interfaces' with build type 'ament_cmake'
[0.334s] INFO:colcon.colcon_cmake.task.cmake.build:Building CMake package in '/home/filip/ad_ws/src/ad_ws_interfaces'
[0.336s] INFO:colcon.colcon_core.plugin_system:Skipping extension 'colcon_core.shell.bat': Not used on non-Windows systems
[0.336s] INFO:colcon.colcon_core.shell:Skip shell extension 'powershell' for command environment: Not usable outside of PowerShell
[0.336s] DEBUG:colcon.colcon_core.shell:Skip shell extension 'dsv' for command environment
[0.339s] INFO:colcon.colcon_ros.task.ament_python.build:Building ROS package in '/home/filip/ad_ws/src/signal_operations' with build type 'ament_python'
[0.339s] Level 1:colcon.colcon_core.shell:create_environment_hook('signal_operations', 'ament_prefix_path')
[0.340s] INFO:colcon.colcon_core.shell:Creating environment hook '/home/filip/ad_ws/install/signal_operations/share/signal_operations/hook/ament_prefix_path.ps1'
[0.340s] INFO:colcon.colcon_core.shell:Creating environment descriptor '/home/filip/ad_ws/install/signal_operations/share/signal_operations/hook/ament_prefix_path.dsv'
[0.341s] INFO:colcon.colcon_core.shell:Creating environment hook '/home/filip/ad_ws/install/signal_operations/share/signal_operations/hook/ament_prefix_path.sh'
[0.341s] INFO:colcon.colcon_core.shell:Skip shell extension 'powershell' for command environment: Not usable outside of PowerShell
[0.342s] DEBUG:colcon.colcon_core.shell:Skip shell extension 'dsv' for command environment
[0.349s] DEBUG:colcon.colcon_core.event_handler.log_command:Invoking command in '/home/filip/ad_ws/build/ad_ws_interfaces': CMAKE_PREFIX_PATH=${CMAKE_PREFIX_PATH}:/home/filip/ad_ws/install/signal_operations:/opt/ros/humble /usr/bin/cmake --build /home/filip/ad_ws/build/ad_ws_interfaces -- -j16 -l16
[0.650s] INFO:colcon.colcon_core.task.python.build:Building Python package in '/home/filip/ad_ws/src/signal_operations'
[0.651s] INFO:colcon.colcon_core.shell:Skip shell extension 'powershell' for command environment: Not usable outside of PowerShell
[0.651s] DEBUG:colcon.colcon_core.shell:Skip shell extension 'dsv' for command environment
[1.120s] DEBUG:colcon.colcon_core.event_handler.log_command:Invoking command in '/home/filip/ad_ws/src/signal_operations': PYTHONPATH=/home/filip/ad_ws/build/signal_operations/prefix_override:/usr/lib/python3/dist-packages/colcon_core/task/python/colcon_distutils_commands:/home/filip/ad_ws/install/signal_operations/lib/python3.10/site-packages:${PYTHONPATH} /usr/bin/python3 -W ignore:setup.py install is deprecated setup.py egg_info --egg-base ../../build/signal_operations build --build-base /home/filip/ad_ws/build/signal_operations/build install --record /home/filip/ad_ws/build/signal_operations/install.log --single-version-externally-managed install_data
[1.472s] DEBUG:colcon.colcon_core.event_handler.log_command:Invoked command in '/home/filip/ad_ws/src/signal_operations' returned '0': PYTHONPATH=/home/filip/ad_ws/build/signal_operations/prefix_override:/usr/lib/python3/dist-packages/colcon_core/task/python/colcon_distutils_commands:/home/filip/ad_ws/install/signal_operations/lib/python3.10/site-packages:${PYTHONPATH} /usr/bin/python3 -W ignore:setup.py install is deprecated setup.py egg_info --egg-base ../../build/signal_operations build --build-base /home/filip/ad_ws/build/signal_operations/build install --record /home/filip/ad_ws/build/signal_operations/install.log --single-version-externally-managed install_data
[1.476s] Level 1:colcon.colcon_core.environment:checking '/home/filip/ad_ws/install/signal_operations' for CMake module files
[1.476s] Level 1:colcon.colcon_core.environment:checking '/home/filip/ad_ws/install/signal_operations' for CMake config files
[1.477s] Level 1:colcon.colcon_core.environment:checking '/home/filip/ad_ws/install/signal_operations/lib'
[1.477s] Level 1:colcon.colcon_core.environment:checking '/home/filip/ad_ws/install/signal_operations/bin'
[1.477s] Level 1:colcon.colcon_core.environment:checking '/home/filip/ad_ws/install/signal_operations/lib/pkgconfig/signal_operations.pc'
[1.478s] Level 1:colcon.colcon_core.environment:checking '/home/filip/ad_ws/install/signal_operations/lib/python3.10/site-packages'
[1.478s] Level 1:colcon.colcon_core.shell:create_environment_hook('signal_operations', 'pythonpath')
[1.478s] INFO:colcon.colcon_core.shell:Creating environment hook '/home/filip/ad_ws/install/signal_operations/share/signal_operations/hook/pythonpath.ps1'
[1.479s] INFO:colcon.colcon_core.shell:Creating environment descriptor '/home/filip/ad_ws/install/signal_operations/share/signal_operations/hook/pythonpath.dsv'
[1.479s] INFO:colcon.colcon_core.shell:Creating environment hook '/home/filip/ad_ws/install/signal_operations/share/signal_operations/hook/pythonpath.sh'
[1.480s] Level 1:colcon.colcon_core.environment:checking '/home/filip/ad_ws/install/signal_operations/bin'
[1.480s] Level 1:colcon.colcon_core.environment:create_environment_scripts_only(signal_operations)
[1.481s] INFO:colcon.colcon_core.shell:Creating package script '/home/filip/ad_ws/install/signal_operations/share/signal_operations/package.ps1'
[1.482s] INFO:colcon.colcon_core.shell:Creating package descriptor '/home/filip/ad_ws/install/signal_operations/share/signal_operations/package.dsv'
[1.483s] INFO:colcon.colcon_core.shell:Creating package script '/home/filip/ad_ws/install/signal_operations/share/signal_operations/package.sh'
[1.483s] INFO:colcon.colcon_core.shell:Creating package script '/home/filip/ad_ws/install/signal_operations/share/signal_operations/package.bash'
[1.484s] INFO:colcon.colcon_core.shell:Creating package script '/home/filip/ad_ws/install/signal_operations/share/signal_operations/package.zsh'
[1.485s] Level 1:colcon.colcon_core.environment:create_file_with_runtime_dependencies(/home/filip/ad_ws/install/signal_operations/share/colcon-core/packages/signal_operations)
[4.380s] DEBUG:colcon.colcon_core.event_handler.log_command:Invoked command in '/home/filip/ad_ws/build/ad_ws_interfaces' returned '0': CMAKE_PREFIX_PATH=${CMAKE_PREFIX_PATH}:/home/filip/ad_ws/install/signal_operations:/opt/ros/humble /usr/bin/cmake --build /home/filip/ad_ws/build/ad_ws_interfaces -- -j16 -l16
[4.482s] DEBUG:colcon.colcon_core.event_handler.log_command:Invoking command in '/home/filip/ad_ws/build/ad_ws_interfaces': CMAKE_PREFIX_PATH=${CMAKE_PREFIX_PATH}:/home/filip/ad_ws/install/signal_operations:/opt/ros/humble /usr/bin/cmake --install /home/filip/ad_ws/build/ad_ws_interfaces
[4.546s] Level 1:colcon.colcon_core.environment:create_environment_scripts_only(ad_ws_interfaces)
[4.547s] DEBUG:colcon.colcon_core.event_handler.log_command:Invoked command in '/home/filip/ad_ws/build/ad_ws_interfaces' returned '0': CMAKE_PREFIX_PATH=${CMAKE_PREFIX_PATH}:/home/filip/ad_ws/install/signal_operations:/opt/ros/humble /usr/bin/cmake --install /home/filip/ad_ws/build/ad_ws_interfaces
[4.547s] Level 1:colcon.colcon_core.environment:checking '/home/filip/ad_ws/install/ad_ws_interfaces' for CMake module files
[4.548s] Level 1:colcon.colcon_core.environment:checking '/home/filip/ad_ws/install/ad_ws_interfaces' for CMake config files
[4.548s] Level 1:colcon.colcon_core.shell:create_environment_hook('ad_ws_interfaces', 'cmake_prefix_path')
[4.548s] INFO:colcon.colcon_core.shell:Creating environment hook '/home/filip/ad_ws/install/ad_ws_interfaces/share/ad_ws_interfaces/hook/cmake_prefix_path.ps1'
[4.549s] INFO:colcon.colcon_core.shell:Creating environment descriptor '/home/filip/ad_ws/install/ad_ws_interfaces/share/ad_ws_interfaces/hook/cmake_prefix_path.dsv'
[4.549s] INFO:colcon.colcon_core.shell:Creating environment hook '/home/filip/ad_ws/install/ad_ws_interfaces/share/ad_ws_interfaces/hook/cmake_prefix_path.sh'
[4.550s] Level 1:colcon.colcon_core.environment:checking '/home/filip/ad_ws/install/ad_ws_interfaces/lib'
[4.550s] Level 1:colcon.colcon_core.shell:create_environment_hook('ad_ws_interfaces', 'ld_library_path_lib')
[4.550s] INFO:colcon.colcon_core.shell:Creating environment hook '/home/filip/ad_ws/install/ad_ws_interfaces/share/ad_ws_interfaces/hook/ld_library_path_lib.ps1'
[4.550s] INFO:colcon.colcon_core.shell:Creating environment descriptor '/home/filip/ad_ws/install/ad_ws_interfaces/share/ad_ws_interfaces/hook/ld_library_path_lib.dsv'
[4.551s] INFO:colcon.colcon_core.shell:Creating environment hook '/home/filip/ad_ws/install/ad_ws_interfaces/share/ad_ws_interfaces/hook/ld_library_path_lib.sh'
[4.551s] Level 1:colcon.colcon_core.environment:checking '/home/filip/ad_ws/install/ad_ws_interfaces/bin'
[4.551s] Level 1:colcon.colcon_core.environment:checking '/home/filip/ad_ws/install/ad_ws_interfaces/lib/pkgconfig/ad_ws_interfaces.pc'
[4.551s] Level 1:colcon.colcon_core.environment:checking '/home/filip/ad_ws/install/ad_ws_interfaces/lib/python3.10/site-packages'
[4.552s] Level 1:colcon.colcon_core.environment:checking '/home/filip/ad_ws/install/ad_ws_interfaces/bin'
[4.552s] INFO:colcon.colcon_core.shell:Creating package script '/home/filip/ad_ws/install/ad_ws_interfaces/share/ad_ws_interfaces/package.ps1'
[4.552s] INFO:colcon.colcon_core.shell:Creating package descriptor '/home/filip/ad_ws/install/ad_ws_interfaces/share/ad_ws_interfaces/package.dsv'
[4.553s] INFO:colcon.colcon_core.shell:Creating package script '/home/filip/ad_ws/install/ad_ws_interfaces/share/ad_ws_interfaces/package.sh'
[4.553s] INFO:colcon.colcon_core.shell:Creating package script '/home/filip/ad_ws/install/ad_ws_interfaces/share/ad_ws_interfaces/package.bash'
[4.553s] INFO:colcon.colcon_core.shell:Creating package script '/home/filip/ad_ws/install/ad_ws_interfaces/share/ad_ws_interfaces/package.zsh'
[4.554s] Level 1:colcon.colcon_core.environment:create_file_with_runtime_dependencies(/home/filip/ad_ws/install/ad_ws_interfaces/share/colcon-core/packages/ad_ws_interfaces)
[4.640s] Level 1:colcon.colcon_core.environment:create_environment_scripts_only(ad_ws_interfaces)
[4.641s] Level 1:colcon.colcon_core.environment:checking '/home/filip/ad_ws/install/ad_ws_interfaces' for CMake module files
[4.641s] Level 1:colcon.colcon_core.environment:checking '/home/filip/ad_ws/install/ad_ws_interfaces' for CMake config files
[4.641s] Level 1:colcon.colcon_core.shell:create_environment_hook('ad_ws_interfaces', 'cmake_prefix_path')
[4.641s] INFO:colcon.colcon_core.shell:Creating environment hook '/home/filip/ad_ws/install/ad_ws_interfaces/share/ad_ws_interfaces/hook/cmake_prefix_path.ps1'
[4.642s] INFO:colcon.colcon_core.shell:Creating environment descriptor '/home/filip/ad_ws/install/ad_ws_interfaces/share/ad_ws_interfaces/hook/cmake_prefix_path.dsv'
[4.642s] INFO:colcon.colcon_core.shell:Creating environment hook '/home/filip/ad_ws/install/ad_ws_interfaces/share/ad_ws_interfaces/hook/cmake_prefix_path.sh'
[4.643s] Level 1:colcon.colcon_core.environment:checking '/home/filip/ad_ws/install/ad_ws_interfaces/lib'
[4.643s] Level 1:colcon.colcon_core.shell:create_environment_hook('ad_ws_interfaces', 'ld_library_path_lib')
[4.643s] INFO:colcon.colcon_core.shell:Creating environment hook '/home/filip/ad_ws/install/ad_ws_interfaces/share/ad_ws_interfaces/hook/ld_library_path_lib.ps1'
[4.644s] INFO:colcon.colcon_core.shell:Creating environment descriptor '/home/filip/ad_ws/install/ad_ws_interfaces/share/ad_ws_interfaces/hook/ld_library_path_lib.dsv'
[4.644s] INFO:colcon.colcon_core.shell:Creating environment hook '/home/filip/ad_ws/install/ad_ws_interfaces/share/ad_ws_interfaces/hook/ld_library_path_lib.sh'
[4.644s] Level 1:colcon.colcon_core.environment:checking '/home/filip/ad_ws/install/ad_ws_interfaces/bin'
[4.644s] Level 1:colcon.colcon_core.environment:checking '/home/filip/ad_ws/install/ad_ws_interfaces/lib/pkgconfig/ad_ws_interfaces.pc'
[4.645s] Level 1:colcon.colcon_core.environment:checking '/home/filip/ad_ws/install/ad_ws_interfaces/lib/python3.10/site-packages'
[4.645s] Level 1:colcon.colcon_core.environment:checking '/home/filip/ad_ws/install/ad_ws_interfaces/bin'
[4.645s] INFO:colcon.colcon_core.shell:Creating package script '/home/filip/ad_ws/install/ad_ws_interfaces/share/ad_ws_interfaces/package.ps1'
[4.646s] INFO:colcon.colcon_core.shell:Creating package descriptor '/home/filip/ad_ws/install/ad_ws_interfaces/share/ad_ws_interfaces/package.dsv'
[4.647s] INFO:colcon.colcon_core.shell:Creating package script '/home/filip/ad_ws/install/ad_ws_interfaces/share/ad_ws_interfaces/package.sh'
[4.647s] INFO:colcon.colcon_core.shell:Creating package script '/home/filip/ad_ws/install/ad_ws_interfaces/share/ad_ws_interfaces/package.bash'
[4.648s] INFO:colcon.colcon_core.shell:Creating package script '/home/filip/ad_ws/install/ad_ws_interfaces/share/ad_ws_interfaces/package.zsh'
[4.648s] Level 1:colcon.colcon_core.environment:create_file_with_runtime_dependencies(/home/filip/ad_ws/install/ad_ws_interfaces/share/colcon-core/packages/ad_ws_interfaces)
[4.648s] DEBUG:colcon.colcon_parallel_executor.executor.parallel:closing loop
[4.648s] DEBUG:colcon.colcon_parallel_executor.executor.parallel:loop closed
[4.648s] DEBUG:colcon.colcon_parallel_executor.executor.parallel:run_until_complete finished with '0'
[4.649s] DEBUG:colcon.colcon_core.event_reactor:joining thread
[4.654s] INFO:colcon.colcon_core.plugin_system:Skipping extension 'colcon_notification.desktop_notification.terminal_notifier': Not used on non-Darwin systems
[4.654s] INFO:colcon.colcon_core.plugin_system:Skipping extension 'colcon_notification.desktop_notification.win32': Not used on non-Windows systems
[4.654s] INFO:colcon.colcon_notification.desktop_notification:Sending desktop notification using 'notify2'
[4.667s] DEBUG:colcon.colcon_core.event_reactor:joined thread
[4.667s] INFO:colcon.colcon_core.shell:Creating prefix script '/home/filip/ad_ws/install/local_setup.ps1'
[4.668s] INFO:colcon.colcon_core.shell:Creating prefix util module '/home/filip/ad_ws/install/_local_setup_util_ps1.py'
[4.670s] INFO:colcon.colcon_core.shell:Creating prefix chain script '/home/filip/ad_ws/install/setup.ps1'
[4.671s] INFO:colcon.colcon_core.shell:Creating prefix script '/home/filip/ad_ws/install/local_setup.sh'
[4.672s] INFO:colcon.colcon_core.shell:Creating prefix util module '/home/filip/ad_ws/install/_local_setup_util_sh.py'
[4.673s] INFO:colcon.colcon_core.shell:Creating prefix chain script '/home/filip/ad_ws/install/setup.sh'
[4.674s] INFO:colcon.colcon_core.shell:Creating prefix script '/home/filip/ad_ws/install/local_setup.bash'
[4.675s] INFO:colcon.colcon_core.shell:Creating prefix chain script '/home/filip/ad_ws/install/setup.bash'
[4.676s] INFO:colcon.colcon_core.shell:Creating prefix script '/home/filip/ad_ws/install/local_setup.zsh'
[4.677s] INFO:colcon.colcon_core.shell:Creating prefix chain script '/home/filip/ad_ws/install/setup.zsh'
