[0.006s] Invoking command in '/home/filip/ad_ws/build/ad_ws_interfaces': CMAKE_PREFIX_PATH=${CMAKE_PREFIX_PATH}:/home/filip/ad_ws/install/signal_operations /usr/bin/cmake --build /home/filip/ad_ws/build/ad_ws_interfaces -- -j16 -l16
[0.068s] [ 10%] Built target ad_ws_interfaces__rosidl_generator_c
[0.070s] [ 12%] Built target ad_ws_interfaces__cpp
[0.081s] [ 12%] Built target ament_cmake_python_copy_ad_ws_interfaces
[0.100s] [ 23%] Built target ad_ws_interfaces__rosidl_typesupport_introspection_c
[0.103s] [ 33%] Built target ad_ws_interfaces__rosidl_typesupport_fastrtps_c
[0.103s] [ 48%] Built target ad_ws_interfaces__rosidl_typesupport_c
[0.103s] [ 53%] Built target ad_ws_interfaces__rosidl_typesupport_introspection_cpp
[0.108s] [ 74%] Built target ad_ws_interfaces__rosidl_typesupport_fastrtps_cpp
[0.108s] [ 74%] Built target ad_ws_interfaces__rosidl_typesupport_cpp
[0.139s] [ 74%] Built target ad_ws_interfaces
[0.168s] [ 76%] Built target ad_ws_interfaces__py
[0.198s] [ 84%] Built target ad_ws_interfaces__rosidl_generator_py
[0.216s] [ 89%] Built target ad_ws_interfaces__rosidl_typesupport_fastrtps_c__pyext
[0.218s] [100%] Built target ad_ws_interfaces__rosidl_typesupport_introspection_c__pyext
[0.218s] [100%] Built target ad_ws_interfaces__rosidl_typesupport_c__pyext
[0.262s] running egg_info
[0.263s] writing ad_ws_interfaces.egg-info/PKG-INFO
[0.263s] writing dependency_links to ad_ws_interfaces.egg-info/dependency_links.txt
[0.263s] writing top-level names to ad_ws_interfaces.egg-info/top_level.txt
[0.264s] reading manifest file 'ad_ws_interfaces.egg-info/SOURCES.txt'
[0.264s] writing manifest file 'ad_ws_interfaces.egg-info/SOURCES.txt'
[0.280s] [100%] Built target ament_cmake_python_build_ad_ws_interfaces_egg
