[0.004s] Invoking command in '/home/filip/ad_ws/build/bluespace_ai_xsens_mti_driver': CMAKE_PREFIX_PATH=${CMAKE_PREFIX_PATH}:/home/filip/ad_ws/install/signal_operations /usr/bin/cmake /home/filip/ad_ws/src/bluespace_ai_xsens_ros_mti_driver-ros2_0_galactic -DCMAKE_INSTALL_PREFIX=/home/filip/ad_ws/install/bluespace_ai_xsens_mti_driver
[0.027s] [31mCMake Error at CMakeLists.txt:11 (find_package):
[0.027s]   By not providing "Findament_cmake.cmake" in CMAKE_MODULE_PATH this project
[0.027s]   has asked CMake to find a package configuration file provided by
[0.027s]   "ament_cmake", but CMake did not find one.
[0.027s] 
[0.027s]   Could not find a package configuration file provided by "ament_cmake" with
[0.027s]   any of the following names:
[0.027s] 
[0.027s]     ament_cmakeConfig.cmake
[0.027s]     ament_cmake-config.cmake
[0.028s] 
[0.028s]   Add the installation prefix of "ament_cmake" to CMAKE_PREFIX_PATH or set
[0.028s]   "ament_cmake_DIR" to a directory containing one of the above files.  If
[0.028s]   "ament_cmake" provides a separate development package or SDK, be sure it
[0.028s]   has been installed.
[0.028s] 
[0.028s] [0m
[0.028s] [33mCMake Warning (dev) in CMakeLists.txt:
[0.028s]   No cmake_minimum_required command is present.  A line of code such as
[0.028s] 
[0.028s]     cmake_minimum_required(VERSION 3.22)
[0.028s] 
[0.028s]   should be added at the top of the file.  The version specified may be lower
[0.028s]   if you wish to support older CMake versions for this project.  For more
[0.028s]   information run "cmake --help-policy CMP0000".
[0.028s] This warning is for project developers.  Use -Wno-dev to suppress it.
[0.028s] [0m
[0.029s] -- Configuring incomplete, errors occurred!
[0.029s] See also "/home/filip/ad_ws/build/bluespace_ai_xsens_mti_driver/CMakeFiles/CMakeOutput.log".
[0.030s] Invoked command in '/home/filip/ad_ws/build/bluespace_ai_xsens_mti_driver' returned '1': CMAKE_PREFIX_PATH=${CMAKE_PREFIX_PATH}:/home/filip/ad_ws/install/signal_operations /usr/bin/cmake /home/filip/ad_ws/src/bluespace_ai_xsens_ros_mti_driver-ros2_0_galactic -DCMAKE_INSTALL_PREFIX=/home/filip/ad_ws/install/bluespace_ai_xsens_mti_driver
