[0.688s] Invoking command in '/home/filip/ad_ws/src/signal_operations': PYTHONPATH=/home/filip/ad_ws/build/signal_operations/prefix_override:/usr/lib/python3/dist-packages/colcon_core/task/python/colcon_distutils_commands:/home/filip/ad_ws/install/signal_operations/lib/python3.10/site-packages:${PYTHONPATH} /usr/bin/python3 -W ignore:setup.py install is deprecated setup.py egg_info --egg-base ../../build/signal_operations build --build-base /home/filip/ad_ws/build/signal_operations/build install --record /home/filip/ad_ws/build/signal_operations/install.log --single-version-externally-managed install_data
[0.926s] running egg_info
[0.927s] writing ../../build/signal_operations/signal_operations.egg-info/PKG-INFO
[0.927s] writing dependency_links to ../../build/signal_operations/signal_operations.egg-info/dependency_links.txt
[0.928s] writing entry points to ../../build/signal_operations/signal_operations.egg-info/entry_points.txt
[0.928s] writing requirements to ../../build/signal_operations/signal_operations.egg-info/requires.txt
[0.928s] writing top-level names to ../../build/signal_operations/signal_operations.egg-info/top_level.txt
[0.930s] reading manifest file '../../build/signal_operations/signal_operations.egg-info/SOURCES.txt'
[0.930s] adding license file 'LICENSE'
[0.931s] writing manifest file '../../build/signal_operations/signal_operations.egg-info/SOURCES.txt'
[0.931s] running build
[0.931s] running build_py
[0.931s] running install
[0.932s] running install_lib
[0.933s] running install_data
[0.933s] running install_egg_info
[0.935s] removing '/home/filip/ad_ws/install/signal_operations/lib/python3.10/site-packages/signal_operations-0.0.0-py3.10.egg-info' (and everything under it)
[0.936s] Copying ../../build/signal_operations/signal_operations.egg-info to /home/filip/ad_ws/install/signal_operations/lib/python3.10/site-packages/signal_operations-0.0.0-py3.10.egg-info
[0.937s] running install_scripts
[0.961s] Installing publisher script to /home/filip/ad_ws/install/signal_operations/lib/signal_operations
[0.962s] writing list of installed files to '/home/filip/ad_ws/build/signal_operations/install.log'
[0.986s] Invoked command in '/home/filip/ad_ws/src/signal_operations' returned '0': PYTHONPATH=/home/filip/ad_ws/build/signal_operations/prefix_override:/usr/lib/python3/dist-packages/colcon_core/task/python/colcon_distutils_commands:/home/filip/ad_ws/install/signal_operations/lib/python3.10/site-packages:${PYTHONPATH} /usr/bin/python3 -W ignore:setup.py install is deprecated setup.py egg_info --egg-base ../../build/signal_operations build --build-base /home/filip/ad_ws/build/signal_operations/build install --record /home/filip/ad_ws/build/signal_operations/install.log --single-version-externally-managed install_data
