[0.006s] Invoking command in '/home/filip/ad_ws/build/bluespace_ai_xsens_mti_driver': CMAKE_PREFIX_PATH=/opt/ros/humble /usr/bin/cmake --build /home/filip/ad_ws/build/bluespace_ai_xsens_mti_driver -- -j16 -l16
[0.077s] [100%] Built target xsens_mti_node
[0.100s] Invoked command in '/home/filip/ad_ws/build/bluespace_ai_xsens_mti_driver' returned '0': CMAKE_PREFIX_PATH=/opt/ros/humble /usr/bin/cmake --build /home/filip/ad_ws/build/bluespace_ai_xsens_mti_driver -- -j16 -l16
[0.165s] Invoking command in '/home/filip/ad_ws/build/bluespace_ai_xsens_mti_driver': CMAKE_PREFIX_PATH=/opt/ros/humble /usr/bin/cmake --install /home/filip/ad_ws/build/bluespace_ai_xsens_mti_driver
[0.178s] -- Install configuration: ""
[0.178s] -- Up-to-date: /home/filip/ad_ws/install/bluespace_ai_xsens_mti_driver/lib/bluespace_ai_xsens_mti_driver/xsens_mti_node
[0.179s] -- Up-to-date: /home/filip/ad_ws/install/bluespace_ai_xsens_mti_driver/share/bluespace_ai_xsens_mti_driver/launch
[0.179s] -- Up-to-date: /home/filip/ad_ws/install/bluespace_ai_xsens_mti_driver/share/bluespace_ai_xsens_mti_driver/launch/display.launch.py
[0.179s] -- Up-to-date: /home/filip/ad_ws/install/bluespace_ai_xsens_mti_driver/share/bluespace_ai_xsens_mti_driver/launch/xsens_mti_node.launch.py
[0.179s] -- Up-to-date: /home/filip/ad_ws/install/bluespace_ai_xsens_mti_driver/share/bluespace_ai_xsens_mti_driver/param
[0.179s] -- Up-to-date: /home/filip/ad_ws/install/bluespace_ai_xsens_mti_driver/share/bluespace_ai_xsens_mti_driver/param/xsens_mti_node.yaml
[0.179s] -- Up-to-date: /home/filip/ad_ws/install/bluespace_ai_xsens_mti_driver/share/bluespace_ai_xsens_mti_driver/rviz
[0.180s] -- Up-to-date: /home/filip/ad_ws/install/bluespace_ai_xsens_mti_driver/share/bluespace_ai_xsens_mti_driver/rviz/display.rviz
[0.180s] -- Up-to-date: /home/filip/ad_ws/install/bluespace_ai_xsens_mti_driver/share/bluespace_ai_xsens_mti_driver/urdf
[0.180s] -- Up-to-date: /home/filip/ad_ws/install/bluespace_ai_xsens_mti_driver/share/bluespace_ai_xsens_mti_driver/urdf/MTi_6xx.urdf
[0.180s] -- Up-to-date: /home/filip/ad_ws/install/bluespace_ai_xsens_mti_driver/share/bluespace_ai_xsens_mti_driver/urdf/MTi_1.stl
[0.180s] -- Up-to-date: /home/filip/ad_ws/install/bluespace_ai_xsens_mti_driver/share/bluespace_ai_xsens_mti_driver/urdf/MTi_1.urdf
[0.180s] -- Up-to-date: /home/filip/ad_ws/install/bluespace_ai_xsens_mti_driver/share/bluespace_ai_xsens_mti_driver/urdf/MTi_10.urdf
[0.180s] -- Up-to-date: /home/filip/ad_ws/install/bluespace_ai_xsens_mti_driver/share/bluespace_ai_xsens_mti_driver/urdf/MTi_6xx.stl
[0.180s] -- Up-to-date: /home/filip/ad_ws/install/bluespace_ai_xsens_mti_driver/share/bluespace_ai_xsens_mti_driver/urdf/MTi_10.stl
[0.180s] -- Up-to-date: /home/filip/ad_ws/install/bluespace_ai_xsens_mti_driver/share/ament_index/resource_index/package_run_dependencies/bluespace_ai_xsens_mti_driver
[0.180s] -- Up-to-date: /home/filip/ad_ws/install/bluespace_ai_xsens_mti_driver/share/ament_index/resource_index/parent_prefix_path/bluespace_ai_xsens_mti_driver
[0.180s] -- Up-to-date: /home/filip/ad_ws/install/bluespace_ai_xsens_mti_driver/share/bluespace_ai_xsens_mti_driver/environment/ament_prefix_path.sh
[0.180s] -- Up-to-date: /home/filip/ad_ws/install/bluespace_ai_xsens_mti_driver/share/bluespace_ai_xsens_mti_driver/environment/ament_prefix_path.dsv
[0.181s] -- Up-to-date: /home/filip/ad_ws/install/bluespace_ai_xsens_mti_driver/share/bluespace_ai_xsens_mti_driver/environment/path.sh
[0.181s] -- Up-to-date: /home/filip/ad_ws/install/bluespace_ai_xsens_mti_driver/share/bluespace_ai_xsens_mti_driver/environment/path.dsv
[0.181s] -- Up-to-date: /home/filip/ad_ws/install/bluespace_ai_xsens_mti_driver/share/bluespace_ai_xsens_mti_driver/local_setup.bash
[0.181s] -- Up-to-date: /home/filip/ad_ws/install/bluespace_ai_xsens_mti_driver/share/bluespace_ai_xsens_mti_driver/local_setup.sh
[0.181s] -- Up-to-date: /home/filip/ad_ws/install/bluespace_ai_xsens_mti_driver/share/bluespace_ai_xsens_mti_driver/local_setup.zsh
[0.181s] -- Up-to-date: /home/filip/ad_ws/install/bluespace_ai_xsens_mti_driver/share/bluespace_ai_xsens_mti_driver/local_setup.dsv
[0.181s] -- Installing: /home/filip/ad_ws/install/bluespace_ai_xsens_mti_driver/share/bluespace_ai_xsens_mti_driver/package.dsv
[0.181s] -- Up-to-date: /home/filip/ad_ws/install/bluespace_ai_xsens_mti_driver/share/ament_index/resource_index/packages/bluespace_ai_xsens_mti_driver
[0.181s] -- Up-to-date: /home/filip/ad_ws/install/bluespace_ai_xsens_mti_driver/share/bluespace_ai_xsens_mti_driver/cmake/bluespace_ai_xsens_mti_driverConfig.cmake
[0.182s] -- Up-to-date: /home/filip/ad_ws/install/bluespace_ai_xsens_mti_driver/share/bluespace_ai_xsens_mti_driver/cmake/bluespace_ai_xsens_mti_driverConfig-version.cmake
[0.182s] -- Up-to-date: /home/filip/ad_ws/install/bluespace_ai_xsens_mti_driver/share/bluespace_ai_xsens_mti_driver/package.xml
[0.184s] Invoked command in '/home/filip/ad_ws/build/bluespace_ai_xsens_mti_driver' returned '0': CMAKE_PREFIX_PATH=/opt/ros/humble /usr/bin/cmake --install /home/filip/ad_ws/build/bluespace_ai_xsens_mti_driver
