running egg_info
creating ../../build/signal_operations/signal_operations.egg-info
writing ../../build/signal_operations/signal_operations.egg-info/PKG-INFO
writing dependency_links to ../../build/signal_operations/signal_operations.egg-info/dependency_links.txt
writing entry points to ../../build/signal_operations/signal_operations.egg-info/entry_points.txt
writing requirements to ../../build/signal_operations/signal_operations.egg-info/requires.txt
writing top-level names to ../../build/signal_operations/signal_operations.egg-info/top_level.txt
writing manifest file '../../build/signal_operations/signal_operations.egg-info/SOURCES.txt'
reading manifest file '../../build/signal_operations/signal_operations.egg-info/SOURCES.txt'
adding license file 'LICENSE'
writing manifest file '../../build/signal_operations/signal_operations.egg-info/SOURCES.txt'
running build
running build_py
creating /home/filip/ad_ws/build/signal_operations/build
creating /home/filip/ad_ws/build/signal_operations/build/lib
creating /home/filip/ad_ws/build/signal_operations/build/lib/signal_operations
copying signal_operations/__init__.py -> /home/filip/ad_ws/build/signal_operations/build/lib/signal_operations
copying signal_operations/publisher_function.py -> /home/filip/ad_ws/build/signal_operations/build/lib/signal_operations
running install
running install_lib
creating /home/filip/ad_ws/install/signal_operations/lib/python3.10/site-packages/signal_operations
copying /home/filip/ad_ws/build/signal_operations/build/lib/signal_operations/__init__.py -> /home/filip/ad_ws/install/signal_operations/lib/python3.10/site-packages/signal_operations
copying /home/filip/ad_ws/build/signal_operations/build/lib/signal_operations/publisher_function.py -> /home/filip/ad_ws/install/signal_operations/lib/python3.10/site-packages/signal_operations
byte-compiling /home/filip/ad_ws/install/signal_operations/lib/python3.10/site-packages/signal_operations/__init__.py to __init__.cpython-310.pyc
byte-compiling /home/filip/ad_ws/install/signal_operations/lib/python3.10/site-packages/signal_operations/publisher_function.py to publisher_function.cpython-310.pyc
running install_data
creating /home/filip/ad_ws/install/signal_operations/share/ament_index
creating /home/filip/ad_ws/install/signal_operations/share/ament_index/resource_index
creating /home/filip/ad_ws/install/signal_operations/share/ament_index/resource_index/packages
copying resource/signal_operations -> /home/filip/ad_ws/install/signal_operations/share/ament_index/resource_index/packages
copying package.xml -> /home/filip/ad_ws/install/signal_operations/share/signal_operations
running install_egg_info
Copying ../../build/signal_operations/signal_operations.egg-info to /home/filip/ad_ws/install/signal_operations/lib/python3.10/site-packages/signal_operations-0.0.0-py3.10.egg-info
running install_scripts
Installing publisher script to /home/filip/ad_ws/install/signal_operations/lib/signal_operations
writing list of installed files to '/home/filip/ad_ws/build/signal_operations/install.log'
