[0.361s] Invoking command in '/home/filip/ad_ws/src/signal_operations': PYTHONPATH=/home/filip/ad_ws/build/signal_operations/prefix_override:/usr/lib/python3/dist-packages/colcon_core/task/python/colcon_distutils_commands:/home/filip/ad_ws/install/signal_operations/lib/python3.10/site-packages:${PYTHONPATH} /usr/bin/python3 -W ignore:setup.py install is deprecated setup.py egg_info --egg-base ../../build/signal_operations build --build-base /home/filip/ad_ws/build/signal_operations/build install --record /home/filip/ad_ws/build/signal_operations/install.log --single-version-externally-managed install_data
[0.550s] running egg_info
[0.550s] creating ../../build/signal_operations/signal_operations.egg-info
[0.550s] writing ../../build/signal_operations/signal_operations.egg-info/PKG-INFO
[0.550s] writing dependency_links to ../../build/signal_operations/signal_operations.egg-info/dependency_links.txt
[0.550s] writing entry points to ../../build/signal_operations/signal_operations.egg-info/entry_points.txt
[0.550s] writing requirements to ../../build/signal_operations/signal_operations.egg-info/requires.txt
[0.550s] writing top-level names to ../../build/signal_operations/signal_operations.egg-info/top_level.txt
[0.551s] writing manifest file '../../build/signal_operations/signal_operations.egg-info/SOURCES.txt'
[0.551s] reading manifest file '../../build/signal_operations/signal_operations.egg-info/SOURCES.txt'
[0.551s] adding license file 'LICENSE'
[0.552s] writing manifest file '../../build/signal_operations/signal_operations.egg-info/SOURCES.txt'
[0.552s] running build
[0.552s] running build_py
[0.552s] creating /home/filip/ad_ws/build/signal_operations/build
[0.552s] creating /home/filip/ad_ws/build/signal_operations/build/lib
[0.552s] creating /home/filip/ad_ws/build/signal_operations/build/lib/signal_operations
[0.552s] copying signal_operations/__init__.py -> /home/filip/ad_ws/build/signal_operations/build/lib/signal_operations
[0.552s] copying signal_operations/publisher_function.py -> /home/filip/ad_ws/build/signal_operations/build/lib/signal_operations
[0.552s] running install
[0.552s] running install_lib
[0.552s] creating /home/filip/ad_ws/install/signal_operations/lib/python3.10/site-packages/signal_operations
[0.552s] copying /home/filip/ad_ws/build/signal_operations/build/lib/signal_operations/__init__.py -> /home/filip/ad_ws/install/signal_operations/lib/python3.10/site-packages/signal_operations
[0.552s] copying /home/filip/ad_ws/build/signal_operations/build/lib/signal_operations/publisher_function.py -> /home/filip/ad_ws/install/signal_operations/lib/python3.10/site-packages/signal_operations
[0.553s] byte-compiling /home/filip/ad_ws/install/signal_operations/lib/python3.10/site-packages/signal_operations/__init__.py to __init__.cpython-310.pyc
[0.553s] byte-compiling /home/filip/ad_ws/install/signal_operations/lib/python3.10/site-packages/signal_operations/publisher_function.py to publisher_function.cpython-310.pyc
[0.553s] running install_data
[0.553s] creating /home/filip/ad_ws/install/signal_operations/share/ament_index
[0.553s] creating /home/filip/ad_ws/install/signal_operations/share/ament_index/resource_index
[0.553s] creating /home/filip/ad_ws/install/signal_operations/share/ament_index/resource_index/packages
[0.553s] copying resource/signal_operations -> /home/filip/ad_ws/install/signal_operations/share/ament_index/resource_index/packages
[0.553s] copying package.xml -> /home/filip/ad_ws/install/signal_operations/share/signal_operations
[0.553s] running install_egg_info
[0.554s] Copying ../../build/signal_operations/signal_operations.egg-info to /home/filip/ad_ws/install/signal_operations/lib/python3.10/site-packages/signal_operations-0.0.0-py3.10.egg-info
[0.554s] running install_scripts
[0.565s] Installing publisher script to /home/filip/ad_ws/install/signal_operations/lib/signal_operations
[0.566s] writing list of installed files to '/home/filip/ad_ws/build/signal_operations/install.log'
[0.577s] Invoked command in '/home/filip/ad_ws/src/signal_operations' returned '0': PYTHONPATH=/home/filip/ad_ws/build/signal_operations/prefix_override:/usr/lib/python3/dist-packages/colcon_core/task/python/colcon_distutils_commands:/home/filip/ad_ws/install/signal_operations/lib/python3.10/site-packages:${PYTHONPATH} /usr/bin/python3 -W ignore:setup.py install is deprecated setup.py egg_info --egg-base ../../build/signal_operations build --build-base /home/filip/ad_ws/build/signal_operations/build install --record /home/filip/ad_ws/build/signal_operations/install.log --single-version-externally-managed install_data
