[0.012s] Invoking command in '/home/filip/ad_ws/build/ad_ws_interfaces': CMAKE_PREFIX_PATH=${CMAKE_PREFIX_PATH}:/home/filip/ad_ws/install/signal_operations:/opt/ros/humble /usr/bin/cmake --build /home/filip/ad_ws/build/ad_ws_interfaces -- -j16 -l16
[0.086s] [ 10%] Built target ad_ws_interfaces__rosidl_generator_c
[0.086s] [ 12%] Built target ad_ws_interfaces__cpp
[0.097s] [ 12%] Built target ament_cmake_python_copy_ad_ws_interfaces
[0.120s] [ 23%] Built target ad_ws_interfaces__rosidl_typesupport_fastrtps_c
[0.121s] [ 33%] Built target ad_ws_interfaces__rosidl_typesupport_c
[0.122s] [ 53%] Built target ad_ws_interfaces__rosidl_typesupport_fastrtps_cpp
[0.122s] [ 53%] Built target ad_ws_interfaces__rosidl_typesupport_introspection_c
[0.137s] [ 64%] Built target ad_ws_interfaces__rosidl_typesupport_introspection_cpp
[0.139s] [ 74%] Built target ad_ws_interfaces__rosidl_typesupport_cpp
[0.170s] [ 74%] Built target ad_ws_interfaces
[0.200s] [ 76%] Built target ad_ws_interfaces__py
[0.234s] [ 84%] Built target ad_ws_interfaces__rosidl_generator_py
[0.268s] [ 92%] Built target ad_ws_interfaces__rosidl_typesupport_introspection_c__pyext
[0.269s] [ 94%] Built target ad_ws_interfaces__rosidl_typesupport_fastrtps_c__pyext
[0.272s] [100%] Built target ad_ws_interfaces__rosidl_typesupport_c__pyext
[0.420s] running egg_info
[0.421s] writing ad_ws_interfaces.egg-info/PKG-INFO
[0.421s] writing dependency_links to ad_ws_interfaces.egg-info/dependency_links.txt
[0.421s] writing top-level names to ad_ws_interfaces.egg-info/top_level.txt
[0.425s] reading manifest file 'ad_ws_interfaces.egg-info/SOURCES.txt'
[0.426s] writing manifest file 'ad_ws_interfaces.egg-info/SOURCES.txt'
[0.469s] [100%] Built target ament_cmake_python_build_ad_ws_interfaces_egg
[0.485s] Invoked command in '/home/filip/ad_ws/build/ad_ws_interfaces' returned '0': CMAKE_PREFIX_PATH=${CMAKE_PREFIX_PATH}:/home/filip/ad_ws/install/signal_operations:/opt/ros/humble /usr/bin/cmake --build /home/filip/ad_ws/build/ad_ws_interfaces -- -j16 -l16
[0.603s] Invoking command in '/home/filip/ad_ws/build/ad_ws_interfaces': CMAKE_PREFIX_PATH=${CMAKE_PREFIX_PATH}:/home/filip/ad_ws/install/signal_operations:/opt/ros/humble /usr/bin/cmake --install /home/filip/ad_ws/build/ad_ws_interfaces
[0.614s] -- Install configuration: ""
[0.614s] -- Up-to-date: /home/filip/ad_ws/install/ad_ws_interfaces/share/ament_index/resource_index/rosidl_interfaces/ad_ws_interfaces
[0.615s] -- Up-to-date: /home/filip/ad_ws/install/ad_ws_interfaces/include/ad_ws_interfaces/ad_ws_interfaces
[0.615s] -- Up-to-date: /home/filip/ad_ws/install/ad_ws_interfaces/include/ad_ws_interfaces/ad_ws_interfaces/msg
[0.615s] -- Up-to-date: /home/filip/ad_ws/install/ad_ws_interfaces/include/ad_ws_interfaces/ad_ws_interfaces/msg/signal.h
[0.615s] -- Up-to-date: /home/filip/ad_ws/install/ad_ws_interfaces/include/ad_ws_interfaces/ad_ws_interfaces/msg/detail
[0.615s] -- Up-to-date: /home/filip/ad_ws/install/ad_ws_interfaces/include/ad_ws_interfaces/ad_ws_interfaces/msg/detail/xsens__struct.h
[0.615s] -- Up-to-date: /home/filip/ad_ws/install/ad_ws_interfaces/include/ad_ws_interfaces/ad_ws_interfaces/msg/detail/xsens__type_support.h
[0.615s] -- Up-to-date: /home/filip/ad_ws/install/ad_ws_interfaces/include/ad_ws_interfaces/ad_ws_interfaces/msg/detail/signal__functions.c
[0.616s] -- Up-to-date: /home/filip/ad_ws/install/ad_ws_interfaces/include/ad_ws_interfaces/ad_ws_interfaces/msg/detail/signal__functions.h
[0.616s] -- Up-to-date: /home/filip/ad_ws/install/ad_ws_interfaces/include/ad_ws_interfaces/ad_ws_interfaces/msg/detail/xsens__functions.h
[0.616s] -- Up-to-date: /home/filip/ad_ws/install/ad_ws_interfaces/include/ad_ws_interfaces/ad_ws_interfaces/msg/detail/signal__type_support.h
[0.616s] -- Up-to-date: /home/filip/ad_ws/install/ad_ws_interfaces/include/ad_ws_interfaces/ad_ws_interfaces/msg/detail/signal__struct.h
[0.616s] -- Up-to-date: /home/filip/ad_ws/install/ad_ws_interfaces/include/ad_ws_interfaces/ad_ws_interfaces/msg/detail/xsens__functions.c
[0.616s] -- Up-to-date: /home/filip/ad_ws/install/ad_ws_interfaces/include/ad_ws_interfaces/ad_ws_interfaces/msg/rosidl_generator_c__visibility_control.h
[0.616s] -- Up-to-date: /home/filip/ad_ws/install/ad_ws_interfaces/include/ad_ws_interfaces/ad_ws_interfaces/msg/xsens.h
[0.616s] -- Up-to-date: /home/filip/ad_ws/install/ad_ws_interfaces/share/ad_ws_interfaces/environment/library_path.sh
[0.616s] -- Up-to-date: /home/filip/ad_ws/install/ad_ws_interfaces/share/ad_ws_interfaces/environment/library_path.dsv
[0.616s] -- Up-to-date: /home/filip/ad_ws/install/ad_ws_interfaces/lib/libad_ws_interfaces__rosidl_generator_c.so
[0.617s] -- Up-to-date: /home/filip/ad_ws/install/ad_ws_interfaces/include/ad_ws_interfaces/ad_ws_interfaces
[0.617s] -- Up-to-date: /home/filip/ad_ws/install/ad_ws_interfaces/include/ad_ws_interfaces/ad_ws_interfaces/msg
[0.617s] -- Up-to-date: /home/filip/ad_ws/install/ad_ws_interfaces/include/ad_ws_interfaces/ad_ws_interfaces/msg/detail
[0.617s] -- Up-to-date: /home/filip/ad_ws/install/ad_ws_interfaces/include/ad_ws_interfaces/ad_ws_interfaces/msg/detail/xsens__rosidl_typesupport_fastrtps_c.h
[0.617s] -- Up-to-date: /home/filip/ad_ws/install/ad_ws_interfaces/include/ad_ws_interfaces/ad_ws_interfaces/msg/detail/signal__rosidl_typesupport_fastrtps_c.h
[0.617s] -- Up-to-date: /home/filip/ad_ws/install/ad_ws_interfaces/include/ad_ws_interfaces/ad_ws_interfaces/msg/rosidl_typesupport_fastrtps_c__visibility_control.h
[0.617s] -- Up-to-date: /home/filip/ad_ws/install/ad_ws_interfaces/lib/libad_ws_interfaces__rosidl_typesupport_fastrtps_c.so
[0.617s] -- Up-to-date: /home/filip/ad_ws/install/ad_ws_interfaces/include/ad_ws_interfaces/ad_ws_interfaces
[0.617s] -- Up-to-date: /home/filip/ad_ws/install/ad_ws_interfaces/include/ad_ws_interfaces/ad_ws_interfaces/msg
[0.618s] -- Up-to-date: /home/filip/ad_ws/install/ad_ws_interfaces/include/ad_ws_interfaces/ad_ws_interfaces/msg/rosidl_typesupport_introspection_c__visibility_control.h
[0.618s] -- Up-to-date: /home/filip/ad_ws/install/ad_ws_interfaces/include/ad_ws_interfaces/ad_ws_interfaces/msg/detail
[0.618s] -- Up-to-date: /home/filip/ad_ws/install/ad_ws_interfaces/include/ad_ws_interfaces/ad_ws_interfaces/msg/detail/signal__type_support.c
[0.618s] -- Up-to-date: /home/filip/ad_ws/install/ad_ws_interfaces/include/ad_ws_interfaces/ad_ws_interfaces/msg/detail/xsens__rosidl_typesupport_introspection_c.h
[0.618s] -- Up-to-date: /home/filip/ad_ws/install/ad_ws_interfaces/include/ad_ws_interfaces/ad_ws_interfaces/msg/detail/xsens__type_support.c
[0.618s] -- Up-to-date: /home/filip/ad_ws/install/ad_ws_interfaces/include/ad_ws_interfaces/ad_ws_interfaces/msg/detail/signal__rosidl_typesupport_introspection_c.h
[0.618s] -- Up-to-date: /home/filip/ad_ws/install/ad_ws_interfaces/lib/libad_ws_interfaces__rosidl_typesupport_introspection_c.so
[0.618s] -- Up-to-date: /home/filip/ad_ws/install/ad_ws_interfaces/lib/libad_ws_interfaces__rosidl_typesupport_c.so
[0.618s] -- Up-to-date: /home/filip/ad_ws/install/ad_ws_interfaces/include/ad_ws_interfaces/ad_ws_interfaces
[0.618s] -- Up-to-date: /home/filip/ad_ws/install/ad_ws_interfaces/include/ad_ws_interfaces/ad_ws_interfaces/msg
[0.618s] -- Up-to-date: /home/filip/ad_ws/install/ad_ws_interfaces/include/ad_ws_interfaces/ad_ws_interfaces/msg/detail
[0.619s] -- Up-to-date: /home/filip/ad_ws/install/ad_ws_interfaces/include/ad_ws_interfaces/ad_ws_interfaces/msg/detail/xsens__traits.hpp
[0.619s] -- Up-to-date: /home/filip/ad_ws/install/ad_ws_interfaces/include/ad_ws_interfaces/ad_ws_interfaces/msg/detail/xsens__builder.hpp
[0.619s] -- Up-to-date: /home/filip/ad_ws/install/ad_ws_interfaces/include/ad_ws_interfaces/ad_ws_interfaces/msg/detail/xsens__struct.hpp
[0.619s] -- Up-to-date: /home/filip/ad_ws/install/ad_ws_interfaces/include/ad_ws_interfaces/ad_ws_interfaces/msg/detail/signal__traits.hpp
[0.619s] -- Up-to-date: /home/filip/ad_ws/install/ad_ws_interfaces/include/ad_ws_interfaces/ad_ws_interfaces/msg/detail/signal__builder.hpp
[0.619s] -- Up-to-date: /home/filip/ad_ws/install/ad_ws_interfaces/include/ad_ws_interfaces/ad_ws_interfaces/msg/detail/signal__struct.hpp
[0.619s] -- Up-to-date: /home/filip/ad_ws/install/ad_ws_interfaces/include/ad_ws_interfaces/ad_ws_interfaces/msg/xsens.hpp
[0.619s] -- Up-to-date: /home/filip/ad_ws/install/ad_ws_interfaces/include/ad_ws_interfaces/ad_ws_interfaces/msg/signal.hpp
[0.619s] -- Up-to-date: /home/filip/ad_ws/install/ad_ws_interfaces/include/ad_ws_interfaces/ad_ws_interfaces
[0.619s] -- Up-to-date: /home/filip/ad_ws/install/ad_ws_interfaces/include/ad_ws_interfaces/ad_ws_interfaces/msg
[0.619s] -- Up-to-date: /home/filip/ad_ws/install/ad_ws_interfaces/include/ad_ws_interfaces/ad_ws_interfaces/msg/detail
[0.620s] -- Up-to-date: /home/filip/ad_ws/install/ad_ws_interfaces/include/ad_ws_interfaces/ad_ws_interfaces/msg/detail/signal__rosidl_typesupport_fastrtps_cpp.hpp
[0.620s] -- Up-to-date: /home/filip/ad_ws/install/ad_ws_interfaces/include/ad_ws_interfaces/ad_ws_interfaces/msg/detail/xsens__rosidl_typesupport_fastrtps_cpp.hpp
[0.620s] -- Up-to-date: /home/filip/ad_ws/install/ad_ws_interfaces/include/ad_ws_interfaces/ad_ws_interfaces/msg/detail/dds_fastrtps
[0.620s] -- Up-to-date: /home/filip/ad_ws/install/ad_ws_interfaces/include/ad_ws_interfaces/ad_ws_interfaces/msg/rosidl_typesupport_fastrtps_cpp__visibility_control.h
[0.620s] -- Up-to-date: /home/filip/ad_ws/install/ad_ws_interfaces/lib/libad_ws_interfaces__rosidl_typesupport_fastrtps_cpp.so
[0.620s] -- Up-to-date: /home/filip/ad_ws/install/ad_ws_interfaces/include/ad_ws_interfaces/ad_ws_interfaces
[0.620s] -- Up-to-date: /home/filip/ad_ws/install/ad_ws_interfaces/include/ad_ws_interfaces/ad_ws_interfaces/msg
[0.620s] -- Up-to-date: /home/filip/ad_ws/install/ad_ws_interfaces/include/ad_ws_interfaces/ad_ws_interfaces/msg/detail
[0.620s] -- Up-to-date: /home/filip/ad_ws/install/ad_ws_interfaces/include/ad_ws_interfaces/ad_ws_interfaces/msg/detail/xsens__rosidl_typesupport_introspection_cpp.hpp
[0.620s] -- Up-to-date: /home/filip/ad_ws/install/ad_ws_interfaces/include/ad_ws_interfaces/ad_ws_interfaces/msg/detail/signal__rosidl_typesupport_introspection_cpp.hpp
[0.620s] -- Up-to-date: /home/filip/ad_ws/install/ad_ws_interfaces/include/ad_ws_interfaces/ad_ws_interfaces/msg/detail/signal__type_support.cpp
[0.620s] -- Up-to-date: /home/filip/ad_ws/install/ad_ws_interfaces/include/ad_ws_interfaces/ad_ws_interfaces/msg/detail/xsens__type_support.cpp
[0.620s] -- Up-to-date: /home/filip/ad_ws/install/ad_ws_interfaces/lib/libad_ws_interfaces__rosidl_typesupport_introspection_cpp.so
[0.620s] -- Up-to-date: /home/filip/ad_ws/install/ad_ws_interfaces/lib/libad_ws_interfaces__rosidl_typesupport_cpp.so
[0.621s] -- Up-to-date: /home/filip/ad_ws/install/ad_ws_interfaces/share/ad_ws_interfaces/environment/pythonpath.sh
[0.621s] -- Up-to-date: /home/filip/ad_ws/install/ad_ws_interfaces/share/ad_ws_interfaces/environment/pythonpath.dsv
[0.621s] -- Up-to-date: /home/filip/ad_ws/install/ad_ws_interfaces/local/lib/python3.10/dist-packages/ad_ws_interfaces-0.0.0-py3.10.egg-info
[0.621s] -- Installing: /home/filip/ad_ws/install/ad_ws_interfaces/local/lib/python3.10/dist-packages/ad_ws_interfaces-0.0.0-py3.10.egg-info/PKG-INFO
[0.621s] -- Installing: /home/filip/ad_ws/install/ad_ws_interfaces/local/lib/python3.10/dist-packages/ad_ws_interfaces-0.0.0-py3.10.egg-info/SOURCES.txt
[0.621s] -- Installing: /home/filip/ad_ws/install/ad_ws_interfaces/local/lib/python3.10/dist-packages/ad_ws_interfaces-0.0.0-py3.10.egg-info/top_level.txt
[0.621s] -- Installing: /home/filip/ad_ws/install/ad_ws_interfaces/local/lib/python3.10/dist-packages/ad_ws_interfaces-0.0.0-py3.10.egg-info/dependency_links.txt
[0.621s] -- Up-to-date: /home/filip/ad_ws/install/ad_ws_interfaces/local/lib/python3.10/dist-packages/ad_ws_interfaces
[0.621s] -- Up-to-date: /home/filip/ad_ws/install/ad_ws_interfaces/local/lib/python3.10/dist-packages/ad_ws_interfaces/ad_ws_interfaces_s__rosidl_typesupport_introspection_c.cpython-310-x86_64-linux-gnu.so
[0.621s] -- Up-to-date: /home/filip/ad_ws/install/ad_ws_interfaces/local/lib/python3.10/dist-packages/ad_ws_interfaces/__init__.py
[0.621s] -- Up-to-date: /home/filip/ad_ws/install/ad_ws_interfaces/local/lib/python3.10/dist-packages/ad_ws_interfaces/ad_ws_interfaces_s__rosidl_typesupport_c.cpython-310-x86_64-linux-gnu.so
[0.621s] -- Up-to-date: /home/filip/ad_ws/install/ad_ws_interfaces/local/lib/python3.10/dist-packages/ad_ws_interfaces/libad_ws_interfaces__rosidl_generator_py.so
[0.621s] -- Up-to-date: /home/filip/ad_ws/install/ad_ws_interfaces/local/lib/python3.10/dist-packages/ad_ws_interfaces/_ad_ws_interfaces_s.ep.rosidl_typesupport_c.c
[0.622s] -- Up-to-date: /home/filip/ad_ws/install/ad_ws_interfaces/local/lib/python3.10/dist-packages/ad_ws_interfaces/msg
[0.622s] -- Up-to-date: /home/filip/ad_ws/install/ad_ws_interfaces/local/lib/python3.10/dist-packages/ad_ws_interfaces/msg/_xsens_s.c
[0.622s] -- Up-to-date: /home/filip/ad_ws/install/ad_ws_interfaces/local/lib/python3.10/dist-packages/ad_ws_interfaces/msg/__init__.py
[0.622s] -- Up-to-date: /home/filip/ad_ws/install/ad_ws_interfaces/local/lib/python3.10/dist-packages/ad_ws_interfaces/msg/_signal.py
[0.622s] -- Up-to-date: /home/filip/ad_ws/install/ad_ws_interfaces/local/lib/python3.10/dist-packages/ad_ws_interfaces/msg/_signal_s.c
[0.622s] -- Up-to-date: /home/filip/ad_ws/install/ad_ws_interfaces/local/lib/python3.10/dist-packages/ad_ws_interfaces/msg/_xsens.py
[0.622s] -- Up-to-date: /home/filip/ad_ws/install/ad_ws_interfaces/local/lib/python3.10/dist-packages/ad_ws_interfaces/_ad_ws_interfaces_s.ep.rosidl_typesupport_introspection_c.c
[0.622s] -- Up-to-date: /home/filip/ad_ws/install/ad_ws_interfaces/local/lib/python3.10/dist-packages/ad_ws_interfaces/_ad_ws_interfaces_s.ep.rosidl_typesupport_fastrtps_c.c
[0.622s] -- Up-to-date: /home/filip/ad_ws/install/ad_ws_interfaces/local/lib/python3.10/dist-packages/ad_ws_interfaces/ad_ws_interfaces_s__rosidl_typesupport_fastrtps_c.cpython-310-x86_64-linux-gnu.so
[0.666s] Listing '/home/filip/ad_ws/install/ad_ws_interfaces/local/lib/python3.10/dist-packages/ad_ws_interfaces'...
[0.666s] Listing '/home/filip/ad_ws/install/ad_ws_interfaces/local/lib/python3.10/dist-packages/ad_ws_interfaces/msg'...
[0.672s] -- Up-to-date: /home/filip/ad_ws/install/ad_ws_interfaces/local/lib/python3.10/dist-packages/ad_ws_interfaces/ad_ws_interfaces_s__rosidl_typesupport_fastrtps_c.cpython-310-x86_64-linux-gnu.so
[0.672s] -- Up-to-date: /home/filip/ad_ws/install/ad_ws_interfaces/local/lib/python3.10/dist-packages/ad_ws_interfaces/ad_ws_interfaces_s__rosidl_typesupport_introspection_c.cpython-310-x86_64-linux-gnu.so
[0.672s] -- Up-to-date: /home/filip/ad_ws/install/ad_ws_interfaces/local/lib/python3.10/dist-packages/ad_ws_interfaces/ad_ws_interfaces_s__rosidl_typesupport_c.cpython-310-x86_64-linux-gnu.so
[0.672s] -- Up-to-date: /home/filip/ad_ws/install/ad_ws_interfaces/lib/libad_ws_interfaces__rosidl_generator_py.so
[0.673s] -- Up-to-date: /home/filip/ad_ws/install/ad_ws_interfaces/share/ad_ws_interfaces/msg/Xsens.idl
[0.673s] -- Up-to-date: /home/filip/ad_ws/install/ad_ws_interfaces/share/ad_ws_interfaces/msg/Signal.idl
[0.673s] -- Up-to-date: /home/filip/ad_ws/install/ad_ws_interfaces/share/ad_ws_interfaces/msg/Xsens.msg
[0.673s] -- Up-to-date: /home/filip/ad_ws/install/ad_ws_interfaces/share/ad_ws_interfaces/msg/Signal.msg
[0.673s] -- Up-to-date: /home/filip/ad_ws/install/ad_ws_interfaces/share/ament_index/resource_index/package_run_dependencies/ad_ws_interfaces
[0.673s] -- Up-to-date: /home/filip/ad_ws/install/ad_ws_interfaces/share/ament_index/resource_index/parent_prefix_path/ad_ws_interfaces
[0.673s] -- Up-to-date: /home/filip/ad_ws/install/ad_ws_interfaces/share/ad_ws_interfaces/environment/ament_prefix_path.sh
[0.673s] -- Up-to-date: /home/filip/ad_ws/install/ad_ws_interfaces/share/ad_ws_interfaces/environment/ament_prefix_path.dsv
[0.673s] -- Up-to-date: /home/filip/ad_ws/install/ad_ws_interfaces/share/ad_ws_interfaces/environment/path.sh
[0.673s] -- Up-to-date: /home/filip/ad_ws/install/ad_ws_interfaces/share/ad_ws_interfaces/environment/path.dsv
[0.674s] -- Up-to-date: /home/filip/ad_ws/install/ad_ws_interfaces/share/ad_ws_interfaces/local_setup.bash
[0.674s] -- Up-to-date: /home/filip/ad_ws/install/ad_ws_interfaces/share/ad_ws_interfaces/local_setup.sh
[0.674s] -- Up-to-date: /home/filip/ad_ws/install/ad_ws_interfaces/share/ad_ws_interfaces/local_setup.zsh
[0.674s] -- Up-to-date: /home/filip/ad_ws/install/ad_ws_interfaces/share/ad_ws_interfaces/local_setup.dsv
[0.674s] -- Installing: /home/filip/ad_ws/install/ad_ws_interfaces/share/ad_ws_interfaces/package.dsv
[0.674s] -- Up-to-date: /home/filip/ad_ws/install/ad_ws_interfaces/share/ament_index/resource_index/packages/ad_ws_interfaces
[0.674s] -- Up-to-date: /home/filip/ad_ws/install/ad_ws_interfaces/share/ad_ws_interfaces/cmake/export_ad_ws_interfaces__rosidl_generator_cExport.cmake
[0.674s] -- Up-to-date: /home/filip/ad_ws/install/ad_ws_interfaces/share/ad_ws_interfaces/cmake/export_ad_ws_interfaces__rosidl_generator_cExport-noconfig.cmake
[0.674s] -- Up-to-date: /home/filip/ad_ws/install/ad_ws_interfaces/share/ad_ws_interfaces/cmake/export_ad_ws_interfaces__rosidl_typesupport_fastrtps_cExport.cmake
[0.674s] -- Up-to-date: /home/filip/ad_ws/install/ad_ws_interfaces/share/ad_ws_interfaces/cmake/export_ad_ws_interfaces__rosidl_typesupport_fastrtps_cExport-noconfig.cmake
[0.674s] -- Up-to-date: /home/filip/ad_ws/install/ad_ws_interfaces/share/ad_ws_interfaces/cmake/ad_ws_interfaces__rosidl_typesupport_introspection_cExport.cmake
[0.674s] -- Up-to-date: /home/filip/ad_ws/install/ad_ws_interfaces/share/ad_ws_interfaces/cmake/ad_ws_interfaces__rosidl_typesupport_introspection_cExport-noconfig.cmake
[0.674s] -- Up-to-date: /home/filip/ad_ws/install/ad_ws_interfaces/share/ad_ws_interfaces/cmake/ad_ws_interfaces__rosidl_typesupport_cExport.cmake
[0.674s] -- Up-to-date: /home/filip/ad_ws/install/ad_ws_interfaces/share/ad_ws_interfaces/cmake/ad_ws_interfaces__rosidl_typesupport_cExport-noconfig.cmake
[0.675s] -- Up-to-date: /home/filip/ad_ws/install/ad_ws_interfaces/share/ad_ws_interfaces/cmake/export_ad_ws_interfaces__rosidl_generator_cppExport.cmake
[0.675s] -- Up-to-date: /home/filip/ad_ws/install/ad_ws_interfaces/share/ad_ws_interfaces/cmake/export_ad_ws_interfaces__rosidl_typesupport_fastrtps_cppExport.cmake
[0.675s] -- Up-to-date: /home/filip/ad_ws/install/ad_ws_interfaces/share/ad_ws_interfaces/cmake/export_ad_ws_interfaces__rosidl_typesupport_fastrtps_cppExport-noconfig.cmake
[0.675s] -- Up-to-date: /home/filip/ad_ws/install/ad_ws_interfaces/share/ad_ws_interfaces/cmake/ad_ws_interfaces__rosidl_typesupport_introspection_cppExport.cmake
[0.675s] -- Up-to-date: /home/filip/ad_ws/install/ad_ws_interfaces/share/ad_ws_interfaces/cmake/ad_ws_interfaces__rosidl_typesupport_introspection_cppExport-noconfig.cmake
[0.675s] -- Up-to-date: /home/filip/ad_ws/install/ad_ws_interfaces/share/ad_ws_interfaces/cmake/ad_ws_interfaces__rosidl_typesupport_cppExport.cmake
[0.675s] -- Up-to-date: /home/filip/ad_ws/install/ad_ws_interfaces/share/ad_ws_interfaces/cmake/ad_ws_interfaces__rosidl_typesupport_cppExport-noconfig.cmake
[0.675s] -- Up-to-date: /home/filip/ad_ws/install/ad_ws_interfaces/share/ad_ws_interfaces/cmake/export_ad_ws_interfaces__rosidl_generator_pyExport.cmake
[0.675s] -- Up-to-date: /home/filip/ad_ws/install/ad_ws_interfaces/share/ad_ws_interfaces/cmake/export_ad_ws_interfaces__rosidl_generator_pyExport-noconfig.cmake
[0.675s] -- Up-to-date: /home/filip/ad_ws/install/ad_ws_interfaces/share/ad_ws_interfaces/cmake/rosidl_cmake-extras.cmake
[0.675s] -- Up-to-date: /home/filip/ad_ws/install/ad_ws_interfaces/share/ad_ws_interfaces/cmake/ament_cmake_export_include_directories-extras.cmake
[0.675s] -- Up-to-date: /home/filip/ad_ws/install/ad_ws_interfaces/share/ad_ws_interfaces/cmake/ament_cmake_export_libraries-extras.cmake
[0.675s] -- Up-to-date: /home/filip/ad_ws/install/ad_ws_interfaces/share/ad_ws_interfaces/cmake/ament_cmake_export_targets-extras.cmake
[0.675s] -- Up-to-date: /home/filip/ad_ws/install/ad_ws_interfaces/share/ad_ws_interfaces/cmake/rosidl_cmake_export_typesupport_targets-extras.cmake
[0.675s] -- Up-to-date: /home/filip/ad_ws/install/ad_ws_interfaces/share/ad_ws_interfaces/cmake/ament_cmake_export_dependencies-extras.cmake
[0.675s] -- Up-to-date: /home/filip/ad_ws/install/ad_ws_interfaces/share/ad_ws_interfaces/cmake/rosidl_cmake_export_typesupport_libraries-extras.cmake
[0.675s] -- Up-to-date: /home/filip/ad_ws/install/ad_ws_interfaces/share/ad_ws_interfaces/cmake/ad_ws_interfacesConfig.cmake
[0.675s] -- Up-to-date: /home/filip/ad_ws/install/ad_ws_interfaces/share/ad_ws_interfaces/cmake/ad_ws_interfacesConfig-version.cmake
[0.675s] -- Up-to-date: /home/filip/ad_ws/install/ad_ws_interfaces/share/ad_ws_interfaces/package.xml
[0.677s] Invoked command in '/home/filip/ad_ws/build/ad_ws_interfaces' returned '0': CMAKE_PREFIX_PATH=${CMAKE_PREFIX_PATH}:/home/filip/ad_ws/install/signal_operations:/opt/ros/humble /usr/bin/cmake --install /home/filip/ad_ws/build/ad_ws_interfaces
