[0.012s] Invoking command in '/home/filip/ad_ws/build/bluespace_ai_xsens_mti_driver': /usr/bin/cmake /home/filip/ad_ws/src/bluespace_ai_xsens_ros_mti_driver-ros2_0_galactic -DCMAKE_INSTALL_PREFIX=/home/filip/ad_ws/install/bluespace_ai_xsens_mti_driver
[0.021s] [0mCMake Deprecation Warning at CMakeLists.txt:1 (cmake_minimum_required):
[0.022s]   Compatibility with CMake < 2.8.12 will be removed from a future version of
[0.022s]   CMake.
[0.022s] 
[0.022s]   Update the VERSION argument <min> value or use a ...<max> suffix to tell
[0.022s]   CMake that the project does not need compatibility with older versions.
[0.022s] 
[0.022s] [0m
[0.100s] -- The C compiler identification is GNU 11.4.0
[0.197s] -- The CXX compiler identification is GNU 11.4.0
[0.210s] -- Detecting C compiler ABI info
[0.279s] -- Detecting C compiler ABI info - done
[0.285s] -- Check for working C compiler: /usr/bin/cc - skipped
[0.286s] -- Detecting C compile features
[0.286s] -- Detecting C compile features - done
[0.288s] -- Detecting CXX compiler ABI info
[0.348s] -- Detecting CXX compiler ABI info - done
[0.363s] -- Check for working CXX compiler: /usr/bin/c++ - skipped
[0.364s] -- Detecting CXX compile features
[0.365s] -- Detecting CXX compile features - done
[0.379s] [31mCMake Error at CMakeLists.txt:12 (find_package):
[0.379s]   By not providing "Findament_cmake.cmake" in CMAKE_MODULE_PATH this project
[0.379s]   has asked CMake to find a package configuration file provided by
[0.379s]   "ament_cmake", but CMake did not find one.
[0.379s] 
[0.380s]   Could not find a package configuration file provided by "ament_cmake" with
[0.380s]   any of the following names:
[0.380s] 
[0.380s]     ament_cmakeConfig.cmake
[0.380s]     ament_cmake-config.cmake
[0.380s] 
[0.380s]   Add the installation prefix of "ament_cmake" to CMAKE_PREFIX_PATH or set
[0.380s]   "ament_cmake_DIR" to a directory containing one of the above files.  If
[0.381s]   "ament_cmake" provides a separate development package or SDK, be sure it
[0.381s]   has been installed.
[0.381s] 
[0.381s] [0m
[0.381s] -- Configuring incomplete, errors occurred!
[0.381s] See also "/home/filip/ad_ws/build/bluespace_ai_xsens_mti_driver/CMakeFiles/CMakeOutput.log".
[0.383s] Invoked command in '/home/filip/ad_ws/build/bluespace_ai_xsens_mti_driver' returned '1': /usr/bin/cmake /home/filip/ad_ws/src/bluespace_ai_xsens_ros_mti_driver-ros2_0_galactic -DCMAKE_INSTALL_PREFIX=/home/filip/ad_ws/install/bluespace_ai_xsens_mti_driver
