[0.874s] Invoking command in '/home/filip/ad_ws/src/signal_operations': PYTHONPATH=/home/filip/ad_ws/build/signal_operations/prefix_override:/usr/lib/python3/dist-packages/colcon_core/task/python/colcon_distutils_commands:/home/filip/ad_ws/install/signal_operations/lib/python3.10/site-packages:${PYTHONPATH} /usr/bin/python3 -W ignore:setup.py install is deprecated setup.py egg_info --egg-base ../../build/signal_operations build --build-base /home/filip/ad_ws/build/signal_operations/build install --record /home/filip/ad_ws/build/signal_operations/install.log --single-version-externally-managed install_data
[1.134s] running egg_info
[1.135s] writing ../../build/signal_operations/signal_operations.egg-info/PKG-INFO
[1.136s] writing dependency_links to ../../build/signal_operations/signal_operations.egg-info/dependency_links.txt
[1.136s] writing entry points to ../../build/signal_operations/signal_operations.egg-info/entry_points.txt
[1.136s] writing requirements to ../../build/signal_operations/signal_operations.egg-info/requires.txt
[1.136s] writing top-level names to ../../build/signal_operations/signal_operations.egg-info/top_level.txt
[1.138s] reading manifest file '../../build/signal_operations/signal_operations.egg-info/SOURCES.txt'
[1.138s] adding license file 'LICENSE'
[1.138s] writing manifest file '../../build/signal_operations/signal_operations.egg-info/SOURCES.txt'
[1.139s] running build
[1.139s] running build_py
[1.139s] copying signal_operations/subscriber_function.py -> /home/filip/ad_ws/build/signal_operations/build/lib/signal_operations
[1.139s] running install
[1.139s] running install_lib
[1.140s] copying /home/filip/ad_ws/build/signal_operations/build/lib/signal_operations/subscriber_function.py -> /home/filip/ad_ws/install/signal_operations/lib/python3.10/site-packages/signal_operations
[1.141s] byte-compiling /home/filip/ad_ws/install/signal_operations/lib/python3.10/site-packages/signal_operations/subscriber_function.py to subscriber_function.cpython-310.pyc
[1.142s] running install_data
[1.142s] running install_egg_info
[1.144s] removing '/home/filip/ad_ws/install/signal_operations/lib/python3.10/site-packages/signal_operations-0.0.0-py3.10.egg-info' (and everything under it)
[1.144s] Copying ../../build/signal_operations/signal_operations.egg-info to /home/filip/ad_ws/install/signal_operations/lib/python3.10/site-packages/signal_operations-0.0.0-py3.10.egg-info
[1.145s] running install_scripts
[1.169s] Installing publisher script to /home/filip/ad_ws/install/signal_operations/lib/signal_operations
[1.169s] Installing subsriber script to /home/filip/ad_ws/install/signal_operations/lib/signal_operations
[1.170s] writing list of installed files to '/home/filip/ad_ws/build/signal_operations/install.log'
[1.192s] Invoked command in '/home/filip/ad_ws/src/signal_operations' returned '0': PYTHONPATH=/home/filip/ad_ws/build/signal_operations/prefix_override:/usr/lib/python3/dist-packages/colcon_core/task/python/colcon_distutils_commands:/home/filip/ad_ws/install/signal_operations/lib/python3.10/site-packages:${PYTHONPATH} /usr/bin/python3 -W ignore:setup.py install is deprecated setup.py egg_info --egg-base ../../build/signal_operations build --build-base /home/filip/ad_ws/build/signal_operations/build install --record /home/filip/ad_ws/build/signal_operations/install.log --single-version-externally-managed install_data
